#
# There is insufficient memory for the Java Runtime Environment to continue.
# Native memory allocation (malloc) failed to allocate 744816 bytes for Chunk::new
# Possible reasons:
#   The system is out of physical RAM or swap space
#   The process is running with CompressedOops enabled, and the Java Heap may be blocking the growth of the native heap
# Possible solutions:
#   Reduce memory load on the system
#   Increase physical memory or swap space
#   Check if swap backing store is full
#   Decrease Java heap size (-Xmx/-Xms)
#   Decrease number of Java threads
#   Decrease Java thread stack sizes (-Xss)
#   Set larger code cache with -XX:ReservedCodeCacheSize=
#   JVM is running with Unscaled Compressed Oops mode in which the Java heap is
#     placed in the first 4GB address space. The Java Heap base address is the
#     maximum limit for the native heap growth. Please use -XX:HeapBaseMinAddress
#     to set the Java Heap base and to place the Java Heap above 4GB virtual address.
# This output file may be truncated or incomplete.
#
#  Out of Memory Error (./open/src/hotspot/share/memory/arena.cpp:197), pid=27420, tid=22296
#
# JRE version: Java(TM) SE Runtime Environment 18.9 (11.0.13+10) (build 11.0.13+10-LTS-370)
# Java VM: Java HotSpot(TM) 64-Bit Server VM 18.9 (11.0.13+10-LTS-370, mixed mode, tiered, compressed oops, g1 gc, windows-amd64)
# No core dump will be written. Minidumps are not enabled by default on client versions of Windows
#

---------------  S U M M A R Y ------------

Command Line: --add-opens=java.base/java.util=ALL-UNNAMED --add-opens=java.base/java.lang=ALL-UNNAMED --add-opens=java.base/java.lang.invoke=ALL-UNNAMED --add-opens=java.prefs/java.util.prefs=ALL-UNNAMED --add-opens=java.base/java.nio.charset=ALL-UNNAMED --add-opens=java.base/java.net=ALL-UNNAMED --add-opens=java.base/java.util.concurrent.atomic=ALL-UNNAMED -XX:MaxMetaspaceSize=384m -XX:+HeapDumpOnOutOfMemoryError -Xms256m -Xmx512m -Dfile.encoding=GBK -Duser.country=KR -Duser.language=ko -Duser.variant -javaagent:C:\Users\sunna\.gradle\wrapper\dists\gradle-8.5-bin\5t9huq95ubn472n8rpzujfbqh\gradle-8.5\lib\agents\gradle-instrumentation-agent-8.5.jar org.gradle.launcher.daemon.bootstrap.GradleDaemon 8.5

Host: 11th Gen Intel(R) Core(TM) i7-1165G7 @ 2.80GHz, 8 cores, 15G,  Windows 10 , 64 bit Build 22621 (10.0.22621.3235)
Time: Sat Mar  9 13:29:49 2024 ?? ??? elapsed time: 8.559615 seconds (0d 0h 0m 8s)

---------------  T H R E A D  ---------------

Current thread (0x000001c56df29800):  JavaThread "C2 CompilerThread1" daemon [_thread_in_native, id=22296, stack(0x00000072f6500000,0x00000072f6600000)]


Current CompileTask:
C2:   8559 3120   !   4       jdk.internal.loader.URLClassPath$JarLoader::getResource (353 bytes)

Stack: [0x00000072f6500000,0x00000072f6600000]
Native frames: (J=compiled Java code, j=interpreted, Vv=VM code, C=native code)
V  [jvm.dll+0x62870a]
V  [jvm.dll+0x761f2f]
V  [jvm.dll+0x7635d9]
V  [jvm.dll+0x763c63]
V  [jvm.dll+0x23d728]
V  [jvm.dll+0xb293c]
V  [jvm.dll+0xb2efc]
V  [jvm.dll+0x3408b7]
V  [jvm.dll+0x18c9e1]
V  [jvm.dll+0x1f8362]
V  [jvm.dll+0x1f743d]
V  [jvm.dll+0x177991]
V  [jvm.dll+0x206d84]
V  [jvm.dll+0x204ebb]
V  [jvm.dll+0x727e70]
V  [jvm.dll+0x720a54]
V  [jvm.dll+0x627606]
C  [ucrtbase.dll+0x29363]
C  [KERNEL32.DLL+0x1257d]
C  [ntdll.dll+0x5aa58]


---------------  P R O C E S S  ---------------

Threads class SMR info:
_java_thread_list=0x000001c56ea32d00, length=33, elements={
0x000001c54e6c0800, 0x000001c56ac9e800, 0x000001c56b4da800, 0x000001c56b537800,
0x000001c56b538000, 0x000001c56b53b000, 0x000001c56b53c000, 0x000001c56b546800,
0x000001c56b544800, 0x000001c56b6d6800, 0x000001c56d150000, 0x000001c56b6f7000,
0x000001c56bd06000, 0x000001c56d543800, 0x000001c56d90a000, 0x000001c56d0e8000,
0x000001c56ce92800, 0x000001c56e134800, 0x000001c56d6f3000, 0x000001c56ec08000,
0x000001c56ec05800, 0x000001c56ec09000, 0x000001c56df29800, 0x000001c56ec05000,
0x000001c56e97f000, 0x000001c56ec06800, 0x000001c56ec07800, 0x000001c56ec03000,
0x000001c56ec0a000, 0x000001c56ec04000, 0x000001c56c6e6000, 0x000001c56c6ea000,
0x000001c56c6e7800
}

Java Threads: ( => current thread )
  0x000001c54e6c0800 JavaThread "main" [_thread_blocked, id=26124, stack(0x00000072f4000000,0x00000072f4100000)]
  0x000001c56ac9e800 JavaThread "Reference Handler" daemon [_thread_blocked, id=27716, stack(0x00000072f4700000,0x00000072f4800000)]
  0x000001c56b4da800 JavaThread "Finalizer" daemon [_thread_blocked, id=26900, stack(0x00000072f4800000,0x00000072f4900000)]
  0x000001c56b537800 JavaThread "Signal Dispatcher" daemon [_thread_blocked, id=11220, stack(0x00000072f4900000,0x00000072f4a00000)]
  0x000001c56b538000 JavaThread "Attach Listener" daemon [_thread_blocked, id=28384, stack(0x00000072f4a00000,0x00000072f4b00000)]
  0x000001c56b53b000 JavaThread "Service Thread" daemon [_thread_blocked, id=27028, stack(0x00000072f4b00000,0x00000072f4c00000)]
  0x000001c56b53c000 JavaThread "C2 CompilerThread0" daemon [_thread_in_native, id=24780, stack(0x00000072f4c00000,0x00000072f4d00000)]
  0x000001c56b546800 JavaThread "C1 CompilerThread0" daemon [_thread_in_native, id=26088, stack(0x00000072f4d00000,0x00000072f4e00000)]
  0x000001c56b544800 JavaThread "Sweeper thread" daemon [_thread_blocked, id=13888, stack(0x00000072f4e00000,0x00000072f4f00000)]
  0x000001c56b6d6800 JavaThread "Common-Cleaner" daemon [_thread_blocked, id=25968, stack(0x00000072f4f00000,0x00000072f5000000)]
  0x000001c56d150000 JavaThread "Daemon health stats" [_thread_blocked, id=26892, stack(0x00000072f5800000,0x00000072f5900000)]
  0x000001c56b6f7000 JavaThread "Incoming local TCP Connector on port 51807" [_thread_in_native, id=21692, stack(0x00000072f5000000,0x00000072f5100000)]
  0x000001c56bd06000 JavaThread "Daemon periodic checks" [_thread_blocked, id=9188, stack(0x00000072f5700000,0x00000072f5800000)]
  0x000001c56d543800 JavaThread "Daemon" [_thread_blocked, id=22152, stack(0x00000072f5900000,0x00000072f5a00000)]
  0x000001c56d90a000 JavaThread "Handler for socket connection from /127.0.0.1:51807 to /127.0.0.1:51808" [_thread_in_native, id=20212, stack(0x00000072f5a00000,0x00000072f5b00000)]
  0x000001c56d0e8000 JavaThread "Cancel handler" [_thread_blocked, id=25560, stack(0x00000072f5b00000,0x00000072f5c00000)]
  0x000001c56ce92800 JavaThread "Daemon worker" [_thread_in_Java, id=15900, stack(0x00000072f5c00000,0x00000072f5d00000)]
  0x000001c56e134800 JavaThread "Asynchronous log dispatcher for DefaultDaemonConnection: socket connection from /127.0.0.1:51807 to /127.0.0.1:51808" [_thread_blocked, id=11036, stack(0x00000072f5d00000,0x00000072f5e00000)]
  0x000001c56d6f3000 JavaThread "Stdin handler" [_thread_blocked, id=24324, stack(0x00000072f5e00000,0x00000072f5f00000)]
  0x000001c56ec08000 JavaThread "Daemon client event forwarder" [_thread_blocked, id=12464, stack(0x00000072f5f00000,0x00000072f6000000)]
  0x000001c56ec05800 JavaThread "Cache worker for journal cache (C:\Users\sunna\.gradle\caches\journal-1)" [_thread_blocked, id=22368, stack(0x00000072f6300000,0x00000072f6400000)]
  0x000001c56ec09000 JavaThread "File lock request listener" [_thread_in_native, id=6212, stack(0x00000072f6400000,0x00000072f6500000)]
=>0x000001c56df29800 JavaThread "C2 CompilerThread1" daemon [_thread_in_native, id=22296, stack(0x00000072f6500000,0x00000072f6600000)]
  0x000001c56ec05000 JavaThread "Cache worker for file hash cache (C:\Users\sunna\.gradle\caches\8.5\fileHashes)" [_thread_blocked, id=25272, stack(0x00000072f6600000,0x00000072f6700000)]
  0x000001c56e97f000 JavaThread "C2 CompilerThread2" daemon [_thread_in_native, id=5184, stack(0x00000072f6700000,0x00000072f6800000)]
  0x000001c56ec06800 JavaThread "File watcher server" daemon [_thread_in_native, id=24228, stack(0x00000072f6800000,0x00000072f6900000)]
  0x000001c56ec07800 JavaThread "File watcher consumer" daemon [_thread_blocked, id=27264, stack(0x00000072f6900000,0x00000072f6a00000)]
  0x000001c56ec03000 JavaThread "Cache worker for checksums cache (C:\Users\sunna\IdeaProjects\web\.gradle\8.5\checksums)" [_thread_blocked, id=26540, stack(0x00000072f6a00000,0x00000072f6b00000)]
  0x000001c56ec0a000 JavaThread "Cache worker for file hash cache (C:\Users\sunna\IdeaProjects\web\.gradle\8.5\fileHashes)" [_thread_blocked, id=25776, stack(0x00000072f6b00000,0x00000072f6c00000)]
  0x000001c56ec04000 JavaThread "Cache worker for cache directory md-supplier (C:\Users\sunna\.gradle\caches\8.5\md-supplier)" [_thread_blocked, id=14716, stack(0x00000072f6c00000,0x00000072f6d00000)]
  0x000001c56c6e6000 JavaThread "Cache worker for cache directory md-rule (C:\Users\sunna\.gradle\caches\8.5\md-rule)" [_thread_blocked, id=15784, stack(0x00000072f6d00000,0x00000072f6e00000)]
  0x000001c56c6ea000 JavaThread "Cache worker for file content cache (C:\Users\sunna\.gradle\caches\8.5\fileContent)" [_thread_blocked, id=25724, stack(0x00000072f6e00000,0x00000072f6f00000)]
  0x000001c56c6e7800 JavaThread "Cache worker for execution history cache (C:\Users\sunna\.gradle\caches\8.5\executionHistory)" [_thread_blocked, id=13464, stack(0x00000072f6f00000,0x00000072f7000000)]

Other Threads:
  0x000001c56ac9c000 VMThread "VM Thread" [stack: 0x00000072f4600000,0x00000072f4700000] [id=27220]
  0x000001c56b8a2800 WatcherThread [stack: 0x00000072f5100000,0x00000072f5200000] [id=24396]
  0x000001c54e6d5800 GCTaskThread "GC Thread#0" [stack: 0x00000072f4100000,0x00000072f4200000] [id=28544]
  0x000001c56c712800 GCTaskThread "GC Thread#1" [stack: 0x00000072f5200000,0x00000072f5300000] [id=21972]
  0x000001c56c613000 GCTaskThread "GC Thread#2" [stack: 0x00000072f5300000,0x00000072f5400000] [id=27424]
  0x000001c56c611800 GCTaskThread "GC Thread#3" [stack: 0x00000072f5400000,0x00000072f5500000] [id=25408]
  0x000001c56c610800 GCTaskThread "GC Thread#4" [stack: 0x00000072f5500000,0x00000072f5600000] [id=11624]
  0x000001c56c610000 GCTaskThread "GC Thread#5" [stack: 0x00000072f5600000,0x00000072f5700000] [id=28192]
  0x000001c56c613800 GCTaskThread "GC Thread#6" [stack: 0x00000072f6000000,0x00000072f6100000] [id=25176]
  0x000001c56c612000 GCTaskThread "GC Thread#7" [stack: 0x00000072f6100000,0x00000072f6200000] [id=23580]
  0x000001c54e6e6000 ConcurrentGCThread "G1 Main Marker" [stack: 0x00000072f4200000,0x00000072f4300000] [id=16048]
  0x000001c54e6ea000 ConcurrentGCThread "G1 Conc#0" [stack: 0x00000072f4300000,0x00000072f4400000] [id=24604]
  0x000001c56c614000 ConcurrentGCThread "G1 Conc#1" [stack: 0x00000072f6200000,0x00000072f6300000] [id=19360]
  0x000001c54e78e000 ConcurrentGCThread "G1 Refine#0" [stack: 0x00000072f4400000,0x00000072f4500000] [id=16660]
  0x000001c56ab2e800 ConcurrentGCThread "G1 Young RemSet Sampling" [stack: 0x00000072f4500000,0x00000072f4600000] [id=27944]

Threads with active compile tasks:
C2 CompilerThread0   8582 2974       4       jdk.internal.loader.URLClassPath::getResource (74 bytes)
C2 CompilerThread1   8582 3120   !   4       jdk.internal.loader.URLClassPath$JarLoader::getResource (353 bytes)
C2 CompilerThread2   8582 3257       4       java.util.HashMap::put (13 bytes)

VM state:not at safepoint (normal execution)

VM Mutex/Monitor currently owned by a thread: None

Heap address: 0x00000000e0000000, size: 512 MB, Compressed Oops mode: 32-bit
Narrow klass base: 0x0000000000000000, Narrow klass shift: 3
Compressed class space size: 394264576 Address: 0x0000000100000000

Heap:
 garbage-first heap   total 262144K, used 37585K [0x00000000e0000000, 0x0000000100000000)
  region size 1024K, 22 young (22528K), 7 survivors (7168K)
 Metaspace       used 38618K, capacity 39578K, committed 39676K, reserved 419840K
  class space    used 5034K, capacity 5397K, committed 5452K, reserved 385024K
Heap Regions: E=young(eden), S=young(survivor), O=old, HS=humongous(starts), HC=humongous(continues), CS=collection set, F=free, A=archive, TAMS=top-at-mark-start (previous, next)
|   0|0x00000000e0000000, 0x00000000e0100000, 0x00000000e0100000|100%|HS|  |TAMS 0x00000000e0100000, 0x00000000e0000000| Complete 
|   1|0x00000000e0100000, 0x00000000e0200000, 0x00000000e0200000|100%|HC|  |TAMS 0x00000000e0200000, 0x00000000e0100000| Complete 
|   2|0x00000000e0200000, 0x00000000e0300000, 0x00000000e0300000|100%|HC|  |TAMS 0x00000000e0300000, 0x00000000e0200000| Complete 
|   3|0x00000000e0300000, 0x00000000e0400000, 0x00000000e0400000|100%|HC|  |TAMS 0x00000000e0400000, 0x00000000e0300000| Complete 
|   4|0x00000000e0400000, 0x00000000e0500000, 0x00000000e0500000|100%| O|  |TAMS 0x00000000e0500000, 0x00000000e0400000| Untracked 
|   5|0x00000000e0500000, 0x00000000e0600000, 0x00000000e0600000|100%| O|  |TAMS 0x00000000e0600000, 0x00000000e0500000| Untracked 
|   6|0x00000000e0600000, 0x00000000e0700000, 0x00000000e0700000|100%| O|  |TAMS 0x00000000e0700000, 0x00000000e0600000| Untracked 
|   7|0x00000000e0700000, 0x00000000e0800000, 0x00000000e0800000|100%| O|  |TAMS 0x00000000e0800000, 0x00000000e0700000| Untracked 
|   8|0x00000000e0800000, 0x00000000e0900000, 0x00000000e0900000|100%| O|  |TAMS 0x00000000e0900000, 0x00000000e0800000| Untracked 
|   9|0x00000000e0900000, 0x00000000e0a00000, 0x00000000e0a00000|100%| O|  |TAMS 0x00000000e0a00000, 0x00000000e0900000| Untracked 
|  10|0x00000000e0a00000, 0x00000000e0b00000, 0x00000000e0b00000|100%| O|  |TAMS 0x00000000e0b00000, 0x00000000e0a00000| Untracked 
|  11|0x00000000e0b00000, 0x00000000e0c00000, 0x00000000e0c00000|100%| O|  |TAMS 0x00000000e0c00000, 0x00000000e0b00000| Untracked 
|  12|0x00000000e0c00000, 0x00000000e0d00000, 0x00000000e0d00000|100%| O|  |TAMS 0x00000000e0d00000, 0x00000000e0c00000| Untracked 
|  13|0x00000000e0d00000, 0x00000000e0e00000, 0x00000000e0e00000|100%| O|  |TAMS 0x00000000e0e00000, 0x00000000e0d00000| Untracked 
|  14|0x00000000e0e00000, 0x00000000e0f00000, 0x00000000e0f00000|100%| O|  |TAMS 0x00000000e0f00000, 0x00000000e0e00000| Untracked 
|  15|0x00000000e0f00000, 0x00000000e1000000, 0x00000000e1000000|100%| O|  |TAMS 0x00000000e1000000, 0x00000000e0f00000| Untracked 
|  16|0x00000000e1000000, 0x00000000e10bca00, 0x00000000e1100000| 73%| O|  |TAMS 0x00000000e10bca00, 0x00000000e1000000| Untracked 
|  17|0x00000000e1100000, 0x00000000e1100000, 0x00000000e1200000|  0%| F|  |TAMS 0x00000000e1100000, 0x00000000e1100000| Untracked 
|  18|0x00000000e1200000, 0x00000000e1200000, 0x00000000e1300000|  0%| F|  |TAMS 0x00000000e1200000, 0x00000000e1200000| Untracked 
|  19|0x00000000e1300000, 0x00000000e1300000, 0x00000000e1400000|  0%| F|  |TAMS 0x00000000e1300000, 0x00000000e1300000| Untracked 
|  20|0x00000000e1400000, 0x00000000e1400000, 0x00000000e1500000|  0%| F|  |TAMS 0x00000000e1400000, 0x00000000e1400000| Untracked 
|  21|0x00000000e1500000, 0x00000000e1500000, 0x00000000e1600000|  0%| F|  |TAMS 0x00000000e1500000, 0x00000000e1500000| Untracked 
|  22|0x00000000e1600000, 0x00000000e1600000, 0x00000000e1700000|  0%| F|  |TAMS 0x00000000e1600000, 0x00000000e1600000| Untracked 
|  23|0x00000000e1700000, 0x00000000e1700000, 0x00000000e1800000|  0%| F|  |TAMS 0x00000000e1700000, 0x00000000e1700000| Untracked 
|  24|0x00000000e1800000, 0x00000000e1800000, 0x00000000e1900000|  0%| F|  |TAMS 0x00000000e1800000, 0x00000000e1800000| Untracked 
|  25|0x00000000e1900000, 0x00000000e1900000, 0x00000000e1a00000|  0%| F|  |TAMS 0x00000000e1900000, 0x00000000e1900000| Untracked 
|  26|0x00000000e1a00000, 0x00000000e1a00000, 0x00000000e1b00000|  0%| F|  |TAMS 0x00000000e1a00000, 0x00000000e1a00000| Untracked 
|  27|0x00000000e1b00000, 0x00000000e1b00000, 0x00000000e1c00000|  0%| F|  |TAMS 0x00000000e1b00000, 0x00000000e1b00000| Untracked 
|  28|0x00000000e1c00000, 0x00000000e1c00000, 0x00000000e1d00000|  0%| F|  |TAMS 0x00000000e1c00000, 0x00000000e1c00000| Untracked 
|  29|0x00000000e1d00000, 0x00000000e1d00000, 0x00000000e1e00000|  0%| F|  |TAMS 0x00000000e1d00000, 0x00000000e1d00000| Untracked 
|  30|0x00000000e1e00000, 0x00000000e1e00000, 0x00000000e1f00000|  0%| F|  |TAMS 0x00000000e1e00000, 0x00000000e1e00000| Untracked 
|  31|0x00000000e1f00000, 0x00000000e1f00000, 0x00000000e2000000|  0%| F|  |TAMS 0x00000000e1f00000, 0x00000000e1f00000| Untracked 
|  32|0x00000000e2000000, 0x00000000e2000000, 0x00000000e2100000|  0%| F|  |TAMS 0x00000000e2000000, 0x00000000e2000000| Untracked 
|  33|0x00000000e2100000, 0x00000000e2100000, 0x00000000e2200000|  0%| F|  |TAMS 0x00000000e2100000, 0x00000000e2100000| Untracked 
|  34|0x00000000e2200000, 0x00000000e2200000, 0x00000000e2300000|  0%| F|  |TAMS 0x00000000e2200000, 0x00000000e2200000| Untracked 
|  35|0x00000000e2300000, 0x00000000e2300000, 0x00000000e2400000|  0%| F|  |TAMS 0x00000000e2300000, 0x00000000e2300000| Untracked 
|  36|0x00000000e2400000, 0x00000000e2400000, 0x00000000e2500000|  0%| F|  |TAMS 0x00000000e2400000, 0x00000000e2400000| Untracked 
|  37|0x00000000e2500000, 0x00000000e2500000, 0x00000000e2600000|  0%| F|  |TAMS 0x00000000e2500000, 0x00000000e2500000| Untracked 
|  38|0x00000000e2600000, 0x00000000e2600000, 0x00000000e2700000|  0%| F|  |TAMS 0x00000000e2600000, 0x00000000e2600000| Untracked 
|  39|0x00000000e2700000, 0x00000000e2700000, 0x00000000e2800000|  0%| F|  |TAMS 0x00000000e2700000, 0x00000000e2700000| Untracked 
|  40|0x00000000e2800000, 0x00000000e2800000, 0x00000000e2900000|  0%| F|  |TAMS 0x00000000e2800000, 0x00000000e2800000| Untracked 
|  41|0x00000000e2900000, 0x00000000e2900000, 0x00000000e2a00000|  0%| F|  |TAMS 0x00000000e2900000, 0x00000000e2900000| Untracked 
|  42|0x00000000e2a00000, 0x00000000e2a00000, 0x00000000e2b00000|  0%| F|  |TAMS 0x00000000e2a00000, 0x00000000e2a00000| Untracked 
|  43|0x00000000e2b00000, 0x00000000e2b00000, 0x00000000e2c00000|  0%| F|  |TAMS 0x00000000e2b00000, 0x00000000e2b00000| Untracked 
|  44|0x00000000e2c00000, 0x00000000e2c00000, 0x00000000e2d00000|  0%| F|  |TAMS 0x00000000e2c00000, 0x00000000e2c00000| Untracked 
|  45|0x00000000e2d00000, 0x00000000e2d00000, 0x00000000e2e00000|  0%| F|  |TAMS 0x00000000e2d00000, 0x00000000e2d00000| Untracked 
|  46|0x00000000e2e00000, 0x00000000e2e00000, 0x00000000e2f00000|  0%| F|  |TAMS 0x00000000e2e00000, 0x00000000e2e00000| Untracked 
|  47|0x00000000e2f00000, 0x00000000e2f00000, 0x00000000e3000000|  0%| F|  |TAMS 0x00000000e2f00000, 0x00000000e2f00000| Untracked 
|  48|0x00000000e3000000, 0x00000000e3000000, 0x00000000e3100000|  0%| F|  |TAMS 0x00000000e3000000, 0x00000000e3000000| Untracked 
|  49|0x00000000e3100000, 0x00000000e3100000, 0x00000000e3200000|  0%| F|  |TAMS 0x00000000e3100000, 0x00000000e3100000| Untracked 
|  50|0x00000000e3200000, 0x00000000e3200000, 0x00000000e3300000|  0%| F|  |TAMS 0x00000000e3200000, 0x00000000e3200000| Untracked 
|  51|0x00000000e3300000, 0x00000000e3300000, 0x00000000e3400000|  0%| F|  |TAMS 0x00000000e3300000, 0x00000000e3300000| Untracked 
|  52|0x00000000e3400000, 0x00000000e3400000, 0x00000000e3500000|  0%| F|  |TAMS 0x00000000e3400000, 0x00000000e3400000| Untracked 
|  53|0x00000000e3500000, 0x00000000e3500000, 0x00000000e3600000|  0%| F|  |TAMS 0x00000000e3500000, 0x00000000e3500000| Untracked 
|  54|0x00000000e3600000, 0x00000000e3600000, 0x00000000e3700000|  0%| F|  |TAMS 0x00000000e3600000, 0x00000000e3600000| Untracked 
|  55|0x00000000e3700000, 0x00000000e3700000, 0x00000000e3800000|  0%| F|  |TAMS 0x00000000e3700000, 0x00000000e3700000| Untracked 
|  56|0x00000000e3800000, 0x00000000e3800000, 0x00000000e3900000|  0%| F|  |TAMS 0x00000000e3800000, 0x00000000e3800000| Untracked 
|  57|0x00000000e3900000, 0x00000000e3900000, 0x00000000e3a00000|  0%| F|  |TAMS 0x00000000e3900000, 0x00000000e3900000| Untracked 
|  58|0x00000000e3a00000, 0x00000000e3a00000, 0x00000000e3b00000|  0%| F|  |TAMS 0x00000000e3a00000, 0x00000000e3a00000| Untracked 
|  59|0x00000000e3b00000, 0x00000000e3b00000, 0x00000000e3c00000|  0%| F|  |TAMS 0x00000000e3b00000, 0x00000000e3b00000| Untracked 
|  60|0x00000000e3c00000, 0x00000000e3c00000, 0x00000000e3d00000|  0%| F|  |TAMS 0x00000000e3c00000, 0x00000000e3c00000| Untracked 
|  61|0x00000000e3d00000, 0x00000000e3d00000, 0x00000000e3e00000|  0%| F|  |TAMS 0x00000000e3d00000, 0x00000000e3d00000| Untracked 
|  62|0x00000000e3e00000, 0x00000000e3e00000, 0x00000000e3f00000|  0%| F|  |TAMS 0x00000000e3e00000, 0x00000000e3e00000| Untracked 
|  63|0x00000000e3f00000, 0x00000000e3f00000, 0x00000000e4000000|  0%| F|  |TAMS 0x00000000e3f00000, 0x00000000e3f00000| Untracked 
|  64|0x00000000e4000000, 0x00000000e4000000, 0x00000000e4100000|  0%| F|  |TAMS 0x00000000e4000000, 0x00000000e4000000| Untracked 
|  65|0x00000000e4100000, 0x00000000e4100000, 0x00000000e4200000|  0%| F|  |TAMS 0x00000000e4100000, 0x00000000e4100000| Untracked 
|  66|0x00000000e4200000, 0x00000000e4200000, 0x00000000e4300000|  0%| F|  |TAMS 0x00000000e4200000, 0x00000000e4200000| Untracked 
|  67|0x00000000e4300000, 0x00000000e4300000, 0x00000000e4400000|  0%| F|  |TAMS 0x00000000e4300000, 0x00000000e4300000| Untracked 
|  68|0x00000000e4400000, 0x00000000e4400000, 0x00000000e4500000|  0%| F|  |TAMS 0x00000000e4400000, 0x00000000e4400000| Untracked 
|  69|0x00000000e4500000, 0x00000000e4500000, 0x00000000e4600000|  0%| F|  |TAMS 0x00000000e4500000, 0x00000000e4500000| Untracked 
|  70|0x00000000e4600000, 0x00000000e4600000, 0x00000000e4700000|  0%| F|  |TAMS 0x00000000e4600000, 0x00000000e4600000| Untracked 
|  71|0x00000000e4700000, 0x00000000e4700000, 0x00000000e4800000|  0%| F|  |TAMS 0x00000000e4700000, 0x00000000e4700000| Untracked 
|  72|0x00000000e4800000, 0x00000000e4800000, 0x00000000e4900000|  0%| F|  |TAMS 0x00000000e4800000, 0x00000000e4800000| Untracked 
|  73|0x00000000e4900000, 0x00000000e4900000, 0x00000000e4a00000|  0%| F|  |TAMS 0x00000000e4900000, 0x00000000e4900000| Untracked 
|  74|0x00000000e4a00000, 0x00000000e4a00000, 0x00000000e4b00000|  0%| F|  |TAMS 0x00000000e4a00000, 0x00000000e4a00000| Untracked 
|  75|0x00000000e4b00000, 0x00000000e4b00000, 0x00000000e4c00000|  0%| F|  |TAMS 0x00000000e4b00000, 0x00000000e4b00000| Untracked 
|  76|0x00000000e4c00000, 0x00000000e4c00000, 0x00000000e4d00000|  0%| F|  |TAMS 0x00000000e4c00000, 0x00000000e4c00000| Untracked 
|  77|0x00000000e4d00000, 0x00000000e4d00000, 0x00000000e4e00000|  0%| F|  |TAMS 0x00000000e4d00000, 0x00000000e4d00000| Untracked 
|  78|0x00000000e4e00000, 0x00000000e4e00000, 0x00000000e4f00000|  0%| F|  |TAMS 0x00000000e4e00000, 0x00000000e4e00000| Untracked 
|  79|0x00000000e4f00000, 0x00000000e4f00000, 0x00000000e5000000|  0%| F|  |TAMS 0x00000000e4f00000, 0x00000000e4f00000| Untracked 
|  80|0x00000000e5000000, 0x00000000e5000000, 0x00000000e5100000|  0%| F|  |TAMS 0x00000000e5000000, 0x00000000e5000000| Untracked 
|  81|0x00000000e5100000, 0x00000000e5100000, 0x00000000e5200000|  0%| F|  |TAMS 0x00000000e5100000, 0x00000000e5100000| Untracked 
|  82|0x00000000e5200000, 0x00000000e5200000, 0x00000000e5300000|  0%| F|  |TAMS 0x00000000e5200000, 0x00000000e5200000| Untracked 
|  83|0x00000000e5300000, 0x00000000e5300000, 0x00000000e5400000|  0%| F|  |TAMS 0x00000000e5300000, 0x00000000e5300000| Untracked 
|  84|0x00000000e5400000, 0x00000000e5400000, 0x00000000e5500000|  0%| F|  |TAMS 0x00000000e5400000, 0x00000000e5400000| Untracked 
|  85|0x00000000e5500000, 0x00000000e5500000, 0x00000000e5600000|  0%| F|  |TAMS 0x00000000e5500000, 0x00000000e5500000| Untracked 
|  86|0x00000000e5600000, 0x00000000e5600000, 0x00000000e5700000|  0%| F|  |TAMS 0x00000000e5600000, 0x00000000e5600000| Untracked 
|  87|0x00000000e5700000, 0x00000000e5700000, 0x00000000e5800000|  0%| F|  |TAMS 0x00000000e5700000, 0x00000000e5700000| Untracked 
|  88|0x00000000e5800000, 0x00000000e5800000, 0x00000000e5900000|  0%| F|  |TAMS 0x00000000e5800000, 0x00000000e5800000| Untracked 
|  89|0x00000000e5900000, 0x00000000e5900000, 0x00000000e5a00000|  0%| F|  |TAMS 0x00000000e5900000, 0x00000000e5900000| Untracked 
|  90|0x00000000e5a00000, 0x00000000e5a00000, 0x00000000e5b00000|  0%| F|  |TAMS 0x00000000e5a00000, 0x00000000e5a00000| Untracked 
|  91|0x00000000e5b00000, 0x00000000e5b00000, 0x00000000e5c00000|  0%| F|  |TAMS 0x00000000e5b00000, 0x00000000e5b00000| Untracked 
|  92|0x00000000e5c00000, 0x00000000e5c00000, 0x00000000e5d00000|  0%| F|  |TAMS 0x00000000e5c00000, 0x00000000e5c00000| Untracked 
|  93|0x00000000e5d00000, 0x00000000e5d00000, 0x00000000e5e00000|  0%| F|  |TAMS 0x00000000e5d00000, 0x00000000e5d00000| Untracked 
|  94|0x00000000e5e00000, 0x00000000e5e00000, 0x00000000e5f00000|  0%| F|  |TAMS 0x00000000e5e00000, 0x00000000e5e00000| Untracked 
|  95|0x00000000e5f00000, 0x00000000e5f00000, 0x00000000e6000000|  0%| F|  |TAMS 0x00000000e5f00000, 0x00000000e5f00000| Untracked 
|  96|0x00000000e6000000, 0x00000000e6000000, 0x00000000e6100000|  0%| F|  |TAMS 0x00000000e6000000, 0x00000000e6000000| Untracked 
|  97|0x00000000e6100000, 0x00000000e6100000, 0x00000000e6200000|  0%| F|  |TAMS 0x00000000e6100000, 0x00000000e6100000| Untracked 
|  98|0x00000000e6200000, 0x00000000e6200000, 0x00000000e6300000|  0%| F|  |TAMS 0x00000000e6200000, 0x00000000e6200000| Untracked 
|  99|0x00000000e6300000, 0x00000000e6300000, 0x00000000e6400000|  0%| F|  |TAMS 0x00000000e6300000, 0x00000000e6300000| Untracked 
| 100|0x00000000e6400000, 0x00000000e6400000, 0x00000000e6500000|  0%| F|  |TAMS 0x00000000e6400000, 0x00000000e6400000| Untracked 
| 101|0x00000000e6500000, 0x00000000e6500000, 0x00000000e6600000|  0%| F|  |TAMS 0x00000000e6500000, 0x00000000e6500000| Untracked 
| 102|0x00000000e6600000, 0x00000000e6600000, 0x00000000e6700000|  0%| F|  |TAMS 0x00000000e6600000, 0x00000000e6600000| Untracked 
| 103|0x00000000e6700000, 0x00000000e6700000, 0x00000000e6800000|  0%| F|  |TAMS 0x00000000e6700000, 0x00000000e6700000| Untracked 
| 104|0x00000000e6800000, 0x00000000e6800000, 0x00000000e6900000|  0%| F|  |TAMS 0x00000000e6800000, 0x00000000e6800000| Untracked 
| 105|0x00000000e6900000, 0x00000000e6900000, 0x00000000e6a00000|  0%| F|  |TAMS 0x00000000e6900000, 0x00000000e6900000| Untracked 
| 106|0x00000000e6a00000, 0x00000000e6a00000, 0x00000000e6b00000|  0%| F|  |TAMS 0x00000000e6a00000, 0x00000000e6a00000| Untracked 
| 107|0x00000000e6b00000, 0x00000000e6b00000, 0x00000000e6c00000|  0%| F|  |TAMS 0x00000000e6b00000, 0x00000000e6b00000| Untracked 
| 108|0x00000000e6c00000, 0x00000000e6c00000, 0x00000000e6d00000|  0%| F|  |TAMS 0x00000000e6c00000, 0x00000000e6c00000| Untracked 
| 109|0x00000000e6d00000, 0x00000000e6d00000, 0x00000000e6e00000|  0%| F|  |TAMS 0x00000000e6d00000, 0x00000000e6d00000| Untracked 
| 110|0x00000000e6e00000, 0x00000000e6e00000, 0x00000000e6f00000|  0%| F|  |TAMS 0x00000000e6e00000, 0x00000000e6e00000| Untracked 
| 111|0x00000000e6f00000, 0x00000000e6f00000, 0x00000000e7000000|  0%| F|  |TAMS 0x00000000e6f00000, 0x00000000e6f00000| Untracked 
| 112|0x00000000e7000000, 0x00000000e7000000, 0x00000000e7100000|  0%| F|  |TAMS 0x00000000e7000000, 0x00000000e7000000| Untracked 
| 113|0x00000000e7100000, 0x00000000e7100000, 0x00000000e7200000|  0%| F|  |TAMS 0x00000000e7100000, 0x00000000e7100000| Untracked 
| 114|0x00000000e7200000, 0x00000000e7200000, 0x00000000e7300000|  0%| F|  |TAMS 0x00000000e7200000, 0x00000000e7200000| Untracked 
| 115|0x00000000e7300000, 0x00000000e7300000, 0x00000000e7400000|  0%| F|  |TAMS 0x00000000e7300000, 0x00000000e7300000| Untracked 
| 116|0x00000000e7400000, 0x00000000e7400000, 0x00000000e7500000|  0%| F|  |TAMS 0x00000000e7400000, 0x00000000e7400000| Untracked 
| 117|0x00000000e7500000, 0x00000000e7500000, 0x00000000e7600000|  0%| F|  |TAMS 0x00000000e7500000, 0x00000000e7500000| Untracked 
| 118|0x00000000e7600000, 0x00000000e7600000, 0x00000000e7700000|  0%| F|  |TAMS 0x00000000e7600000, 0x00000000e7600000| Untracked 
| 119|0x00000000e7700000, 0x00000000e7700000, 0x00000000e7800000|  0%| F|  |TAMS 0x00000000e7700000, 0x00000000e7700000| Untracked 
| 120|0x00000000e7800000, 0x00000000e7800000, 0x00000000e7900000|  0%| F|  |TAMS 0x00000000e7800000, 0x00000000e7800000| Untracked 
| 121|0x00000000e7900000, 0x00000000e7900000, 0x00000000e7a00000|  0%| F|  |TAMS 0x00000000e7900000, 0x00000000e7900000| Untracked 
| 122|0x00000000e7a00000, 0x00000000e7a00000, 0x00000000e7b00000|  0%| F|  |TAMS 0x00000000e7a00000, 0x00000000e7a00000| Untracked 
| 123|0x00000000e7b00000, 0x00000000e7b00000, 0x00000000e7c00000|  0%| F|  |TAMS 0x00000000e7b00000, 0x00000000e7b00000| Untracked 
| 124|0x00000000e7c00000, 0x00000000e7c00000, 0x00000000e7d00000|  0%| F|  |TAMS 0x00000000e7c00000, 0x00000000e7c00000| Untracked 
| 125|0x00000000e7d00000, 0x00000000e7d00000, 0x00000000e7e00000|  0%| F|  |TAMS 0x00000000e7d00000, 0x00000000e7d00000| Untracked 
| 126|0x00000000e7e00000, 0x00000000e7e00000, 0x00000000e7f00000|  0%| F|  |TAMS 0x00000000e7e00000, 0x00000000e7e00000| Untracked 
| 127|0x00000000e7f00000, 0x00000000e7f00000, 0x00000000e8000000|  0%| F|  |TAMS 0x00000000e7f00000, 0x00000000e7f00000| Untracked 
| 128|0x00000000e8000000, 0x00000000e8000000, 0x00000000e8100000|  0%| F|  |TAMS 0x00000000e8000000, 0x00000000e8000000| Untracked 
| 129|0x00000000e8100000, 0x00000000e8100000, 0x00000000e8200000|  0%| F|  |TAMS 0x00000000e8100000, 0x00000000e8100000| Untracked 
| 130|0x00000000e8200000, 0x00000000e8200000, 0x00000000e8300000|  0%| F|  |TAMS 0x00000000e8200000, 0x00000000e8200000| Untracked 
| 131|0x00000000e8300000, 0x00000000e8300000, 0x00000000e8400000|  0%| F|  |TAMS 0x00000000e8300000, 0x00000000e8300000| Untracked 
| 132|0x00000000e8400000, 0x00000000e8400000, 0x00000000e8500000|  0%| F|  |TAMS 0x00000000e8400000, 0x00000000e8400000| Untracked 
| 133|0x00000000e8500000, 0x00000000e8500000, 0x00000000e8600000|  0%| F|  |TAMS 0x00000000e8500000, 0x00000000e8500000| Untracked 
| 134|0x00000000e8600000, 0x00000000e8600000, 0x00000000e8700000|  0%| F|  |TAMS 0x00000000e8600000, 0x00000000e8600000| Untracked 
| 135|0x00000000e8700000, 0x00000000e8700000, 0x00000000e8800000|  0%| F|  |TAMS 0x00000000e8700000, 0x00000000e8700000| Untracked 
| 136|0x00000000e8800000, 0x00000000e8800000, 0x00000000e8900000|  0%| F|  |TAMS 0x00000000e8800000, 0x00000000e8800000| Untracked 
| 137|0x00000000e8900000, 0x00000000e8900000, 0x00000000e8a00000|  0%| F|  |TAMS 0x00000000e8900000, 0x00000000e8900000| Untracked 
| 138|0x00000000e8a00000, 0x00000000e8a00000, 0x00000000e8b00000|  0%| F|  |TAMS 0x00000000e8a00000, 0x00000000e8a00000| Untracked 
| 139|0x00000000e8b00000, 0x00000000e8b00000, 0x00000000e8c00000|  0%| F|  |TAMS 0x00000000e8b00000, 0x00000000e8b00000| Untracked 
| 140|0x00000000e8c00000, 0x00000000e8c00000, 0x00000000e8d00000|  0%| F|  |TAMS 0x00000000e8c00000, 0x00000000e8c00000| Untracked 
| 141|0x00000000e8d00000, 0x00000000e8d00000, 0x00000000e8e00000|  0%| F|  |TAMS 0x00000000e8d00000, 0x00000000e8d00000| Untracked 
| 142|0x00000000e8e00000, 0x00000000e8e00000, 0x00000000e8f00000|  0%| F|  |TAMS 0x00000000e8e00000, 0x00000000e8e00000| Untracked 
| 143|0x00000000e8f00000, 0x00000000e8f00000, 0x00000000e9000000|  0%| F|  |TAMS 0x00000000e8f00000, 0x00000000e8f00000| Untracked 
| 144|0x00000000e9000000, 0x00000000e9000000, 0x00000000e9100000|  0%| F|  |TAMS 0x00000000e9000000, 0x00000000e9000000| Untracked 
| 145|0x00000000e9100000, 0x00000000e9100000, 0x00000000e9200000|  0%| F|  |TAMS 0x00000000e9100000, 0x00000000e9100000| Untracked 
| 146|0x00000000e9200000, 0x00000000e9200000, 0x00000000e9300000|  0%| F|  |TAMS 0x00000000e9200000, 0x00000000e9200000| Untracked 
| 147|0x00000000e9300000, 0x00000000e9300000, 0x00000000e9400000|  0%| F|  |TAMS 0x00000000e9300000, 0x00000000e9300000| Untracked 
| 148|0x00000000e9400000, 0x00000000e9400000, 0x00000000e9500000|  0%| F|  |TAMS 0x00000000e9400000, 0x00000000e9400000| Untracked 
| 149|0x00000000e9500000, 0x00000000e9500000, 0x00000000e9600000|  0%| F|  |TAMS 0x00000000e9500000, 0x00000000e9500000| Untracked 
| 150|0x00000000e9600000, 0x00000000e9600000, 0x00000000e9700000|  0%| F|  |TAMS 0x00000000e9600000, 0x00000000e9600000| Untracked 
| 151|0x00000000e9700000, 0x00000000e9700000, 0x00000000e9800000|  0%| F|  |TAMS 0x00000000e9700000, 0x00000000e9700000| Untracked 
| 152|0x00000000e9800000, 0x00000000e9800000, 0x00000000e9900000|  0%| F|  |TAMS 0x00000000e9800000, 0x00000000e9800000| Untracked 
| 153|0x00000000e9900000, 0x00000000e9900000, 0x00000000e9a00000|  0%| F|  |TAMS 0x00000000e9900000, 0x00000000e9900000| Untracked 
| 154|0x00000000e9a00000, 0x00000000e9a00000, 0x00000000e9b00000|  0%| F|  |TAMS 0x00000000e9a00000, 0x00000000e9a00000| Untracked 
| 155|0x00000000e9b00000, 0x00000000e9b00000, 0x00000000e9c00000|  0%| F|  |TAMS 0x00000000e9b00000, 0x00000000e9b00000| Untracked 
| 156|0x00000000e9c00000, 0x00000000e9c00000, 0x00000000e9d00000|  0%| F|  |TAMS 0x00000000e9c00000, 0x00000000e9c00000| Untracked 
| 157|0x00000000e9d00000, 0x00000000e9d00000, 0x00000000e9e00000|  0%| F|  |TAMS 0x00000000e9d00000, 0x00000000e9d00000| Untracked 
| 158|0x00000000e9e00000, 0x00000000e9e00000, 0x00000000e9f00000|  0%| F|  |TAMS 0x00000000e9e00000, 0x00000000e9e00000| Untracked 
| 159|0x00000000e9f00000, 0x00000000e9f00000, 0x00000000ea000000|  0%| F|  |TAMS 0x00000000e9f00000, 0x00000000e9f00000| Untracked 
| 160|0x00000000ea000000, 0x00000000ea000000, 0x00000000ea100000|  0%| F|  |TAMS 0x00000000ea000000, 0x00000000ea000000| Untracked 
| 161|0x00000000ea100000, 0x00000000ea100000, 0x00000000ea200000|  0%| F|  |TAMS 0x00000000ea100000, 0x00000000ea100000| Untracked 
| 162|0x00000000ea200000, 0x00000000ea200000, 0x00000000ea300000|  0%| F|  |TAMS 0x00000000ea200000, 0x00000000ea200000| Untracked 
| 163|0x00000000ea300000, 0x00000000ea300000, 0x00000000ea400000|  0%| F|  |TAMS 0x00000000ea300000, 0x00000000ea300000| Untracked 
| 164|0x00000000ea400000, 0x00000000ea400000, 0x00000000ea500000|  0%| F|  |TAMS 0x00000000ea400000, 0x00000000ea400000| Untracked 
| 165|0x00000000ea500000, 0x00000000ea500000, 0x00000000ea600000|  0%| F|  |TAMS 0x00000000ea500000, 0x00000000ea500000| Untracked 
| 166|0x00000000ea600000, 0x00000000ea600000, 0x00000000ea700000|  0%| F|  |TAMS 0x00000000ea600000, 0x00000000ea600000| Untracked 
| 167|0x00000000ea700000, 0x00000000ea700000, 0x00000000ea800000|  0%| F|  |TAMS 0x00000000ea700000, 0x00000000ea700000| Untracked 
| 168|0x00000000ea800000, 0x00000000ea800000, 0x00000000ea900000|  0%| F|  |TAMS 0x00000000ea800000, 0x00000000ea800000| Untracked 
| 169|0x00000000ea900000, 0x00000000ea900000, 0x00000000eaa00000|  0%| F|  |TAMS 0x00000000ea900000, 0x00000000ea900000| Untracked 
| 170|0x00000000eaa00000, 0x00000000eaa00000, 0x00000000eab00000|  0%| F|  |TAMS 0x00000000eaa00000, 0x00000000eaa00000| Untracked 
| 171|0x00000000eab00000, 0x00000000eab00000, 0x00000000eac00000|  0%| F|  |TAMS 0x00000000eab00000, 0x00000000eab00000| Untracked 
| 172|0x00000000eac00000, 0x00000000eac00000, 0x00000000ead00000|  0%| F|  |TAMS 0x00000000eac00000, 0x00000000eac00000| Untracked 
| 173|0x00000000ead00000, 0x00000000ead00000, 0x00000000eae00000|  0%| F|  |TAMS 0x00000000ead00000, 0x00000000ead00000| Untracked 
| 174|0x00000000eae00000, 0x00000000eae00000, 0x00000000eaf00000|  0%| F|  |TAMS 0x00000000eae00000, 0x00000000eae00000| Untracked 
| 175|0x00000000eaf00000, 0x00000000eaf00000, 0x00000000eb000000|  0%| F|  |TAMS 0x00000000eaf00000, 0x00000000eaf00000| Untracked 
| 176|0x00000000eb000000, 0x00000000eb000000, 0x00000000eb100000|  0%| F|  |TAMS 0x00000000eb000000, 0x00000000eb000000| Untracked 
| 177|0x00000000eb100000, 0x00000000eb100000, 0x00000000eb200000|  0%| F|  |TAMS 0x00000000eb100000, 0x00000000eb100000| Untracked 
| 178|0x00000000eb200000, 0x00000000eb200000, 0x00000000eb300000|  0%| F|  |TAMS 0x00000000eb200000, 0x00000000eb200000| Untracked 
| 179|0x00000000eb300000, 0x00000000eb300000, 0x00000000eb400000|  0%| F|  |TAMS 0x00000000eb300000, 0x00000000eb300000| Untracked 
| 180|0x00000000eb400000, 0x00000000eb400000, 0x00000000eb500000|  0%| F|  |TAMS 0x00000000eb400000, 0x00000000eb400000| Untracked 
| 181|0x00000000eb500000, 0x00000000eb500000, 0x00000000eb600000|  0%| F|  |TAMS 0x00000000eb500000, 0x00000000eb500000| Untracked 
| 182|0x00000000eb600000, 0x00000000eb600000, 0x00000000eb700000|  0%| F|  |TAMS 0x00000000eb600000, 0x00000000eb600000| Untracked 
| 183|0x00000000eb700000, 0x00000000eb700000, 0x00000000eb800000|  0%| F|  |TAMS 0x00000000eb700000, 0x00000000eb700000| Untracked 
| 184|0x00000000eb800000, 0x00000000eb8f7d28, 0x00000000eb900000| 96%| S|CS|TAMS 0x00000000eb800000, 0x00000000eb800000| Complete 
| 185|0x00000000eb900000, 0x00000000eba00000, 0x00000000eba00000|100%| S|CS|TAMS 0x00000000eb900000, 0x00000000eb900000| Complete 
| 186|0x00000000eba00000, 0x00000000ebb00000, 0x00000000ebb00000|100%| S|CS|TAMS 0x00000000eba00000, 0x00000000eba00000| Complete 
| 187|0x00000000ebb00000, 0x00000000ebc00000, 0x00000000ebc00000|100%| S|CS|TAMS 0x00000000ebb00000, 0x00000000ebb00000| Complete 
| 188|0x00000000ebc00000, 0x00000000ebd00000, 0x00000000ebd00000|100%| S|CS|TAMS 0x00000000ebc00000, 0x00000000ebc00000| Complete 
| 189|0x00000000ebd00000, 0x00000000ebe00000, 0x00000000ebe00000|100%| S|CS|TAMS 0x00000000ebd00000, 0x00000000ebd00000| Complete 
| 190|0x00000000ebe00000, 0x00000000ebf00000, 0x00000000ebf00000|100%| S|CS|TAMS 0x00000000ebe00000, 0x00000000ebe00000| Complete 
| 191|0x00000000ebf00000, 0x00000000ebf00000, 0x00000000ec000000|  0%| F|  |TAMS 0x00000000ebf00000, 0x00000000ebf00000| Untracked 
| 192|0x00000000ec000000, 0x00000000ec000000, 0x00000000ec100000|  0%| F|  |TAMS 0x00000000ec000000, 0x00000000ec000000| Untracked 
| 193|0x00000000ec100000, 0x00000000ec100000, 0x00000000ec200000|  0%| F|  |TAMS 0x00000000ec100000, 0x00000000ec100000| Untracked 
| 194|0x00000000ec200000, 0x00000000ec200000, 0x00000000ec300000|  0%| F|  |TAMS 0x00000000ec200000, 0x00000000ec200000| Untracked 
| 195|0x00000000ec300000, 0x00000000ec300000, 0x00000000ec400000|  0%| F|  |TAMS 0x00000000ec300000, 0x00000000ec300000| Untracked 
| 196|0x00000000ec400000, 0x00000000ec400000, 0x00000000ec500000|  0%| F|  |TAMS 0x00000000ec400000, 0x00000000ec400000| Untracked 
| 197|0x00000000ec500000, 0x00000000ec500000, 0x00000000ec600000|  0%| F|  |TAMS 0x00000000ec500000, 0x00000000ec500000| Untracked 
| 198|0x00000000ec600000, 0x00000000ec600000, 0x00000000ec700000|  0%| F|  |TAMS 0x00000000ec600000, 0x00000000ec600000| Untracked 
| 199|0x00000000ec700000, 0x00000000ec700000, 0x00000000ec800000|  0%| F|  |TAMS 0x00000000ec700000, 0x00000000ec700000| Untracked 
| 200|0x00000000ec800000, 0x00000000ec800000, 0x00000000ec900000|  0%| F|  |TAMS 0x00000000ec800000, 0x00000000ec800000| Untracked 
| 201|0x00000000ec900000, 0x00000000ec900000, 0x00000000eca00000|  0%| F|  |TAMS 0x00000000ec900000, 0x00000000ec900000| Untracked 
| 202|0x00000000eca00000, 0x00000000eca00000, 0x00000000ecb00000|  0%| F|  |TAMS 0x00000000eca00000, 0x00000000eca00000| Untracked 
| 203|0x00000000ecb00000, 0x00000000ecb00000, 0x00000000ecc00000|  0%| F|  |TAMS 0x00000000ecb00000, 0x00000000ecb00000| Untracked 
| 204|0x00000000ecc00000, 0x00000000ecc00000, 0x00000000ecd00000|  0%| F|  |TAMS 0x00000000ecc00000, 0x00000000ecc00000| Untracked 
| 205|0x00000000ecd00000, 0x00000000ecd00000, 0x00000000ece00000|  0%| F|  |TAMS 0x00000000ecd00000, 0x00000000ecd00000| Untracked 
| 206|0x00000000ece00000, 0x00000000ece00000, 0x00000000ecf00000|  0%| F|  |TAMS 0x00000000ece00000, 0x00000000ece00000| Untracked 
| 207|0x00000000ecf00000, 0x00000000ecf00000, 0x00000000ed000000|  0%| F|  |TAMS 0x00000000ecf00000, 0x00000000ecf00000| Untracked 
| 208|0x00000000ed000000, 0x00000000ed000000, 0x00000000ed100000|  0%| F|  |TAMS 0x00000000ed000000, 0x00000000ed000000| Untracked 
| 209|0x00000000ed100000, 0x00000000ed100000, 0x00000000ed200000|  0%| F|  |TAMS 0x00000000ed100000, 0x00000000ed100000| Untracked 
| 210|0x00000000ed200000, 0x00000000ed200000, 0x00000000ed300000|  0%| F|  |TAMS 0x00000000ed200000, 0x00000000ed200000| Untracked 
| 211|0x00000000ed300000, 0x00000000ed300000, 0x00000000ed400000|  0%| F|  |TAMS 0x00000000ed300000, 0x00000000ed300000| Untracked 
| 212|0x00000000ed400000, 0x00000000ed400000, 0x00000000ed500000|  0%| F|  |TAMS 0x00000000ed400000, 0x00000000ed400000| Untracked 
| 213|0x00000000ed500000, 0x00000000ed500000, 0x00000000ed600000|  0%| F|  |TAMS 0x00000000ed500000, 0x00000000ed500000| Untracked 
| 214|0x00000000ed600000, 0x00000000ed600000, 0x00000000ed700000|  0%| F|  |TAMS 0x00000000ed600000, 0x00000000ed600000| Untracked 
| 215|0x00000000ed700000, 0x00000000ed700000, 0x00000000ed800000|  0%| F|  |TAMS 0x00000000ed700000, 0x00000000ed700000| Untracked 
| 216|0x00000000ed800000, 0x00000000ed800000, 0x00000000ed900000|  0%| F|  |TAMS 0x00000000ed800000, 0x00000000ed800000| Untracked 
| 217|0x00000000ed900000, 0x00000000ed900000, 0x00000000eda00000|  0%| F|  |TAMS 0x00000000ed900000, 0x00000000ed900000| Untracked 
| 218|0x00000000eda00000, 0x00000000eda00000, 0x00000000edb00000|  0%| F|  |TAMS 0x00000000eda00000, 0x00000000eda00000| Untracked 
| 219|0x00000000edb00000, 0x00000000edb00000, 0x00000000edc00000|  0%| F|  |TAMS 0x00000000edb00000, 0x00000000edb00000| Untracked 
| 220|0x00000000edc00000, 0x00000000edc00000, 0x00000000edd00000|  0%| F|  |TAMS 0x00000000edc00000, 0x00000000edc00000| Untracked 
| 221|0x00000000edd00000, 0x00000000edd00000, 0x00000000ede00000|  0%| F|  |TAMS 0x00000000edd00000, 0x00000000edd00000| Untracked 
| 222|0x00000000ede00000, 0x00000000ede00000, 0x00000000edf00000|  0%| F|  |TAMS 0x00000000ede00000, 0x00000000ede00000| Untracked 
| 223|0x00000000edf00000, 0x00000000edf00000, 0x00000000ee000000|  0%| F|  |TAMS 0x00000000edf00000, 0x00000000edf00000| Untracked 
| 224|0x00000000ee000000, 0x00000000ee000000, 0x00000000ee100000|  0%| F|  |TAMS 0x00000000ee000000, 0x00000000ee000000| Untracked 
| 225|0x00000000ee100000, 0x00000000ee100000, 0x00000000ee200000|  0%| F|  |TAMS 0x00000000ee100000, 0x00000000ee100000| Untracked 
| 226|0x00000000ee200000, 0x00000000ee200000, 0x00000000ee300000|  0%| F|  |TAMS 0x00000000ee200000, 0x00000000ee200000| Untracked 
| 227|0x00000000ee300000, 0x00000000ee300000, 0x00000000ee400000|  0%| F|  |TAMS 0x00000000ee300000, 0x00000000ee300000| Untracked 
| 228|0x00000000ee400000, 0x00000000ee400000, 0x00000000ee500000|  0%| F|  |TAMS 0x00000000ee400000, 0x00000000ee400000| Untracked 
| 229|0x00000000ee500000, 0x00000000ee500000, 0x00000000ee600000|  0%| F|  |TAMS 0x00000000ee500000, 0x00000000ee500000| Untracked 
| 230|0x00000000ee600000, 0x00000000ee600000, 0x00000000ee700000|  0%| F|  |TAMS 0x00000000ee600000, 0x00000000ee600000| Untracked 
| 231|0x00000000ee700000, 0x00000000ee700000, 0x00000000ee800000|  0%| F|  |TAMS 0x00000000ee700000, 0x00000000ee700000| Untracked 
| 232|0x00000000ee800000, 0x00000000ee800000, 0x00000000ee900000|  0%| F|  |TAMS 0x00000000ee800000, 0x00000000ee800000| Untracked 
| 233|0x00000000ee900000, 0x00000000ee900000, 0x00000000eea00000|  0%| F|  |TAMS 0x00000000ee900000, 0x00000000ee900000| Untracked 
| 234|0x00000000eea00000, 0x00000000eea00000, 0x00000000eeb00000|  0%| F|  |TAMS 0x00000000eea00000, 0x00000000eea00000| Untracked 
| 235|0x00000000eeb00000, 0x00000000eeb00000, 0x00000000eec00000|  0%| F|  |TAMS 0x00000000eeb00000, 0x00000000eeb00000| Untracked 
| 236|0x00000000eec00000, 0x00000000eec00000, 0x00000000eed00000|  0%| F|  |TAMS 0x00000000eec00000, 0x00000000eec00000| Untracked 
| 237|0x00000000eed00000, 0x00000000eed00000, 0x00000000eee00000|  0%| F|  |TAMS 0x00000000eed00000, 0x00000000eed00000| Untracked 
| 238|0x00000000eee00000, 0x00000000eee00000, 0x00000000eef00000|  0%| F|  |TAMS 0x00000000eee00000, 0x00000000eee00000| Untracked 
| 239|0x00000000eef00000, 0x00000000eef00000, 0x00000000ef000000|  0%| F|  |TAMS 0x00000000eef00000, 0x00000000eef00000| Untracked 
| 240|0x00000000ef000000, 0x00000000ef000000, 0x00000000ef100000|  0%| F|  |TAMS 0x00000000ef000000, 0x00000000ef000000| Untracked 
| 241|0x00000000ef100000, 0x00000000ef200000, 0x00000000ef200000|100%| E|  |TAMS 0x00000000ef100000, 0x00000000ef100000| Complete 
| 242|0x00000000ef200000, 0x00000000ef300000, 0x00000000ef300000|100%| E|CS|TAMS 0x00000000ef200000, 0x00000000ef200000| Complete 
| 243|0x00000000ef300000, 0x00000000ef400000, 0x00000000ef400000|100%| E|CS|TAMS 0x00000000ef300000, 0x00000000ef300000| Complete 
| 244|0x00000000ef400000, 0x00000000ef500000, 0x00000000ef500000|100%| E|  |TAMS 0x00000000ef400000, 0x00000000ef400000| Complete 
| 245|0x00000000ef500000, 0x00000000ef600000, 0x00000000ef600000|100%| E|CS|TAMS 0x00000000ef500000, 0x00000000ef500000| Complete 
| 246|0x00000000ef600000, 0x00000000ef700000, 0x00000000ef700000|100%| E|CS|TAMS 0x00000000ef600000, 0x00000000ef600000| Complete 
| 247|0x00000000ef700000, 0x00000000ef800000, 0x00000000ef800000|100%| E|CS|TAMS 0x00000000ef700000, 0x00000000ef700000| Complete 
| 248|0x00000000ef800000, 0x00000000ef900000, 0x00000000ef900000|100%| E|CS|TAMS 0x00000000ef800000, 0x00000000ef800000| Complete 
| 249|0x00000000ef900000, 0x00000000efa00000, 0x00000000efa00000|100%| E|CS|TAMS 0x00000000ef900000, 0x00000000ef900000| Complete 
| 250|0x00000000efa00000, 0x00000000efb00000, 0x00000000efb00000|100%| E|CS|TAMS 0x00000000efa00000, 0x00000000efa00000| Complete 
| 251|0x00000000efb00000, 0x00000000efc00000, 0x00000000efc00000|100%| E|CS|TAMS 0x00000000efb00000, 0x00000000efb00000| Complete 
| 252|0x00000000efc00000, 0x00000000efd00000, 0x00000000efd00000|100%| E|CS|TAMS 0x00000000efc00000, 0x00000000efc00000| Complete 
| 253|0x00000000efd00000, 0x00000000efe00000, 0x00000000efe00000|100%| E|CS|TAMS 0x00000000efd00000, 0x00000000efd00000| Complete 
| 254|0x00000000efe00000, 0x00000000eff00000, 0x00000000eff00000|100%| E|CS|TAMS 0x00000000efe00000, 0x00000000efe00000| Complete 
| 255|0x00000000eff00000, 0x00000000f0000000, 0x00000000f0000000|100%| E|CS|TAMS 0x00000000eff00000, 0x00000000eff00000| Complete 

Card table byte_map: [0x000001c567020000,0x000001c567120000] _byte_map_base: 0x000001c566920000

Marking Bits (Prev, Next): (CMBitMap*) 0x000001c54e6e31d8, (CMBitMap*) 0x000001c54e6e3210
 Prev Bits: [0x000001c567220000, 0x000001c567a20000)
 Next Bits: [0x000001c567a20000, 0x000001c568220000)

Polling page: 0x000001c557490000

Metaspace:

Usage:
  Non-class:     33.52 MB capacity,    32.95 MB ( 98%) used,   493.58 KB (  1%) free+waste,    96.75 KB ( <1%) overhead. 
      Class:      5.28 MB capacity,     4.93 MB ( 93%) used,   310.53 KB (  6%) free+waste,    49.13 KB ( <1%) overhead. 
       Both:     38.81 MB capacity,    37.88 MB ( 98%) used,   804.11 KB (  2%) free+waste,   145.88 KB ( <1%) overhead. 

Virtual space:
  Non-class space:       34.00 MB reserved,      33.67 MB (>99%) committed 
      Class space:      376.00 MB reserved,       5.32 MB (  1%) committed 
             Both:      410.00 MB reserved,      39.00 MB ( 10%) committed 

Chunk freelists:
   Non-Class:  2.13 KB
       Class:  0 bytes
        Both:  2.13 KB

CodeHeap 'non-profiled nmethods': size=120000Kb used=1785Kb max_used=1785Kb free=118215Kb
 bounds [0x000001c55ef80000, 0x000001c55f1f0000, 0x000001c5664b0000]
CodeHeap 'profiled nmethods': size=120000Kb used=6750Kb max_used=6750Kb free=113249Kb
 bounds [0x000001c557a50000, 0x000001c5580f0000, 0x000001c55ef80000]
CodeHeap 'non-nmethods': size=5760Kb used=1531Kb max_used=1583Kb free=4229Kb
 bounds [0x000001c5574b0000, 0x000001c557720000, 0x000001c557a50000]
 total_blobs=3903 nmethods=3269 adapters=545
 compilation: enabled
              stopped_count=0, restarted_count=0
 full_count=0

Compilation events (10 events):
Event: 8.551 Thread 0x000001c56b546800 nmethod 3170 0x000001c5580bfc90 code [0x000001c5580bfe40, 0x000001c5580c0098]
Event: 8.553 Thread 0x000001c56b546800 3177       3       java.util.Arrays::rangeCheck (74 bytes)
Event: 8.554 Thread 0x000001c56b546800 nmethod 3177 0x000001c5580c0210 code [0x000001c5580c04e0, 0x000001c5580c1148]
Event: 8.554 Thread 0x000001c56b546800 3180       3       jdk.nio.zipfs.ZipFileSystem::getParentOff (40 bytes)
Event: 8.554 Thread 0x000001c56b546800 nmethod 3180 0x000001c5580c1610 code [0x000001c5580c17c0, 0x000001c5580c1a38]
Event: 8.554 Thread 0x000001c56b546800 3185       3       jdk.nio.zipfs.ZipFileSystem$ParentLookup::name (43 bytes)
Event: 8.554 Thread 0x000001c56b546800 nmethod 3185 0x000001c5580c1b90 code [0x000001c5580c1d40, 0x000001c5580c1f78]
Event: 8.554 Thread 0x000001c56b546800 3178       3       jdk.internal.misc.Unsafe::getLongUnaligned (173 bytes)
Event: 8.554 Thread 0x000001c56b546800 nmethod 3178 0x000001c5580c2090 code [0x000001c5580c2280, 0x000001c5580c2838]
Event: 8.554 Thread 0x000001c56b546800 3184       3       jdk.internal.util.ArraysSupport::vectorizedMismatch (268 bytes)

GC Heap History (10 events):
Event: 0.863 GC heap before
{Heap before GC invocations=1 (full 0):
 garbage-first heap   total 262144K, used 33187K [0x00000000e0000000, 0x0000000100000000)
  region size 1024K, 25 young (25600K), 3 survivors (3072K)
 Metaspace       used 11283K, capacity 11538K, committed 11776K, reserved 397312K
  class space    used 1179K, capacity 1251K, committed 1280K, reserved 385024K
}
Event: 0.865 GC heap after
{Heap after GC invocations=2 (full 0):
 garbage-first heap   total 262144K, used 11531K [0x00000000e0000000, 0x0000000100000000)
  region size 1024K, 1 young (1024K), 1 survivors (1024K)
 Metaspace       used 11283K, capacity 11538K, committed 11776K, reserved 397312K
  class space    used 1179K, capacity 1251K, committed 1280K, reserved 385024K
}
Event: 1.346 GC heap before
{Heap before GC invocations=2 (full 0):
 garbage-first heap   total 262144K, used 68875K [0x00000000e0000000, 0x0000000100000000)
  region size 1024K, 57 young (58368K), 1 survivors (1024K)
 Metaspace       used 15217K, capacity 15623K, committed 15744K, reserved 399360K
  class space    used 1737K, capacity 1870K, committed 1920K, reserved 385024K
}
Event: 1.349 GC heap after
{Heap after GC invocations=3 (full 0):
 garbage-first heap   total 262144K, used 17132K [0x00000000e0000000, 0x0000000100000000)
  region size 1024K, 7 young (7168K), 7 survivors (7168K)
 Metaspace       used 15217K, capacity 15623K, committed 15744K, reserved 399360K
  class space    used 1737K, capacity 1870K, committed 1920K, reserved 385024K
}
Event: 7.054 GC heap before
{Heap before GC invocations=3 (full 0):
 garbage-first heap   total 262144K, used 47852K [0x00000000e0000000, 0x0000000100000000)
  region size 1024K, 38 young (38912K), 7 survivors (7168K)
 Metaspace       used 20680K, capacity 21167K, committed 21296K, reserved 405504K
  class space    used 2491K, capacity 2665K, committed 2688K, reserved 385024K
}
Event: 7.059 GC heap after
{Heap after GC invocations=4 (full 0):
 garbage-first heap   total 262144K, used 18779K [0x00000000e0000000, 0x0000000100000000)
  region size 1024K, 2 young (2048K), 2 survivors (2048K)
 Metaspace       used 20680K, capacity 21167K, committed 21296K, reserved 405504K
  class space    used 2491K, capacity 2665K, committed 2688K, reserved 385024K
}
Event: 7.873 GC heap before
{Heap before GC invocations=5 (full 0):
 garbage-first heap   total 262144K, used 112987K [0x00000000e0000000, 0x0000000100000000)
  region size 1024K, 94 young (96256K), 2 survivors (2048K)
 Metaspace       used 28562K, capacity 29255K, committed 29308K, reserved 411648K
  class space    used 3746K, capacity 4032K, committed 4044K, reserved 385024K
}
Event: 7.878 GC heap after
{Heap after GC invocations=6 (full 0):
 garbage-first heap   total 262144K, used 21678K [0x00000000e0000000, 0x0000000100000000)
  region size 1024K, 5 young (5120K), 5 survivors (5120K)
 Metaspace       used 28562K, capacity 29255K, committed 29308K, reserved 411648K
  class space    used 3746K, capacity 4032K, committed 4044K, reserved 385024K
}
Event: 8.370 GC heap before
{Heap before GC invocations=6 (full 0):
 garbage-first heap   total 262144K, used 87214K [0x00000000e0000000, 0x0000000100000000)
  region size 1024K, 70 young (71680K), 5 survivors (5120K)
 Metaspace       used 34947K, capacity 35818K, committed 35964K, reserved 417792K
  class space    used 4638K, capacity 4970K, committed 5068K, reserved 385024K
}
Event: 8.374 GC heap after
{Heap after GC invocations=7 (full 0):
 garbage-first heap   total 262144K, used 24273K [0x00000000e0000000, 0x0000000100000000)
  region size 1024K, 7 young (7168K), 7 survivors (7168K)
 Metaspace       used 34947K, capacity 35818K, committed 35964K, reserved 417792K
  class space    used 4638K, capacity 4970K, committed 5068K, reserved 385024K
}

Deoptimization events (10 events):
Event: 8.366 Thread 0x000001c56ce92800 Uncommon trap: reason=class_check action=maybe_recompile pc=0x000001c55f0fd464 method=java.lang.reflect.Executable.getAnnotation(Ljava/lang/Class;)Ljava/lang/annotation/Annotation; @ 19 c2
Event: 8.380 Thread 0x000001c56ce92800 Uncommon trap: reason=unstable_if action=reinterpret pc=0x000001c55f010554 method=java.util.Properties$LineReader.readLine()I @ 95 c2
Event: 8.402 Thread 0x000001c56ce92800 Uncommon trap: reason=unstable_if action=reinterpret pc=0x000001c55f09dfdc method=jdk.internal.loader.BuiltinClassLoader.loadClassOrNull(Ljava/lang/String;Z)Ljava/lang/Class; @ 42 c2
Event: 8.454 Thread 0x000001c56ce92800 Uncommon trap: reason=unstable_if action=reinterpret pc=0x000001c55efaeb1c method=java.util.Properties$LineReader.readLine()I @ 249 c2
Event: 8.472 Thread 0x000001c56ce92800 Uncommon trap: reason=unstable_if action=reinterpret pc=0x000001c55f0cab90 method=jdk.internal.org.objectweb.asm.Type.getArgumentsAndReturnSizes(Ljava/lang/String;)I @ 136 c2
Event: 8.478 Thread 0x000001c56ce92800 Uncommon trap: reason=speculate_null_assert action=make_not_entrant pc=0x000001c55f02f6b8 method=jdk.internal.loader.URLClassPath$JarLoader.getResource(Ljava/lang/String;ZLjava/util/Set;)Ljdk/internal/loader/Resource; @ 17 c2
Event: 8.526 Thread 0x000001c56ce92800 Uncommon trap: reason=unstable_if action=reinterpret pc=0x000001c55f01ad10 method=sun.nio.fs.WindowsPathParser.isSlash(C)Z @ 9 c2
Event: 8.526 Thread 0x000001c56ce92800 Uncommon trap: reason=unstable_if action=reinterpret pc=0x000001c55ef9febc method=sun.nio.fs.WindowsPathParser.isSlash(C)Z @ 9 c2
Event: 8.532 Thread 0x000001c56ce92800 Uncommon trap: reason=unstable_if action=reinterpret pc=0x000001c55f0ef67c method=java.lang.String.equalsIgnoreCase(Ljava/lang/String;)Z @ 36 c2
Event: 8.533 Thread 0x000001c56ce92800 Uncommon trap: reason=bimorphic_or_optimized_type_check action=maybe_recompile pc=0x000001c55f0e3258 method=java.net.URL.<init>(Ljava/net/URL;Ljava/lang/String;Ljava/net/URLStreamHandler;)V @ 504 c2

Classes redefined (0 events):
No events

Internal exceptions (10 events):
Event: 8.473 Thread 0x000001c56ce92800 Exception <a 'java/lang/NoSuchMethodError'{0x00000000ef907e88}: java.lang.invoke.DirectMethodHandle$Holder.invokeStatic(Ljava/lang/Object;Ljava/lang/Object;Ljava/lang/Object;Ljava/lang/Object;Ljava/lang/Object;Ljava/lang/Object;Ljava/lang/Object;Ljava/lan
Event: 8.474 Thread 0x000001c56ce92800 Exception <a 'java/lang/NoSuchMethodError'{0x00000000ef927b78}: java.lang.invoke.DirectMethodHandle$Holder.invokeStatic(Ljava/lang/Object;Ljava/lang/Object;Ljava/lang/Object;Ljava/lang/Object;Ljava/lang/Object;Ljava/lang/Object;Ljava/lang/Object;Ljava/lan
Event: 8.476 Thread 0x000001c56ce92800 Exception <a 'java/lang/NoSuchMethodError'{0x00000000ef948980}: java.lang.invoke.DirectMethodHandle$Holder.invokeStatic(Ljava/lang/Object;Ljava/lang/Object;Ljava/lang/Object;Ljava/lang/Object;Ljava/lang/Object;Ljava/lang/Object;Ljava/lang/Object;Ljava/lan
Event: 8.477 Thread 0x000001c56ce92800 Exception <a 'java/lang/NoSuchMethodError'{0x00000000ef96af80}: java.lang.invoke.DirectMethodHandle$Holder.invokeStatic(Ljava/lang/Object;Ljava/lang/Object;Ljava/lang/Object;Ljava/lang/Object;Ljava/lang/Object;Ljava/lang/Object;Ljava/lang/Object;Ljava/lan
Event: 8.479 Thread 0x000001c56ce92800 Exception <a 'java/lang/ClassNotFoundException'{0x00000000ef99d3f0}: groovy/lang/ExpandoMetaClassBeanInfo> (0x00000000ef99d3f0) thrown at [./open/src/hotspot/share/classfile/systemDictionary.cpp, line 227]
Event: 8.480 Thread 0x000001c56ce92800 Exception <a 'java/lang/ClassNotFoundException'{0x00000000ef9be5b8}: groovy/lang/MetaClassImplBeanInfo> (0x00000000ef9be5b8) thrown at [./open/src/hotspot/share/classfile/systemDictionary.cpp, line 227]
Event: 8.480 Thread 0x000001c56ce92800 Exception <a 'java/lang/ClassNotFoundException'{0x00000000ef9c7ef0}: java/lang/ObjectBeanInfo> (0x00000000ef9c7ef0) thrown at [./open/src/hotspot/share/classfile/systemDictionary.cpp, line 227]
Event: 8.481 Thread 0x000001c56ce92800 Exception <a 'java/lang/ClassNotFoundException'{0x00000000ef9d4828}: java/lang/ObjectCustomizer> (0x00000000ef9d4828) thrown at [./open/src/hotspot/share/classfile/systemDictionary.cpp, line 227]
Event: 8.488 Thread 0x000001c56ce92800 Exception <a 'java/lang/ClassNotFoundException'{0x00000000ef811488}: groovy/lang/MetaClassImplCustomizer> (0x00000000ef811488) thrown at [./open/src/hotspot/share/classfile/systemDictionary.cpp, line 227]
Event: 8.490 Thread 0x000001c56ce92800 Exception <a 'java/lang/ClassNotFoundException'{0x00000000ef852d20}: groovy/lang/ExpandoMetaClassCustomizer> (0x00000000ef852d20) thrown at [./open/src/hotspot/share/classfile/systemDictionary.cpp, line 227]

Events (10 events):
Event: 8.543 loading class sun/nio/fs/WindowsFileStore
Event: 8.543 loading class sun/nio/fs/WindowsFileStore done
Event: 8.546 loading class java/nio/file/AccessDeniedException
Event: 8.546 loading class java/nio/file/AccessDeniedException done
Event: 8.546 loading class java/nio/file/InvalidPathException
Event: 8.546 loading class java/nio/file/InvalidPathException done
Event: 8.547 loading class sun/nio/fs/WindowsSecurityDescriptor
Event: 8.547 loading class sun/nio/fs/WindowsSecurityDescriptor done
Event: 8.547 loading class sun/nio/fs/WindowsChannelFactory$2
Event: 8.547 loading class sun/nio/fs/WindowsChannelFactory$2 done


Dynamic libraries:
0x00007ff732120000 - 0x00007ff73212f000 	C:\Program Files\Java\jdk-11.0.13\bin\java.exe
0x00007ffe983b0000 - 0x00007ffe985c6000 	C:\WINDOWS\SYSTEM32\ntdll.dll
0x00007ffe96410000 - 0x00007ffe964d4000 	C:\WINDOWS\System32\KERNEL32.DLL
0x00007ffe95810000 - 0x00007ffe95bb6000 	C:\WINDOWS\System32\KERNELBASE.dll
0x00007ffe95c30000 - 0x00007ffe95d41000 	C:\WINDOWS\System32\ucrtbase.dll
0x00007ffe80a60000 - 0x00007ffe80a78000 	C:\Program Files\Java\jdk-11.0.13\bin\jli.dll
0x00007ffe80a40000 - 0x00007ffe80a55000 	C:\Program Files\Java\jdk-11.0.13\bin\VCRUNTIME140.dll
0x00007ffe96110000 - 0x00007ffe961c2000 	C:\WINDOWS\System32\ADVAPI32.dll
0x00007ffe975d0000 - 0x00007ffe97677000 	C:\WINDOWS\System32\msvcrt.dll
0x00007ffe96680000 - 0x00007ffe96728000 	C:\WINDOWS\System32\sechost.dll
0x00007ffe96050000 - 0x00007ffe96078000 	C:\WINDOWS\System32\bcrypt.dll
0x00007ffe970c0000 - 0x00007ffe971d5000 	C:\WINDOWS\System32\RPCRT4.dll
0x00007ffe97680000 - 0x00007ffe9782d000 	C:\WINDOWS\System32\USER32.dll
0x00007ffe95d50000 - 0x00007ffe95d76000 	C:\WINDOWS\System32\win32u.dll
0x00007ffe97ae0000 - 0x00007ffe97b09000 	C:\WINDOWS\System32\GDI32.dll
0x00007ffe956f0000 - 0x00007ffe95808000 	C:\WINDOWS\System32\gdi32full.dll
0x00007ffe7cdc0000 - 0x00007ffe7d053000 	C:\WINDOWS\WinSxS\amd64_microsoft.windows.common-controls_6595b64144ccf1df_6.0.22621.3235_none_270f74e173860f98\COMCTL32.dll
0x00007ffe95d80000 - 0x00007ffe95e1a000 	C:\WINDOWS\System32\msvcp_win.dll
0x00007ffe7cbd0000 - 0x00007ffe7cbda000 	C:\WINDOWS\SYSTEM32\VERSION.dll
0x00007ffe96e70000 - 0x00007ffe96ea1000 	C:\WINDOWS\System32\IMM32.DLL
0x00007ffe660c0000 - 0x00007ffe6615b000 	C:\Program Files\Java\jdk-11.0.13\bin\msvcp140.dll
0x00007ffdcc630000 - 0x00007ffdcd143000 	C:\Program Files\Java\jdk-11.0.13\bin\server\jvm.dll
0x00007ffe97ad0000 - 0x00007ffe97ad8000 	C:\WINDOWS\System32\PSAPI.DLL
0x00007ffe91270000 - 0x00007ffe91279000 	C:\WINDOWS\SYSTEM32\WSOCK32.dll
0x00007ffe87a30000 - 0x00007ffe87a64000 	C:\WINDOWS\SYSTEM32\WINMM.dll
0x00007ffe96f10000 - 0x00007ffe96f81000 	C:\WINDOWS\System32\WS2_32.dll
0x00007ffe94820000 - 0x00007ffe94838000 	C:\WINDOWS\SYSTEM32\kernel.appcore.dll
0x00007ffe883f0000 - 0x00007ffe88400000 	C:\Program Files\Java\jdk-11.0.13\bin\verify.dll
0x00007ffe92990000 - 0x00007ffe92bc3000 	C:\WINDOWS\SYSTEM32\DBGHELP.DLL
0x00007ffe97240000 - 0x00007ffe975c8000 	C:\WINDOWS\System32\combase.dll
0x00007ffe97830000 - 0x00007ffe97907000 	C:\WINDOWS\System32\OLEAUT32.dll
0x00007ffe7d1b0000 - 0x00007ffe7d1e2000 	C:\WINDOWS\SYSTEM32\dbgcore.DLL
0x00007ffe96080000 - 0x00007ffe960fa000 	C:\WINDOWS\System32\bcryptPrimitives.dll
0x00007ffe75890000 - 0x00007ffe758b8000 	C:\Program Files\Java\jdk-11.0.13\bin\java.dll
0x00007ffe882c0000 - 0x00007ffe882ca000 	C:\Program Files\Java\jdk-11.0.13\bin\jimage.dll
0x00007ffe7fc60000 - 0x00007ffe7fc6e000 	C:\Program Files\Java\jdk-11.0.13\bin\instrument.dll
0x00007ffe7b080000 - 0x00007ffe7b096000 	C:\Program Files\Java\jdk-11.0.13\bin\zip.dll
0x00007ffe97b10000 - 0x00007ffe9836c000 	C:\WINDOWS\System32\SHELL32.dll
0x00007ffe93660000 - 0x00007ffe93f58000 	C:\WINDOWS\SYSTEM32\windows.storage.dll
0x00007ffe93520000 - 0x00007ffe9365e000 	C:\WINDOWS\SYSTEM32\wintypes.dll
0x00007ffe961e0000 - 0x00007ffe962d3000 	C:\WINDOWS\System32\SHCORE.dll
0x00007ffe96eb0000 - 0x00007ffe96f0e000 	C:\WINDOWS\System32\shlwapi.dll
0x00007ffe95620000 - 0x00007ffe95646000 	C:\WINDOWS\SYSTEM32\profapi.dll
0x00007ffe75870000 - 0x00007ffe75889000 	C:\Program Files\Java\jdk-11.0.13\bin\net.dll
0x00007ffe8b720000 - 0x00007ffe8b857000 	C:\WINDOWS\SYSTEM32\WINHTTP.dll
0x00007ffe94ca0000 - 0x00007ffe94d09000 	C:\WINDOWS\system32\mswsock.dll
0x00007ffe75850000 - 0x00007ffe75862000 	C:\Program Files\Java\jdk-11.0.13\bin\nio.dll
0x00007ffe69a20000 - 0x00007ffe69a47000 	C:\Users\sunna\.gradle\native\c067742578af261105cb4f569cf0c3c89f3d7b1fecec35dd04571415982c5e48\windows-amd64\native-platform.dll
0x00007ffe22820000 - 0x00007ffe22964000 	C:\Users\sunna\.gradle\native\38dada09dfb8b06ba9b0570ebf7e218e3eb74d4ef43ca46872605cf95ebc2f47\windows-amd64\native-platform-file-events.dll
0x00007ffe80f20000 - 0x00007ffe80f29000 	C:\Program Files\Java\jdk-11.0.13\bin\management.dll
0x00007ffe80d30000 - 0x00007ffe80d3b000 	C:\Program Files\Java\jdk-11.0.13\bin\management_ext.dll
0x00007ffe94ef0000 - 0x00007ffe94f0b000 	C:\WINDOWS\SYSTEM32\CRYPTSP.dll
0x00007ffe94780000 - 0x00007ffe947b5000 	C:\WINDOWS\system32\rsaenh.dll
0x00007ffe94d90000 - 0x00007ffe94dbc000 	C:\WINDOWS\SYSTEM32\USERENV.dll
0x00007ffe94f10000 - 0x00007ffe94f1c000 	C:\WINDOWS\SYSTEM32\CRYPTBASE.dll
0x00007ffe942c0000 - 0x00007ffe942ed000 	C:\WINDOWS\SYSTEM32\IPHLPAPI.DLL
0x00007ffe962e0000 - 0x00007ffe962e9000 	C:\WINDOWS\System32\NSI.dll
0x00007ffe8b880000 - 0x00007ffe8b899000 	C:\WINDOWS\SYSTEM32\dhcpcsvc6.DLL
0x00007ffe8b8e0000 - 0x00007ffe8b8ff000 	C:\WINDOWS\SYSTEM32\dhcpcsvc.DLL
0x00007ffe942f0000 - 0x00007ffe943e9000 	C:\WINDOWS\SYSTEM32\DNSAPI.dll

dbghelp: loaded successfully - version: 4.0.5 - missing functions: none
symbol engine: initialized successfully - sym options: 0x614 - pdb path: .;C:\Program Files\Java\jdk-11.0.13\bin;C:\WINDOWS\SYSTEM32;C:\WINDOWS\WinSxS\amd64_microsoft.windows.common-controls_6595b64144ccf1df_6.0.22621.3235_none_270f74e173860f98;C:\Program Files\Java\jdk-11.0.13\bin\server;C:\Users\sunna\.gradle\native\c067742578af261105cb4f569cf0c3c89f3d7b1fecec35dd04571415982c5e48\windows-amd64;C:\Users\sunna\.gradle\native\38dada09dfb8b06ba9b0570ebf7e218e3eb74d4ef43ca46872605cf95ebc2f47\windows-amd64

VM Arguments:
jvm_args: --add-opens=java.base/java.util=ALL-UNNAMED --add-opens=java.base/java.lang=ALL-UNNAMED --add-opens=java.base/java.lang.invoke=ALL-UNNAMED --add-opens=java.prefs/java.util.prefs=ALL-UNNAMED --add-opens=java.base/java.nio.charset=ALL-UNNAMED --add-opens=java.base/java.net=ALL-UNNAMED --add-opens=java.base/java.util.concurrent.atomic=ALL-UNNAMED -XX:MaxMetaspaceSize=384m -XX:+HeapDumpOnOutOfMemoryError -Xms256m -Xmx512m -Dfile.encoding=GBK -Duser.country=KR -Duser.language=ko -Duser.variant -javaagent:C:\Users\sunna\.gradle\wrapper\dists\gradle-8.5-bin\5t9huq95ubn472n8rpzujfbqh\gradle-8.5\lib\agents\gradle-instrumentation-agent-8.5.jar 
java_command: org.gradle.launcher.daemon.bootstrap.GradleDaemon 8.5
java_class_path (initial): C:\Users\sunna\.gradle\wrapper\dists\gradle-8.5-bin\5t9huq95ubn472n8rpzujfbqh\gradle-8.5\lib\gradle-launcher-8.5.jar
Launcher Type: SUN_STANDARD

[Global flags]
     intx CICompilerCount                          = 4                                         {product} {ergonomic}
   size_t CompressedClassSpaceSize                 = 394264576                                 {product} {ergonomic}
     uint ConcGCThreads                            = 2                                         {product} {ergonomic}
     uint G1ConcRefinementThreads                  = 8                                         {product} {ergonomic}
   size_t G1HeapRegionSize                         = 1048576                                   {product} {ergonomic}
    uintx GCDrainStackTargetSize                   = 64                                        {product} {ergonomic}
     bool HeapDumpOnOutOfMemoryError               = true                                   {manageable} {command line}
   size_t InitialHeapSize                          = 268435456                                 {product} {command line}
   size_t MarkStackSize                            = 4194304                                   {product} {ergonomic}
   size_t MaxHeapSize                              = 536870912                                 {product} {command line}
   size_t MaxMetaspaceSize                         = 402653184                                 {product} {command line}
   size_t MaxNewSize                               = 321912832                                 {product} {ergonomic}
   size_t MinHeapDeltaBytes                        = 1048576                                   {product} {ergonomic}
    uintx NonNMethodCodeHeapSize                   = 5836300                                {pd product} {ergonomic}
    uintx NonProfiledCodeHeapSize                  = 122910970                              {pd product} {ergonomic}
    uintx ProfiledCodeHeapSize                     = 122910970                              {pd product} {ergonomic}
    uintx ReservedCodeCacheSize                    = 251658240                              {pd product} {ergonomic}
     bool SegmentedCodeCache                       = true                                      {product} {ergonomic}
     bool UseCompressedClassPointers               = true                                 {lp64_product} {ergonomic}
     bool UseCompressedOops                        = true                                 {lp64_product} {ergonomic}
     bool UseG1GC                                  = true                                      {product} {ergonomic}
     bool UseLargePagesIndividualAllocation        = false                                  {pd product} {ergonomic}

Logging:
Log output configuration:
 #0: stdout all=warning uptime,level,tags
 #1: stderr all=off uptime,level,tags

Environment Variables:
JAVA_HOME=C:\Program Files\Java\jdk-11.0.13
CLASSPATH=C:\Users\sunna\IdeaProjects\web\\gradle\wrapper\gradle-wrapper.jar
PATH=C:\Program Files (x86)\Common Files\Oracle\Java\javapath;D:\oraclexe\app\oracle\product\11.2.0\server\bin;C:\WINDOWS\system32;C:\WINDOWS;C:\WINDOWS\System32\Wbem;C:\WINDOWS\System32\WindowsPowerShell\v1.0\;C:\Windows\System32\OpenSSH;C:\Python;C:\Python\Scripts;C:\Users\sunna\anaconda3;C:\Program Files\Bandizip\;D:\Ruby30-x64\bin;C:\Users\sunna\AppData\Local\Microsoft\WindowsApps;C:\Users\sunna\AppData\Roaming\npm;D:\Users\sunna\AppData\Local\Programs\Microsoft VS Code\bin;D:\Program Files\heroku\bin;D:\Program Files\JetBrains\IntelliJ IDEA Community Edition 2022.2.1\bin;D:\Program Files\JetBrains\Intel;C:\Users\sunna\anaconda3\Library\bin;C:\Program Files\MySQL\MySQL Server 8.0\bin;C:\WINDOWS\system32;C:\WINDOWS;C:\WINDOWS\System32\Wbem;C:\WINDOWS\System32\WindowsPowerShell\v1.0\;C:\WINDOWS\System32\OpenSSH\;D:\Program Files\MySQL\MySQL Server 8.0\bin;C:\ProgramData\chocolatey\bin;D:\Program Files\Git\cmd;D:\Program Files\Amazon\AWSCLIV2\;C:\Users\sunna\OneDrive\Desktop\apache-maven-3.9.4\bin;C:\Program Files\Java\jdk-11.0.13\bin;C:\Program Files (x86)\NetSarang\Xshell 7\;C:\Program Files\Vagrant\bin;C:\Program Files\dotnet\;C:\Users\sunna\AppData\Local\Microsoft\WindowsApps;D:\Users\sunna\AppData\Local\Programs\Microsoft VS Code\bin;D:\Program Files\heroku\bin;D:\Program Files\JetBrains\IntelliJ IDEA Community Edition 2022.2.1\bin;D:\Program Files\JetBrains\IntelliJ IDEA 2022.2.1\bin;C:\Users\sunna\AppData\Local\gitkraken\bin;C:\ProgramData\sunna\gitkraken\bin;D:\Program Files\JetBrains\IntelliJ IDEA 2023.2.5\bin;;C:\Users\sunna\AppData\Local\Microsoft\WindowsApps;C:\MinGW\bin;;D:\Program Files\JetBrains\PyCharm 2023.1.2\bin;
USERNAME=sunna
OS=Windows_NT
PROCESSOR_IDENTIFIER=Intel64 Family 6 Model 140 Stepping 1, GenuineIntel



---------------  S Y S T E M  ---------------

OS: Windows 10 , 64 bit Build 22621 (10.0.22621.3235)

CPU:total 8 (initial active 8) (4 cores per cpu, 2 threads per core) family 6 model 140 stepping 1 microcode 0x9a, cmov, cx8, fxsr, mmx, sse, sse2, sse3, ssse3, sse4.1, sse4.2, popcnt, avx, avx2, aes, clmul, erms, 3dnowpref, lzcnt, ht, tsc, tscinvbit, bmi1, bmi2, adx, evex, sha, fma

Memory: 4k page, system-wide physical 16057M (2330M free)
TotalPageFile size 18105M (AvailPageFile size 14M)
current process WorkingSet (physical memory assigned to process): 272M, peak: 282M
current process commit charge ("private bytes"): 455M, peak: 465M

vm_info: Java HotSpot(TM) 64-Bit Server VM (11.0.13+10-LTS-370) for windows-amd64 JRE (11.0.13+10-LTS-370), built on Sep 15 2021 22:10:36 by "mach5one" with MS VC++ 15.9 (VS2017)

END.
