#
# There is insufficient memory for the Java Runtime Environment to continue.
# Native memory allocation (malloc) failed to allocate 32744 bytes for ChunkPool::allocate
# Possible reasons:
#   The system is out of physical RAM or swap space
#   The process is running with CompressedOops enabled, and the Java Heap may be blocking the growth of the native heap
# Possible solutions:
#   Reduce memory load on the system
#   Increase physical memory or swap space
#   Check if swap backing store is full
#   Decrease Java heap size (-Xmx/-Xms)
#   Decrease number of Java threads
#   Decrease Java thread stack sizes (-Xss)
#   Set larger code cache with -XX:ReservedCodeCacheSize=
#   JVM is running with Unscaled Compressed Oops mode in which the Java heap is
#     placed in the first 4GB address space. The Java Heap base address is the
#     maximum limit for the native heap growth. Please use -XX:HeapBaseMinAddress
#     to set the Java Heap base and to place the Java Heap above 4GB virtual address.
# This output file may be truncated or incomplete.
#
#  Out of Memory Error (arena.cpp:81), pid=18972, tid=1804
#
# JRE version: OpenJDK Runtime Environment Corretto-11.0.22.7.1 (11.0.22+7) (build 11.0.22+7-LTS)
# Java VM: OpenJDK 64-Bit Server VM Corretto-11.0.22.7.1 (11.0.22+7-LTS, mixed mode, tiered, compressed oops, g1 gc, windows-amd64)
# No core dump will be written. Minidumps are not enabled by default on client versions of Windows
#

---------------  S U M M A R Y ------------

Command Line: --add-opens=java.base/java.util=ALL-UNNAMED --add-opens=java.base/java.lang=ALL-UNNAMED --add-opens=java.base/java.lang.invoke=ALL-UNNAMED --add-opens=java.prefs/java.util.prefs=ALL-UNNAMED --add-opens=java.base/java.nio.charset=ALL-UNNAMED --add-opens=java.base/java.net=ALL-UNNAMED --add-opens=java.base/java.util.concurrent.atomic=ALL-UNNAMED -XX:MaxMetaspaceSize=384m -XX:+HeapDumpOnOutOfMemoryError -Xms256m -Xmx512m -Dfile.encoding=GBK -Duser.country=KR -Duser.language=ko -Duser.variant -javaagent:C:\Users\sunna\.gradle\wrapper\dists\gradle-8.5-bin\5t9huq95ubn472n8rpzujfbqh\gradle-8.5\lib\agents\gradle-instrumentation-agent-8.5.jar org.gradle.launcher.daemon.bootstrap.GradleDaemon 8.5

Host: 11th Gen Intel(R) Core(TM) i7-1165G7 @ 2.80GHz, 8 cores, 15G,  Windows 11 , 64 bit Build 22621 (10.0.22621.3235)
Time: Sat Mar  9 14:14:03 2024  Windows 11 , 64 bit Build 22621 (10.0.22621.3235) elapsed time: 26.829510 seconds (0d 0h 0m 26s)

---------------  T H R E A D  ---------------

Current thread (0x000001bb83ca3800):  JavaThread "C2 CompilerThread0" daemon [_thread_in_native, id=1804, stack(0x0000000883200000,0x0000000883300000)]


Current CompileTask:
C2:  26829 10058       4       java.util.Collections$UnmodifiableMap::get (11 bytes)

Stack: [0x0000000883200000,0x0000000883300000]
Native frames: (J=compiled Java code, j=interpreted, Vv=VM code, C=native code)
V  [jvm.dll+0x64585a]
V  [jvm.dll+0x7d9bb9]
V  [jvm.dll+0x7db2b9]
V  [jvm.dll+0x7db9a3]
V  [jvm.dll+0x2694e5]
V  [jvm.dll+0xc1fdf]
V  [jvm.dll+0xc232c]
V  [jvm.dll+0xc1e8b]
V  [jvm.dll+0x62266f]
V  [jvm.dll+0x677cdd]
V  [jvm.dll+0x1b39b0]
V  [jvm.dll+0x22188f]
V  [jvm.dll+0x220748]
V  [jvm.dll+0x19e521]
V  [jvm.dll+0x2305e9]
V  [jvm.dll+0x22e75f]
V  [jvm.dll+0x79ae51]
V  [jvm.dll+0x793b24]
V  [jvm.dll+0x644615]
C  [ucrtbase.dll+0x29363]
C  [KERNEL32.DLL+0x1257d]
C  [ntdll.dll+0x5aa58]


---------------  P R O C E S S  ---------------

Threads class SMR info:
_java_thread_list=0x000001bb87060d40, length=39, elements={
0x000001bbe7b26000, 0x000001bb833ff000, 0x000001bb83409000, 0x000001bb83c9d800,
0x000001bb83c9e800, 0x000001bb83ca1800, 0x000001bb83ca3800, 0x000001bb83ca4800,
0x000001bb83cfc800, 0x000001bb833b4000, 0x000001bb86c14000, 0x000001bb8553b800,
0x000001bb8614c000, 0x000001bb86087800, 0x000001bb869ed800, 0x000001bb85edb800,
0x000001bb85edc000, 0x000001bb85edd000, 0x000001bb85ede000, 0x000001bb85ede800,
0x000001bb898b7000, 0x000001bb898b8000, 0x000001bb898b6000, 0x000001bb898b8800,
0x000001bb898bc000, 0x000001bb890a6000, 0x000001bb890a7800, 0x000001bb890a2800,
0x000001bb890a5000, 0x000001bb890a1800, 0x000001bb890ad000, 0x000001bb890af800,
0x000001bb8953a800, 0x000001bb89536800, 0x000001bb89534000, 0x000001bb89536000,
0x000001bb89535000, 0x000001bb89532800, 0x000001bb8a4e3000
}

Java Threads: ( => current thread )
  0x000001bbe7b26000 JavaThread "main" [_thread_blocked, id=25796, stack(0x0000000882600000,0x0000000882700000)]
  0x000001bb833ff000 JavaThread "Reference Handler" daemon [_thread_blocked, id=25192, stack(0x0000000882d00000,0x0000000882e00000)]
  0x000001bb83409000 JavaThread "Finalizer" daemon [_thread_blocked, id=4424, stack(0x0000000882e00000,0x0000000882f00000)]
  0x000001bb83c9d800 JavaThread "Signal Dispatcher" daemon [_thread_blocked, id=9112, stack(0x0000000882f00000,0x0000000883000000)]
  0x000001bb83c9e800 JavaThread "Attach Listener" daemon [_thread_blocked, id=12188, stack(0x0000000883000000,0x0000000883100000)]
  0x000001bb83ca1800 JavaThread "Service Thread" daemon [_thread_blocked, id=27736, stack(0x0000000883100000,0x0000000883200000)]
=>0x000001bb83ca3800 JavaThread "C2 CompilerThread0" daemon [_thread_in_native, id=1804, stack(0x0000000883200000,0x0000000883300000)]
  0x000001bb83ca4800 JavaThread "C1 CompilerThread0" daemon [_thread_in_native, id=20452, stack(0x0000000883300000,0x0000000883400000)]
  0x000001bb83cfc800 JavaThread "Sweeper thread" daemon [_thread_blocked, id=7504, stack(0x0000000883400000,0x0000000883500000)]
  0x000001bb833b4000 JavaThread "Common-Cleaner" daemon [_thread_blocked, id=22096, stack(0x0000000883500000,0x0000000883600000)]
  0x000001bb86c14000 JavaThread "Daemon health stats" [_thread_blocked, id=27400, stack(0x0000000883e00000,0x0000000883f00000)]
  0x000001bb8553b800 JavaThread "Incoming local TCP Connector on port 54979" [_thread_in_native, id=18280, stack(0x0000000883700000,0x0000000883800000)]
  0x000001bb8614c000 JavaThread "Daemon periodic checks" [_thread_blocked, id=1676, stack(0x0000000883800000,0x0000000883900000)]
  0x000001bb86087800 JavaThread "Daemon" [_thread_blocked, id=13268, stack(0x0000000883f00000,0x0000000884000000)]
  0x000001bb869ed800 JavaThread "Daemon worker" [_thread_in_vm, id=24548, stack(0x0000000884200000,0x0000000884300000)]
  0x000001bb85edb800 JavaThread "Cache worker for journal cache (C:\Users\sunna\.gradle\caches\journal-1)" [_thread_blocked, id=17820, stack(0x0000000884b00000,0x0000000884c00000)]
  0x000001bb85edc000 JavaThread "File lock request listener" [_thread_in_native, id=20816, stack(0x0000000884c00000,0x0000000884d00000)]
  0x000001bb85edd000 JavaThread "Cache worker for file hash cache (C:\Users\sunna\.gradle\caches\8.5\fileHashes)" [_thread_blocked, id=8352, stack(0x0000000884d00000,0x0000000884e00000)]
  0x000001bb85ede000 JavaThread "File watcher server" daemon [_thread_in_native, id=25240, stack(0x0000000884e00000,0x0000000884f00000)]
  0x000001bb85ede800 JavaThread "File watcher consumer" daemon [_thread_blocked, id=22072, stack(0x0000000884f00000,0x0000000885000000)]
  0x000001bb898b7000 JavaThread "Cache worker for file content cache (C:\Users\sunna\.gradle\caches\8.5\fileContent)" [_thread_blocked, id=3004, stack(0x0000000885300000,0x0000000885400000)]
  0x000001bb898b8000 JavaThread "Cache worker for execution history cache (C:\Users\sunna\.gradle\caches\8.5\executionHistory)" [_thread_blocked, id=20732, stack(0x0000000885400000,0x0000000885500000)]
  0x000001bb898b6000 JavaThread "jar transforms" [_thread_blocked, id=340, stack(0x0000000885700000,0x0000000885800000)]
  0x000001bb898b8800 JavaThread "jar transforms Thread 2" [_thread_blocked, id=6384, stack(0x0000000885800000,0x0000000885900000)]
  0x000001bb898bc000 JavaThread "jar transforms Thread 3" [_thread_blocked, id=27796, stack(0x0000000885900000,0x0000000885a00000)]
  0x000001bb890a6000 JavaThread "jar transforms Thread 4" [_thread_blocked, id=28008, stack(0x0000000885a00000,0x0000000885b00000)]
  0x000001bb890a7800 JavaThread "jar transforms Thread 5" [_thread_blocked, id=22212, stack(0x0000000885b00000,0x0000000885c00000)]
  0x000001bb890a2800 JavaThread "jar transforms Thread 6" [_thread_blocked, id=27748, stack(0x0000000885c00000,0x0000000885d00000)]
  0x000001bb890a5000 JavaThread "jar transforms Thread 7" [_thread_blocked, id=23908, stack(0x0000000885d00000,0x0000000885e00000)]
  0x000001bb890a1800 JavaThread "jar transforms Thread 8" [_thread_blocked, id=21276, stack(0x0000000885e00000,0x0000000885f00000)]
  0x000001bb890ad000 JavaThread "Memory manager" [_thread_blocked, id=25576, stack(0x0000000886800000,0x0000000886900000)]
  0x000001bb890af800 JavaThread "included builds" [_thread_blocked, id=26212, stack(0x0000000886900000,0x0000000886a00000)]
  0x000001bb8953a800 JavaThread "Cache worker for Java compile cache (C:\Users\sunna\.gradle\caches\8.5\javaCompile)" [_thread_blocked, id=27536, stack(0x000000088b000000,0x000000088b100000)]
  0x000001bb89536800 JavaThread "Handler for socket connection from /127.0.0.1:54979 to /127.0.0.1:54998" [_thread_in_native, id=9408, stack(0x0000000884000000,0x0000000884100000)]
  0x000001bb89534000 JavaThread "Cancel handler" [_thread_blocked, id=28540, stack(0x0000000884100000,0x0000000884200000)]
  0x000001bb89536000 JavaThread "Asynchronous log dispatcher for DefaultDaemonConnection: socket connection from /127.0.0.1:54979 to /127.0.0.1:54998" [_thread_blocked, id=26724, stack(0x0000000884300000,0x0000000884400000)]
  0x000001bb89535000 JavaThread "Stdin handler" [_thread_blocked, id=26804, stack(0x0000000884400000,0x0000000884500000)]
  0x000001bb89532800 JavaThread "Daemon client event forwarder" [_thread_blocked, id=26808, stack(0x0000000884500000,0x0000000884600000)]
  0x000001bb8a4e3000 JavaThread "C2 CompilerThread1" daemon [_thread_in_native, id=26796, stack(0x0000000884a00000,0x0000000884b00000)]

Other Threads:
  0x000001bb833f9800 VMThread "VM Thread" [stack: 0x0000000882c00000,0x0000000882d00000] [id=23644]
  0x000001bb84017800 WatcherThread [stack: 0x0000000883600000,0x0000000883700000] [id=13640]
  0x000001bbe7b40000 GCTaskThread "GC Thread#0" [stack: 0x0000000882700000,0x0000000882800000] [id=11212]
  0x000001bb852c6000 GCTaskThread "GC Thread#1" [stack: 0x0000000883900000,0x0000000883a00000] [id=19532]
  0x000001bb8534c800 GCTaskThread "GC Thread#2" [stack: 0x0000000883a00000,0x0000000883b00000] [id=6088]
  0x000001bb84a4b000 GCTaskThread "GC Thread#3" [stack: 0x0000000883b00000,0x0000000883c00000] [id=8504]
  0x000001bb85244000 GCTaskThread "GC Thread#4" [stack: 0x0000000883c00000,0x0000000883d00000] [id=27284]
  0x000001bb84873000 GCTaskThread "GC Thread#5" [stack: 0x0000000883d00000,0x0000000883e00000] [id=26848]
  0x000001bb85409800 GCTaskThread "GC Thread#6" [stack: 0x0000000884600000,0x0000000884700000] [id=28244]
  0x000001bb85e33800 GCTaskThread "GC Thread#7" [stack: 0x0000000884700000,0x0000000884800000] [id=25232]
  0x000001bbe7b52000 ConcurrentGCThread "G1 Main Marker" [stack: 0x0000000882800000,0x0000000882900000] [id=16092]
  0x000001bbe7b54800 ConcurrentGCThread "G1 Conc#0" [stack: 0x0000000882900000,0x0000000882a00000] [id=23956]
  0x000001bb861e6000 ConcurrentGCThread "G1 Conc#1" [stack: 0x0000000884800000,0x0000000884900000] [id=22892]
  0x000001bbe7bed800 ConcurrentGCThread "G1 Refine#0" [stack: 0x0000000882a00000,0x0000000882b00000] [id=27948]
  0x000001bb86671000 ConcurrentGCThread "G1 Refine#1" [stack: 0x0000000884900000,0x0000000884a00000] [id=19336]
  0x000001bbe7bee800 ConcurrentGCThread "G1 Young RemSet Sampling" [stack: 0x0000000882b00000,0x0000000882c00000] [id=13888]

Threads with active compile tasks:
C2 CompilerThread0    26857 10058       4       java.util.Collections$UnmodifiableMap::get (11 bytes)
C1 CompilerThread0    26857 10070       3       org.gradle.internal.service.InjectUtil::selectConstructor (167 bytes)
C2 CompilerThread1    26858 10062       4       java.util.Formatter$Conversion::isGeneral (64 bytes)

VM state:not at safepoint (normal execution)

VM Mutex/Monitor currently owned by a thread: None

Heap address: 0x00000000e0000000, size: 512 MB, Compressed Oops mode: 32-bit
Narrow klass base: 0x0000000000000000, Narrow klass shift: 3
Compressed class space size: 394264576 Address: 0x0000000100000000

Heap:
 garbage-first heap   total 262144K, used 171388K [0x00000000e0000000, 0x0000000100000000)
  region size 1024K, 117 young (119808K), 13 survivors (13312K)
 Metaspace       used 72934K, capacity 75670K, committed 75732K, reserved 450560K
  class space    used 9461K, capacity 10513K, committed 10572K, reserved 385024K
Heap Regions: E=young(eden), S=young(survivor), O=old, HS=humongous(starts), HC=humongous(continues), CS=collection set, F=free, A=archive, TAMS=top-at-mark-start (previous, next)
|   0|0x00000000e0000000, 0x00000000e0100000, 0x00000000e0100000|100%|HS|  |TAMS 0x00000000e0100000, 0x00000000e0000000| Complete 
|   1|0x00000000e0100000, 0x00000000e0200000, 0x00000000e0200000|100%|HC|  |TAMS 0x00000000e0200000, 0x00000000e0100000| Complete 
|   2|0x00000000e0200000, 0x00000000e0300000, 0x00000000e0300000|100%|HC|  |TAMS 0x00000000e0300000, 0x00000000e0200000| Complete 
|   3|0x00000000e0300000, 0x00000000e0400000, 0x00000000e0400000|100%|HC|  |TAMS 0x00000000e0400000, 0x00000000e0300000| Complete 
|   4|0x00000000e0400000, 0x00000000e0500000, 0x00000000e0500000|100%| O|  |TAMS 0x00000000e0500000, 0x00000000e0400000| Untracked 
|   5|0x00000000e0500000, 0x00000000e0600000, 0x00000000e0600000|100%| O|  |TAMS 0x00000000e0600000, 0x00000000e0500000| Untracked 
|   6|0x00000000e0600000, 0x00000000e0700000, 0x00000000e0700000|100%| O|  |TAMS 0x00000000e0700000, 0x00000000e0600000| Untracked 
|   7|0x00000000e0700000, 0x00000000e0800000, 0x00000000e0800000|100%| O|  |TAMS 0x00000000e0800000, 0x00000000e0700000| Untracked 
|   8|0x00000000e0800000, 0x00000000e0900000, 0x00000000e0900000|100%| O|  |TAMS 0x00000000e0900000, 0x00000000e0800000| Untracked 
|   9|0x00000000e0900000, 0x00000000e0a00000, 0x00000000e0a00000|100%| O|  |TAMS 0x00000000e0a00000, 0x00000000e0900000| Untracked 
|  10|0x00000000e0a00000, 0x00000000e0b00000, 0x00000000e0b00000|100%| O|  |TAMS 0x00000000e0b00000, 0x00000000e0a00000| Untracked 
|  11|0x00000000e0b00000, 0x00000000e0c00000, 0x00000000e0c00000|100%| O|  |TAMS 0x00000000e0c00000, 0x00000000e0b00000| Untracked 
|  12|0x00000000e0c00000, 0x00000000e0d00000, 0x00000000e0d00000|100%| O|  |TAMS 0x00000000e0d00000, 0x00000000e0c00000| Untracked 
|  13|0x00000000e0d00000, 0x00000000e0e00000, 0x00000000e0e00000|100%| O|  |TAMS 0x00000000e0e00000, 0x00000000e0d00000| Untracked 
|  14|0x00000000e0e00000, 0x00000000e0f00000, 0x00000000e0f00000|100%| O|  |TAMS 0x00000000e0f00000, 0x00000000e0e00000| Untracked 
|  15|0x00000000e0f00000, 0x00000000e1000000, 0x00000000e1000000|100%| O|  |TAMS 0x00000000e1000000, 0x00000000e0f00000| Untracked 
|  16|0x00000000e1000000, 0x00000000e1100000, 0x00000000e1100000|100%| O|  |TAMS 0x00000000e1100000, 0x00000000e1000000| Untracked 
|  17|0x00000000e1100000, 0x00000000e1200000, 0x00000000e1200000|100%| O|  |TAMS 0x00000000e1200000, 0x00000000e1100000| Untracked 
|  18|0x00000000e1200000, 0x00000000e1300000, 0x00000000e1300000|100%| O|  |TAMS 0x00000000e1300000, 0x00000000e1200000| Untracked 
|  19|0x00000000e1300000, 0x00000000e1400000, 0x00000000e1400000|100%| O|  |TAMS 0x00000000e1400000, 0x00000000e1300000| Untracked 
|  20|0x00000000e1400000, 0x00000000e1500000, 0x00000000e1500000|100%| O|  |TAMS 0x00000000e1500000, 0x00000000e1400000| Untracked 
|  21|0x00000000e1500000, 0x00000000e1600000, 0x00000000e1600000|100%| O|  |TAMS 0x00000000e1600000, 0x00000000e1500000| Untracked 
|  22|0x00000000e1600000, 0x00000000e1700000, 0x00000000e1700000|100%| O|  |TAMS 0x00000000e1700000, 0x00000000e1600000| Untracked 
|  23|0x00000000e1700000, 0x00000000e1800000, 0x00000000e1800000|100%| O|  |TAMS 0x00000000e1800000, 0x00000000e1700000| Untracked 
|  24|0x00000000e1800000, 0x00000000e1900000, 0x00000000e1900000|100%| O|  |TAMS 0x00000000e1900000, 0x00000000e1800000| Untracked 
|  25|0x00000000e1900000, 0x00000000e1a00000, 0x00000000e1a00000|100%| O|  |TAMS 0x00000000e1a00000, 0x00000000e1900000| Untracked 
|  26|0x00000000e1a00000, 0x00000000e1b00000, 0x00000000e1b00000|100%| O|  |TAMS 0x00000000e1b00000, 0x00000000e1a00000| Untracked 
|  27|0x00000000e1b00000, 0x00000000e1c00000, 0x00000000e1c00000|100%| O|  |TAMS 0x00000000e1c00000, 0x00000000e1b00000| Untracked 
|  28|0x00000000e1c00000, 0x00000000e1d00000, 0x00000000e1d00000|100%| O|  |TAMS 0x00000000e1d00000, 0x00000000e1c00000| Untracked 
|  29|0x00000000e1d00000, 0x00000000e1e00000, 0x00000000e1e00000|100%| O|  |TAMS 0x00000000e1db9c00, 0x00000000e1d00000| Untracked 
|  30|0x00000000e1e00000, 0x00000000e1f00000, 0x00000000e1f00000|100%| O|  |TAMS 0x00000000e1e00000, 0x00000000e1e00000| Untracked 
|  31|0x00000000e1f00000, 0x00000000e2000000, 0x00000000e2000000|100%| O|  |TAMS 0x00000000e1f00000, 0x00000000e1f00000| Untracked 
|  32|0x00000000e2000000, 0x00000000e2100000, 0x00000000e2100000|100%| O|  |TAMS 0x00000000e2000000, 0x00000000e2000000| Untracked 
|  33|0x00000000e2100000, 0x00000000e2200000, 0x00000000e2200000|100%| O|  |TAMS 0x00000000e2100000, 0x00000000e2100000| Untracked 
|  34|0x00000000e2200000, 0x00000000e2300000, 0x00000000e2300000|100%| O|  |TAMS 0x00000000e2200000, 0x00000000e2200000| Untracked 
|  35|0x00000000e2300000, 0x00000000e2400000, 0x00000000e2400000|100%| O|  |TAMS 0x00000000e2300000, 0x00000000e2300000| Untracked 
|  36|0x00000000e2400000, 0x00000000e2500000, 0x00000000e2500000|100%| O|  |TAMS 0x00000000e2400000, 0x00000000e2400000| Untracked 
|  37|0x00000000e2500000, 0x00000000e2600000, 0x00000000e2600000|100%| O|  |TAMS 0x00000000e2500000, 0x00000000e2500000| Untracked 
|  38|0x00000000e2600000, 0x00000000e2700000, 0x00000000e2700000|100%| O|  |TAMS 0x00000000e2600000, 0x00000000e2600000| Untracked 
|  39|0x00000000e2700000, 0x00000000e2800000, 0x00000000e2800000|100%| O|  |TAMS 0x00000000e2700000, 0x00000000e2700000| Untracked 
|  40|0x00000000e2800000, 0x00000000e2900000, 0x00000000e2900000|100%| O|  |TAMS 0x00000000e2800000, 0x00000000e2800000| Untracked 
|  41|0x00000000e2900000, 0x00000000e2a00000, 0x00000000e2a00000|100%| O|  |TAMS 0x00000000e2900000, 0x00000000e2900000| Untracked 
|  42|0x00000000e2a00000, 0x00000000e2b00000, 0x00000000e2b00000|100%| O|  |TAMS 0x00000000e2a00000, 0x00000000e2a00000| Untracked 
|  43|0x00000000e2b00000, 0x00000000e2c00000, 0x00000000e2c00000|100%| O|  |TAMS 0x00000000e2b00000, 0x00000000e2b00000| Untracked 
|  44|0x00000000e2c00000, 0x00000000e2d00000, 0x00000000e2d00000|100%| O|  |TAMS 0x00000000e2c00000, 0x00000000e2c00000| Untracked 
|  45|0x00000000e2d00000, 0x00000000e2e00000, 0x00000000e2e00000|100%| O|  |TAMS 0x00000000e2d00000, 0x00000000e2d00000| Untracked 
|  46|0x00000000e2e00000, 0x00000000e2f00000, 0x00000000e2f00000|100%| O|  |TAMS 0x00000000e2e00000, 0x00000000e2e00000| Untracked 
|  47|0x00000000e2f00000, 0x00000000e3000000, 0x00000000e3000000|100%| O|  |TAMS 0x00000000e2f00000, 0x00000000e2f00000| Untracked 
|  48|0x00000000e3000000, 0x00000000e3100000, 0x00000000e3100000|100%| O|  |TAMS 0x00000000e3000000, 0x00000000e3000000| Untracked 
|  49|0x00000000e3100000, 0x00000000e3200000, 0x00000000e3200000|100%| O|  |TAMS 0x00000000e3100000, 0x00000000e3100000| Untracked 
|  50|0x00000000e3200000, 0x00000000e3300000, 0x00000000e3300000|100%| O|  |TAMS 0x00000000e3200000, 0x00000000e3200000| Untracked 
|  51|0x00000000e3300000, 0x00000000e3400000, 0x00000000e3400000|100%| O|  |TAMS 0x00000000e3300000, 0x00000000e3300000| Untracked 
|  52|0x00000000e3400000, 0x00000000e3500000, 0x00000000e3500000|100%| O|  |TAMS 0x00000000e3400000, 0x00000000e3400000| Untracked 
|  53|0x00000000e3500000, 0x00000000e3528200, 0x00000000e3600000| 15%| O|  |TAMS 0x00000000e3500000, 0x00000000e3500000| Untracked 
|  54|0x00000000e3600000, 0x00000000e3600000, 0x00000000e3700000|  0%| F|  |TAMS 0x00000000e3600000, 0x00000000e3600000| Untracked 
|  55|0x00000000e3700000, 0x00000000e3700000, 0x00000000e3800000|  0%| F|  |TAMS 0x00000000e3700000, 0x00000000e3700000| Untracked 
|  56|0x00000000e3800000, 0x00000000e3800000, 0x00000000e3900000|  0%| F|  |TAMS 0x00000000e3800000, 0x00000000e3800000| Untracked 
|  57|0x00000000e3900000, 0x00000000e3900000, 0x00000000e3a00000|  0%| F|  |TAMS 0x00000000e3900000, 0x00000000e3900000| Untracked 
|  58|0x00000000e3a00000, 0x00000000e3a00000, 0x00000000e3b00000|  0%| F|  |TAMS 0x00000000e3a00000, 0x00000000e3a00000| Untracked 
|  59|0x00000000e3b00000, 0x00000000e3b00000, 0x00000000e3c00000|  0%| F|  |TAMS 0x00000000e3b00000, 0x00000000e3b00000| Untracked 
|  60|0x00000000e3c00000, 0x00000000e3c00000, 0x00000000e3d00000|  0%| F|  |TAMS 0x00000000e3c00000, 0x00000000e3c00000| Untracked 
|  61|0x00000000e3d00000, 0x00000000e3d00000, 0x00000000e3e00000|  0%| F|  |TAMS 0x00000000e3d00000, 0x00000000e3d00000| Untracked 
|  62|0x00000000e3e00000, 0x00000000e3e00000, 0x00000000e3f00000|  0%| F|  |TAMS 0x00000000e3e00000, 0x00000000e3e00000| Untracked 
|  63|0x00000000e3f00000, 0x00000000e3f00000, 0x00000000e4000000|  0%| F|  |TAMS 0x00000000e3f00000, 0x00000000e3f00000| Untracked 
|  64|0x00000000e4000000, 0x00000000e4000000, 0x00000000e4100000|  0%| F|  |TAMS 0x00000000e4000000, 0x00000000e4000000| Untracked 
|  65|0x00000000e4100000, 0x00000000e4100000, 0x00000000e4200000|  0%| F|  |TAMS 0x00000000e4100000, 0x00000000e4100000| Untracked 
|  66|0x00000000e4200000, 0x00000000e4200000, 0x00000000e4300000|  0%| F|  |TAMS 0x00000000e4200000, 0x00000000e4200000| Untracked 
|  67|0x00000000e4300000, 0x00000000e4300000, 0x00000000e4400000|  0%| F|  |TAMS 0x00000000e4300000, 0x00000000e4300000| Untracked 
|  68|0x00000000e4400000, 0x00000000e4400000, 0x00000000e4500000|  0%| F|  |TAMS 0x00000000e4400000, 0x00000000e4400000| Untracked 
|  69|0x00000000e4500000, 0x00000000e4500000, 0x00000000e4600000|  0%| F|  |TAMS 0x00000000e4500000, 0x00000000e4500000| Untracked 
|  70|0x00000000e4600000, 0x00000000e4600000, 0x00000000e4700000|  0%| F|  |TAMS 0x00000000e4600000, 0x00000000e4600000| Untracked 
|  71|0x00000000e4700000, 0x00000000e4700000, 0x00000000e4800000|  0%| F|  |TAMS 0x00000000e4700000, 0x00000000e4700000| Untracked 
|  72|0x00000000e4800000, 0x00000000e4800000, 0x00000000e4900000|  0%| F|  |TAMS 0x00000000e4800000, 0x00000000e4800000| Untracked 
|  73|0x00000000e4900000, 0x00000000e4900000, 0x00000000e4a00000|  0%| F|  |TAMS 0x00000000e4900000, 0x00000000e4900000| Untracked 
|  74|0x00000000e4a00000, 0x00000000e4a00000, 0x00000000e4b00000|  0%| F|  |TAMS 0x00000000e4a00000, 0x00000000e4a00000| Untracked 
|  75|0x00000000e4b00000, 0x00000000e4b00000, 0x00000000e4c00000|  0%| F|  |TAMS 0x00000000e4b00000, 0x00000000e4b00000| Untracked 
|  76|0x00000000e4c00000, 0x00000000e4c00000, 0x00000000e4d00000|  0%| F|  |TAMS 0x00000000e4c00000, 0x00000000e4c00000| Untracked 
|  77|0x00000000e4d00000, 0x00000000e4d00000, 0x00000000e4e00000|  0%| F|  |TAMS 0x00000000e4d00000, 0x00000000e4d00000| Untracked 
|  78|0x00000000e4e00000, 0x00000000e4e00000, 0x00000000e4f00000|  0%| F|  |TAMS 0x00000000e4e00000, 0x00000000e4e00000| Untracked 
|  79|0x00000000e4f00000, 0x00000000e4f00000, 0x00000000e5000000|  0%| F|  |TAMS 0x00000000e4f00000, 0x00000000e4f00000| Untracked 
|  80|0x00000000e5000000, 0x00000000e5000000, 0x00000000e5100000|  0%| F|  |TAMS 0x00000000e5000000, 0x00000000e5000000| Untracked 
|  81|0x00000000e5100000, 0x00000000e5100000, 0x00000000e5200000|  0%| F|  |TAMS 0x00000000e5100000, 0x00000000e5100000| Untracked 
|  82|0x00000000e5200000, 0x00000000e5200000, 0x00000000e5300000|  0%| F|  |TAMS 0x00000000e5200000, 0x00000000e5200000| Untracked 
|  83|0x00000000e5300000, 0x00000000e5300000, 0x00000000e5400000|  0%| F|  |TAMS 0x00000000e5300000, 0x00000000e5300000| Untracked 
|  84|0x00000000e5400000, 0x00000000e5400000, 0x00000000e5500000|  0%| F|  |TAMS 0x00000000e5400000, 0x00000000e5400000| Untracked 
|  85|0x00000000e5500000, 0x00000000e5500000, 0x00000000e5600000|  0%| F|  |TAMS 0x00000000e5500000, 0x00000000e5500000| Untracked 
|  86|0x00000000e5600000, 0x00000000e5600000, 0x00000000e5700000|  0%| F|  |TAMS 0x00000000e5600000, 0x00000000e5600000| Untracked 
|  87|0x00000000e5700000, 0x00000000e5700000, 0x00000000e5800000|  0%| F|  |TAMS 0x00000000e5700000, 0x00000000e5700000| Untracked 
|  88|0x00000000e5800000, 0x00000000e5800000, 0x00000000e5900000|  0%| F|  |TAMS 0x00000000e5800000, 0x00000000e5800000| Untracked 
|  89|0x00000000e5900000, 0x00000000e5900000, 0x00000000e5a00000|  0%| F|  |TAMS 0x00000000e5900000, 0x00000000e5900000| Untracked 
|  90|0x00000000e5a00000, 0x00000000e5a00000, 0x00000000e5b00000|  0%| F|  |TAMS 0x00000000e5a00000, 0x00000000e5a00000| Untracked 
|  91|0x00000000e5b00000, 0x00000000e5b00000, 0x00000000e5c00000|  0%| F|  |TAMS 0x00000000e5b00000, 0x00000000e5b00000| Untracked 
|  92|0x00000000e5c00000, 0x00000000e5c00000, 0x00000000e5d00000|  0%| F|  |TAMS 0x00000000e5c00000, 0x00000000e5c00000| Untracked 
|  93|0x00000000e5d00000, 0x00000000e5d37088, 0x00000000e5e00000| 21%| S|CS|TAMS 0x00000000e5d00000, 0x00000000e5d00000| Complete 
|  94|0x00000000e5e00000, 0x00000000e5f00000, 0x00000000e5f00000|100%| S|CS|TAMS 0x00000000e5e00000, 0x00000000e5e00000| Complete 
|  95|0x00000000e5f00000, 0x00000000e6000000, 0x00000000e6000000|100%| S|CS|TAMS 0x00000000e5f00000, 0x00000000e5f00000| Complete 
|  96|0x00000000e6000000, 0x00000000e6100000, 0x00000000e6100000|100%| S|CS|TAMS 0x00000000e6000000, 0x00000000e6000000| Complete 
|  97|0x00000000e6100000, 0x00000000e6100000, 0x00000000e6200000|  0%| F|  |TAMS 0x00000000e6100000, 0x00000000e6100000| Untracked 
|  98|0x00000000e6200000, 0x00000000e6200000, 0x00000000e6300000|  0%| F|  |TAMS 0x00000000e6200000, 0x00000000e6200000| Untracked 
|  99|0x00000000e6300000, 0x00000000e6300000, 0x00000000e6400000|  0%| F|  |TAMS 0x00000000e6300000, 0x00000000e6300000| Untracked 
| 100|0x00000000e6400000, 0x00000000e6400000, 0x00000000e6500000|  0%| F|  |TAMS 0x00000000e6400000, 0x00000000e6400000| Untracked 
| 101|0x00000000e6500000, 0x00000000e6600000, 0x00000000e6600000|100%| S|CS|TAMS 0x00000000e6500000, 0x00000000e6500000| Complete 
| 102|0x00000000e6600000, 0x00000000e6700000, 0x00000000e6700000|100%| S|CS|TAMS 0x00000000e6600000, 0x00000000e6600000| Complete 
| 103|0x00000000e6700000, 0x00000000e6800000, 0x00000000e6800000|100%| S|CS|TAMS 0x00000000e6700000, 0x00000000e6700000| Complete 
| 104|0x00000000e6800000, 0x00000000e6900000, 0x00000000e6900000|100%| S|CS|TAMS 0x00000000e6800000, 0x00000000e6800000| Complete 
| 105|0x00000000e6900000, 0x00000000e6900000, 0x00000000e6a00000|  0%| F|  |TAMS 0x00000000e6900000, 0x00000000e6900000| Untracked 
| 106|0x00000000e6a00000, 0x00000000e6a00000, 0x00000000e6b00000|  0%| F|  |TAMS 0x00000000e6a00000, 0x00000000e6a00000| Untracked 
| 107|0x00000000e6b00000, 0x00000000e6b00000, 0x00000000e6c00000|  0%| F|  |TAMS 0x00000000e6b00000, 0x00000000e6b00000| Untracked 
| 108|0x00000000e6c00000, 0x00000000e6c00000, 0x00000000e6d00000|  0%| F|  |TAMS 0x00000000e6c00000, 0x00000000e6c00000| Untracked 
| 109|0x00000000e6d00000, 0x00000000e6d00000, 0x00000000e6e00000|  0%| F|  |TAMS 0x00000000e6d00000, 0x00000000e6d00000| Untracked 
| 110|0x00000000e6e00000, 0x00000000e6e00000, 0x00000000e6f00000|  0%| F|  |TAMS 0x00000000e6e00000, 0x00000000e6e00000| Untracked 
| 111|0x00000000e6f00000, 0x00000000e6f00000, 0x00000000e7000000|  0%| F|  |TAMS 0x00000000e6f00000, 0x00000000e6f00000| Untracked 
| 112|0x00000000e7000000, 0x00000000e7100000, 0x00000000e7100000|100%| S|CS|TAMS 0x00000000e7000000, 0x00000000e7000000| Complete 
| 113|0x00000000e7100000, 0x00000000e7200000, 0x00000000e7200000|100%| S|CS|TAMS 0x00000000e7100000, 0x00000000e7100000| Complete 
| 114|0x00000000e7200000, 0x00000000e7300000, 0x00000000e7300000|100%| S|CS|TAMS 0x00000000e7200000, 0x00000000e7200000| Complete 
| 115|0x00000000e7300000, 0x00000000e7400000, 0x00000000e7400000|100%| S|CS|TAMS 0x00000000e7300000, 0x00000000e7300000| Complete 
| 116|0x00000000e7400000, 0x00000000e7500000, 0x00000000e7500000|100%| S|CS|TAMS 0x00000000e7400000, 0x00000000e7400000| Complete 
| 117|0x00000000e7500000, 0x00000000e7500000, 0x00000000e7600000|  0%| F|  |TAMS 0x00000000e7500000, 0x00000000e7500000| Untracked 
| 118|0x00000000e7600000, 0x00000000e7600000, 0x00000000e7700000|  0%| F|  |TAMS 0x00000000e7600000, 0x00000000e7600000| Untracked 
| 119|0x00000000e7700000, 0x00000000e7700000, 0x00000000e7800000|  0%| F|  |TAMS 0x00000000e7700000, 0x00000000e7700000| Untracked 
| 120|0x00000000e7800000, 0x00000000e7800000, 0x00000000e7900000|  0%| F|  |TAMS 0x00000000e7800000, 0x00000000e7800000| Untracked 
| 121|0x00000000e7900000, 0x00000000e7900000, 0x00000000e7a00000|  0%| F|  |TAMS 0x00000000e7900000, 0x00000000e7900000| Untracked 
| 122|0x00000000e7a00000, 0x00000000e7a00000, 0x00000000e7b00000|  0%| F|  |TAMS 0x00000000e7a00000, 0x00000000e7a00000| Untracked 
| 123|0x00000000e7b00000, 0x00000000e7b00000, 0x00000000e7c00000|  0%| F|  |TAMS 0x00000000e7b00000, 0x00000000e7b00000| Untracked 
| 124|0x00000000e7c00000, 0x00000000e7c00000, 0x00000000e7d00000|  0%| F|  |TAMS 0x00000000e7c00000, 0x00000000e7c00000| Untracked 
| 125|0x00000000e7d00000, 0x00000000e7d00000, 0x00000000e7e00000|  0%| F|  |TAMS 0x00000000e7d00000, 0x00000000e7d00000| Untracked 
| 126|0x00000000e7e00000, 0x00000000e7e00000, 0x00000000e7f00000|  0%| F|  |TAMS 0x00000000e7e00000, 0x00000000e7e00000| Untracked 
| 127|0x00000000e7f00000, 0x00000000e7f00000, 0x00000000e8000000|  0%| F|  |TAMS 0x00000000e7f00000, 0x00000000e7f00000| Untracked 
| 128|0x00000000e8000000, 0x00000000e8000000, 0x00000000e8100000|  0%| F|  |TAMS 0x00000000e8000000, 0x00000000e8000000| Untracked 
| 129|0x00000000e8100000, 0x00000000e8100000, 0x00000000e8200000|  0%| F|  |TAMS 0x00000000e8100000, 0x00000000e8100000| Untracked 
| 130|0x00000000e8200000, 0x00000000e8200000, 0x00000000e8300000|  0%| F|  |TAMS 0x00000000e8200000, 0x00000000e8200000| Untracked 
| 131|0x00000000e8300000, 0x00000000e8300000, 0x00000000e8400000|  0%| F|  |TAMS 0x00000000e8300000, 0x00000000e8300000| Untracked 
| 132|0x00000000e8400000, 0x00000000e8400000, 0x00000000e8500000|  0%| F|  |TAMS 0x00000000e8400000, 0x00000000e8400000| Untracked 
| 133|0x00000000e8500000, 0x00000000e8500000, 0x00000000e8600000|  0%| F|  |TAMS 0x00000000e8500000, 0x00000000e8500000| Untracked 
| 134|0x00000000e8600000, 0x00000000e8600000, 0x00000000e8700000|  0%| F|  |TAMS 0x00000000e8600000, 0x00000000e8600000| Untracked 
| 135|0x00000000e8700000, 0x00000000e8700000, 0x00000000e8800000|  0%| F|  |TAMS 0x00000000e8700000, 0x00000000e8700000| Untracked 
| 136|0x00000000e8800000, 0x00000000e8800000, 0x00000000e8900000|  0%| F|  |TAMS 0x00000000e8800000, 0x00000000e8800000| Untracked 
| 137|0x00000000e8900000, 0x00000000e8900000, 0x00000000e8a00000|  0%| F|  |TAMS 0x00000000e8900000, 0x00000000e8900000| Untracked 
| 138|0x00000000e8a00000, 0x00000000e8a00000, 0x00000000e8b00000|  0%| F|  |TAMS 0x00000000e8a00000, 0x00000000e8a00000| Untracked 
| 139|0x00000000e8b00000, 0x00000000e8b00000, 0x00000000e8c00000|  0%| F|  |TAMS 0x00000000e8b00000, 0x00000000e8b00000| Untracked 
| 140|0x00000000e8c00000, 0x00000000e8c00000, 0x00000000e8d00000|  0%| F|  |TAMS 0x00000000e8c00000, 0x00000000e8c00000| Untracked 
| 141|0x00000000e8d00000, 0x00000000e8d00000, 0x00000000e8e00000|  0%| F|  |TAMS 0x00000000e8d00000, 0x00000000e8d00000| Untracked 
| 142|0x00000000e8e00000, 0x00000000e8e00000, 0x00000000e8f00000|  0%| F|  |TAMS 0x00000000e8e00000, 0x00000000e8e00000| Untracked 
| 143|0x00000000e8f00000, 0x00000000e8f00000, 0x00000000e9000000|  0%| F|  |TAMS 0x00000000e8f00000, 0x00000000e8f00000| Untracked 
| 144|0x00000000e9000000, 0x00000000e9000000, 0x00000000e9100000|  0%| F|  |TAMS 0x00000000e9000000, 0x00000000e9000000| Untracked 
| 145|0x00000000e9100000, 0x00000000e9100000, 0x00000000e9200000|  0%| F|  |TAMS 0x00000000e9100000, 0x00000000e9100000| Untracked 
| 146|0x00000000e9200000, 0x00000000e9200000, 0x00000000e9300000|  0%| F|  |TAMS 0x00000000e9200000, 0x00000000e9200000| Untracked 
| 147|0x00000000e9300000, 0x00000000e9300000, 0x00000000e9400000|  0%| F|  |TAMS 0x00000000e9300000, 0x00000000e9300000| Untracked 
| 148|0x00000000e9400000, 0x00000000e9400000, 0x00000000e9500000|  0%| F|  |TAMS 0x00000000e9400000, 0x00000000e9400000| Untracked 
| 149|0x00000000e9500000, 0x00000000e9500000, 0x00000000e9600000|  0%| F|  |TAMS 0x00000000e9500000, 0x00000000e9500000| Untracked 
| 150|0x00000000e9600000, 0x00000000e9600000, 0x00000000e9700000|  0%| F|  |TAMS 0x00000000e9600000, 0x00000000e9600000| Untracked 
| 151|0x00000000e9700000, 0x00000000e9700000, 0x00000000e9800000|  0%| F|  |TAMS 0x00000000e9700000, 0x00000000e9700000| Untracked 
| 152|0x00000000e9800000, 0x00000000e98aaab0, 0x00000000e9900000| 66%| E|  |TAMS 0x00000000e9800000, 0x00000000e9800000| Complete 
| 153|0x00000000e9900000, 0x00000000e9a00000, 0x00000000e9a00000|100%| E|CS|TAMS 0x00000000e9900000, 0x00000000e9900000| Complete 
| 154|0x00000000e9a00000, 0x00000000e9b00000, 0x00000000e9b00000|100%| E|CS|TAMS 0x00000000e9a00000, 0x00000000e9a00000| Complete 
| 155|0x00000000e9b00000, 0x00000000e9c00000, 0x00000000e9c00000|100%| E|CS|TAMS 0x00000000e9b00000, 0x00000000e9b00000| Complete 
| 156|0x00000000e9c00000, 0x00000000e9d00000, 0x00000000e9d00000|100%| E|CS|TAMS 0x00000000e9c00000, 0x00000000e9c00000| Complete 
| 157|0x00000000e9d00000, 0x00000000e9e00000, 0x00000000e9e00000|100%| E|CS|TAMS 0x00000000e9d00000, 0x00000000e9d00000| Complete 
| 158|0x00000000e9e00000, 0x00000000e9f00000, 0x00000000e9f00000|100%| E|CS|TAMS 0x00000000e9e00000, 0x00000000e9e00000| Complete 
| 159|0x00000000e9f00000, 0x00000000ea000000, 0x00000000ea000000|100%| E|CS|TAMS 0x00000000e9f00000, 0x00000000e9f00000| Complete 
| 160|0x00000000ea000000, 0x00000000ea100000, 0x00000000ea100000|100%| E|CS|TAMS 0x00000000ea000000, 0x00000000ea000000| Complete 
| 161|0x00000000ea100000, 0x00000000ea200000, 0x00000000ea200000|100%| E|CS|TAMS 0x00000000ea100000, 0x00000000ea100000| Complete 
| 162|0x00000000ea200000, 0x00000000ea300000, 0x00000000ea300000|100%| E|CS|TAMS 0x00000000ea200000, 0x00000000ea200000| Complete 
| 163|0x00000000ea300000, 0x00000000ea400000, 0x00000000ea400000|100%| E|CS|TAMS 0x00000000ea300000, 0x00000000ea300000| Complete 
| 164|0x00000000ea400000, 0x00000000ea500000, 0x00000000ea500000|100%| E|CS|TAMS 0x00000000ea400000, 0x00000000ea400000| Complete 
| 165|0x00000000ea500000, 0x00000000ea600000, 0x00000000ea600000|100%| E|CS|TAMS 0x00000000ea500000, 0x00000000ea500000| Complete 
| 166|0x00000000ea600000, 0x00000000ea700000, 0x00000000ea700000|100%| E|CS|TAMS 0x00000000ea600000, 0x00000000ea600000| Complete 
| 167|0x00000000ea700000, 0x00000000ea800000, 0x00000000ea800000|100%| E|CS|TAMS 0x00000000ea700000, 0x00000000ea700000| Complete 
| 168|0x00000000ea800000, 0x00000000ea900000, 0x00000000ea900000|100%| E|CS|TAMS 0x00000000ea800000, 0x00000000ea800000| Complete 
| 169|0x00000000ea900000, 0x00000000eaa00000, 0x00000000eaa00000|100%| E|CS|TAMS 0x00000000ea900000, 0x00000000ea900000| Complete 
| 170|0x00000000eaa00000, 0x00000000eab00000, 0x00000000eab00000|100%| E|CS|TAMS 0x00000000eaa00000, 0x00000000eaa00000| Complete 
| 171|0x00000000eab00000, 0x00000000eac00000, 0x00000000eac00000|100%| E|CS|TAMS 0x00000000eab00000, 0x00000000eab00000| Complete 
| 172|0x00000000eac00000, 0x00000000ead00000, 0x00000000ead00000|100%| E|CS|TAMS 0x00000000eac00000, 0x00000000eac00000| Complete 
| 173|0x00000000ead00000, 0x00000000eae00000, 0x00000000eae00000|100%| E|CS|TAMS 0x00000000ead00000, 0x00000000ead00000| Complete 
| 174|0x00000000eae00000, 0x00000000eaf00000, 0x00000000eaf00000|100%| E|CS|TAMS 0x00000000eae00000, 0x00000000eae00000| Complete 
| 175|0x00000000eaf00000, 0x00000000eb000000, 0x00000000eb000000|100%| E|CS|TAMS 0x00000000eaf00000, 0x00000000eaf00000| Complete 
| 176|0x00000000eb000000, 0x00000000eb100000, 0x00000000eb100000|100%| E|CS|TAMS 0x00000000eb000000, 0x00000000eb000000| Complete 
| 177|0x00000000eb100000, 0x00000000eb200000, 0x00000000eb200000|100%| E|  |TAMS 0x00000000eb100000, 0x00000000eb100000| Complete 
| 178|0x00000000eb200000, 0x00000000eb300000, 0x00000000eb300000|100%| E|CS|TAMS 0x00000000eb200000, 0x00000000eb200000| Complete 
| 179|0x00000000eb300000, 0x00000000eb400000, 0x00000000eb400000|100%| E|CS|TAMS 0x00000000eb300000, 0x00000000eb300000| Complete 
| 180|0x00000000eb400000, 0x00000000eb500000, 0x00000000eb500000|100%| E|CS|TAMS 0x00000000eb400000, 0x00000000eb400000| Complete 
| 181|0x00000000eb500000, 0x00000000eb600000, 0x00000000eb600000|100%| E|CS|TAMS 0x00000000eb500000, 0x00000000eb500000| Complete 
| 182|0x00000000eb600000, 0x00000000eb700000, 0x00000000eb700000|100%| E|CS|TAMS 0x00000000eb600000, 0x00000000eb600000| Complete 
| 183|0x00000000eb700000, 0x00000000eb800000, 0x00000000eb800000|100%| E|CS|TAMS 0x00000000eb700000, 0x00000000eb700000| Complete 
| 184|0x00000000eb800000, 0x00000000eb900000, 0x00000000eb900000|100%| E|CS|TAMS 0x00000000eb800000, 0x00000000eb800000| Complete 
| 185|0x00000000eb900000, 0x00000000eba00000, 0x00000000eba00000|100%| E|CS|TAMS 0x00000000eb900000, 0x00000000eb900000| Complete 
| 186|0x00000000eba00000, 0x00000000ebb00000, 0x00000000ebb00000|100%| E|CS|TAMS 0x00000000eba00000, 0x00000000eba00000| Complete 
| 187|0x00000000ebb00000, 0x00000000ebc00000, 0x00000000ebc00000|100%| E|CS|TAMS 0x00000000ebb00000, 0x00000000ebb00000| Complete 
| 188|0x00000000ebc00000, 0x00000000ebd00000, 0x00000000ebd00000|100%| E|CS|TAMS 0x00000000ebc00000, 0x00000000ebc00000| Complete 
| 189|0x00000000ebd00000, 0x00000000ebe00000, 0x00000000ebe00000|100%| E|CS|TAMS 0x00000000ebd00000, 0x00000000ebd00000| Complete 
| 190|0x00000000ebe00000, 0x00000000ebf00000, 0x00000000ebf00000|100%| E|CS|TAMS 0x00000000ebe00000, 0x00000000ebe00000| Complete 
| 191|0x00000000ebf00000, 0x00000000ec000000, 0x00000000ec000000|100%| E|CS|TAMS 0x00000000ebf00000, 0x00000000ebf00000| Complete 
| 192|0x00000000ec000000, 0x00000000ec100000, 0x00000000ec100000|100%| E|CS|TAMS 0x00000000ec000000, 0x00000000ec000000| Complete 
| 193|0x00000000ec100000, 0x00000000ec200000, 0x00000000ec200000|100%| E|CS|TAMS 0x00000000ec100000, 0x00000000ec100000| Complete 
| 194|0x00000000ec200000, 0x00000000ec300000, 0x00000000ec300000|100%| E|CS|TAMS 0x00000000ec200000, 0x00000000ec200000| Complete 
| 195|0x00000000ec300000, 0x00000000ec400000, 0x00000000ec400000|100%| E|CS|TAMS 0x00000000ec300000, 0x00000000ec300000| Complete 
| 196|0x00000000ec400000, 0x00000000ec500000, 0x00000000ec500000|100%| E|CS|TAMS 0x00000000ec400000, 0x00000000ec400000| Complete 
| 197|0x00000000ec500000, 0x00000000ec600000, 0x00000000ec600000|100%| E|CS|TAMS 0x00000000ec500000, 0x00000000ec500000| Complete 
| 198|0x00000000ec600000, 0x00000000ec700000, 0x00000000ec700000|100%| E|CS|TAMS 0x00000000ec600000, 0x00000000ec600000| Complete 
| 199|0x00000000ec700000, 0x00000000ec800000, 0x00000000ec800000|100%| E|CS|TAMS 0x00000000ec700000, 0x00000000ec700000| Complete 
| 200|0x00000000ec800000, 0x00000000ec900000, 0x00000000ec900000|100%| E|CS|TAMS 0x00000000ec800000, 0x00000000ec800000| Complete 
| 201|0x00000000ec900000, 0x00000000eca00000, 0x00000000eca00000|100%| E|CS|TAMS 0x00000000ec900000, 0x00000000ec900000| Complete 
| 202|0x00000000eca00000, 0x00000000ecb00000, 0x00000000ecb00000|100%| E|CS|TAMS 0x00000000eca00000, 0x00000000eca00000| Complete 
| 203|0x00000000ecb00000, 0x00000000ecc00000, 0x00000000ecc00000|100%| E|CS|TAMS 0x00000000ecb00000, 0x00000000ecb00000| Complete 
| 204|0x00000000ecc00000, 0x00000000ecd00000, 0x00000000ecd00000|100%| E|CS|TAMS 0x00000000ecc00000, 0x00000000ecc00000| Complete 
| 205|0x00000000ecd00000, 0x00000000ece00000, 0x00000000ece00000|100%| E|CS|TAMS 0x00000000ecd00000, 0x00000000ecd00000| Complete 
| 206|0x00000000ece00000, 0x00000000ecf00000, 0x00000000ecf00000|100%| E|CS|TAMS 0x00000000ece00000, 0x00000000ece00000| Complete 
| 207|0x00000000ecf00000, 0x00000000ed000000, 0x00000000ed000000|100%| E|CS|TAMS 0x00000000ecf00000, 0x00000000ecf00000| Complete 
| 208|0x00000000ed000000, 0x00000000ed100000, 0x00000000ed100000|100%| E|CS|TAMS 0x00000000ed000000, 0x00000000ed000000| Complete 
| 209|0x00000000ed100000, 0x00000000ed200000, 0x00000000ed200000|100%| E|CS|TAMS 0x00000000ed100000, 0x00000000ed100000| Complete 
| 210|0x00000000ed200000, 0x00000000ed300000, 0x00000000ed300000|100%| E|CS|TAMS 0x00000000ed200000, 0x00000000ed200000| Complete 
| 211|0x00000000ed300000, 0x00000000ed400000, 0x00000000ed400000|100%| E|CS|TAMS 0x00000000ed300000, 0x00000000ed300000| Complete 
| 212|0x00000000ed400000, 0x00000000ed500000, 0x00000000ed500000|100%| E|CS|TAMS 0x00000000ed400000, 0x00000000ed400000| Complete 
| 213|0x00000000ed500000, 0x00000000ed600000, 0x00000000ed600000|100%| E|CS|TAMS 0x00000000ed500000, 0x00000000ed500000| Complete 
| 214|0x00000000ed600000, 0x00000000ed700000, 0x00000000ed700000|100%| E|CS|TAMS 0x00000000ed600000, 0x00000000ed600000| Complete 
| 215|0x00000000ed700000, 0x00000000ed800000, 0x00000000ed800000|100%| E|CS|TAMS 0x00000000ed700000, 0x00000000ed700000| Complete 
| 216|0x00000000ed800000, 0x00000000ed900000, 0x00000000ed900000|100%| E|CS|TAMS 0x00000000ed800000, 0x00000000ed800000| Complete 
| 217|0x00000000ed900000, 0x00000000eda00000, 0x00000000eda00000|100%| E|CS|TAMS 0x00000000ed900000, 0x00000000ed900000| Complete 
| 218|0x00000000eda00000, 0x00000000edb00000, 0x00000000edb00000|100%| E|CS|TAMS 0x00000000eda00000, 0x00000000eda00000| Complete 
| 219|0x00000000edb00000, 0x00000000edc00000, 0x00000000edc00000|100%| E|CS|TAMS 0x00000000edb00000, 0x00000000edb00000| Complete 
| 220|0x00000000edc00000, 0x00000000edd00000, 0x00000000edd00000|100%| E|CS|TAMS 0x00000000edc00000, 0x00000000edc00000| Complete 
| 221|0x00000000edd00000, 0x00000000ede00000, 0x00000000ede00000|100%| E|CS|TAMS 0x00000000edd00000, 0x00000000edd00000| Complete 
| 222|0x00000000ede00000, 0x00000000edf00000, 0x00000000edf00000|100%| E|CS|TAMS 0x00000000ede00000, 0x00000000ede00000| Complete 
| 223|0x00000000edf00000, 0x00000000ee000000, 0x00000000ee000000|100%| E|CS|TAMS 0x00000000edf00000, 0x00000000edf00000| Complete 
| 224|0x00000000ee000000, 0x00000000ee100000, 0x00000000ee100000|100%| E|CS|TAMS 0x00000000ee000000, 0x00000000ee000000| Complete 
| 225|0x00000000ee100000, 0x00000000ee200000, 0x00000000ee200000|100%| E|CS|TAMS 0x00000000ee100000, 0x00000000ee100000| Complete 
| 226|0x00000000ee200000, 0x00000000ee300000, 0x00000000ee300000|100%| E|CS|TAMS 0x00000000ee200000, 0x00000000ee200000| Complete 
| 227|0x00000000ee300000, 0x00000000ee400000, 0x00000000ee400000|100%| E|CS|TAMS 0x00000000ee300000, 0x00000000ee300000| Complete 
| 228|0x00000000ee400000, 0x00000000ee500000, 0x00000000ee500000|100%| E|CS|TAMS 0x00000000ee400000, 0x00000000ee400000| Complete 
| 229|0x00000000ee500000, 0x00000000ee600000, 0x00000000ee600000|100%| E|CS|TAMS 0x00000000ee500000, 0x00000000ee500000| Complete 
| 230|0x00000000ee600000, 0x00000000ee700000, 0x00000000ee700000|100%| E|CS|TAMS 0x00000000ee600000, 0x00000000ee600000| Complete 
| 231|0x00000000ee700000, 0x00000000ee800000, 0x00000000ee800000|100%| E|CS|TAMS 0x00000000ee700000, 0x00000000ee700000| Complete 
| 232|0x00000000ee800000, 0x00000000ee900000, 0x00000000ee900000|100%| E|CS|TAMS 0x00000000ee800000, 0x00000000ee800000| Complete 
| 233|0x00000000ee900000, 0x00000000eea00000, 0x00000000eea00000|100%| E|CS|TAMS 0x00000000ee900000, 0x00000000ee900000| Complete 
| 234|0x00000000eea00000, 0x00000000eeb00000, 0x00000000eeb00000|100%| E|CS|TAMS 0x00000000eea00000, 0x00000000eea00000| Complete 
| 235|0x00000000eeb00000, 0x00000000eec00000, 0x00000000eec00000|100%| E|CS|TAMS 0x00000000eeb00000, 0x00000000eeb00000| Complete 
| 236|0x00000000eec00000, 0x00000000eed00000, 0x00000000eed00000|100%| E|CS|TAMS 0x00000000eec00000, 0x00000000eec00000| Complete 
| 237|0x00000000eed00000, 0x00000000eee00000, 0x00000000eee00000|100%| E|CS|TAMS 0x00000000eed00000, 0x00000000eed00000| Complete 
| 238|0x00000000eee00000, 0x00000000eef00000, 0x00000000eef00000|100%| E|CS|TAMS 0x00000000eee00000, 0x00000000eee00000| Complete 
| 239|0x00000000eef00000, 0x00000000ef000000, 0x00000000ef000000|100%| E|CS|TAMS 0x00000000eef00000, 0x00000000eef00000| Complete 
| 240|0x00000000ef000000, 0x00000000ef100000, 0x00000000ef100000|100%| E|CS|TAMS 0x00000000ef000000, 0x00000000ef000000| Complete 
| 241|0x00000000ef100000, 0x00000000ef200000, 0x00000000ef200000|100%| E|CS|TAMS 0x00000000ef100000, 0x00000000ef100000| Complete 
| 242|0x00000000ef200000, 0x00000000ef300000, 0x00000000ef300000|100%| E|CS|TAMS 0x00000000ef200000, 0x00000000ef200000| Complete 
| 243|0x00000000ef300000, 0x00000000ef400000, 0x00000000ef400000|100%| E|CS|TAMS 0x00000000ef300000, 0x00000000ef300000| Complete 
| 244|0x00000000ef400000, 0x00000000ef500000, 0x00000000ef500000|100%| E|CS|TAMS 0x00000000ef400000, 0x00000000ef400000| Complete 
| 245|0x00000000ef500000, 0x00000000ef600000, 0x00000000ef600000|100%| E|CS|TAMS 0x00000000ef500000, 0x00000000ef500000| Complete 
| 246|0x00000000ef600000, 0x00000000ef700000, 0x00000000ef700000|100%| E|CS|TAMS 0x00000000ef600000, 0x00000000ef600000| Complete 
| 247|0x00000000ef700000, 0x00000000ef800000, 0x00000000ef800000|100%| E|CS|TAMS 0x00000000ef700000, 0x00000000ef700000| Complete 
| 248|0x00000000ef800000, 0x00000000ef900000, 0x00000000ef900000|100%| E|CS|TAMS 0x00000000ef800000, 0x00000000ef800000| Complete 
| 249|0x00000000ef900000, 0x00000000efa00000, 0x00000000efa00000|100%| E|CS|TAMS 0x00000000ef900000, 0x00000000ef900000| Complete 
| 250|0x00000000efa00000, 0x00000000efb00000, 0x00000000efb00000|100%| E|CS|TAMS 0x00000000efa00000, 0x00000000efa00000| Complete 
| 251|0x00000000efb00000, 0x00000000efc00000, 0x00000000efc00000|100%| E|CS|TAMS 0x00000000efb00000, 0x00000000efb00000| Complete 
| 252|0x00000000efc00000, 0x00000000efd00000, 0x00000000efd00000|100%| E|CS|TAMS 0x00000000efc00000, 0x00000000efc00000| Complete 
| 253|0x00000000efd00000, 0x00000000efe00000, 0x00000000efe00000|100%| E|CS|TAMS 0x00000000efd00000, 0x00000000efd00000| Complete 
| 254|0x00000000efe00000, 0x00000000eff00000, 0x00000000eff00000|100%| E|CS|TAMS 0x00000000efe00000, 0x00000000efe00000| Complete 
| 255|0x00000000eff00000, 0x00000000f0000000, 0x00000000f0000000|100%| E|CS|TAMS 0x00000000eff00000, 0x00000000eff00000| Complete 

Card table byte_map: [0x000001bbff6e0000,0x000001bbff7e0000] _byte_map_base: 0x000001bbfefe0000

Marking Bits (Prev, Next): (CMBitMap*) 0x000001bbe7b4f330, (CMBitMap*) 0x000001bbe7b4f2f8
 Prev Bits: [0x000001bb80800000, 0x000001bb81000000)
 Next Bits: [0x000001bb80000000, 0x000001bb80800000)

Polling page: 0x000001bbe5ac0000

Metaspace:

Usage:
  Non-class:     63.63 MB capacity,    61.99 MB ( 97%) used,     1.35 MB (  2%) free+waste,   299.62 KB ( <1%) overhead. 
      Class:     10.27 MB capacity,     9.24 MB ( 90%) used,   907.94 KB (  9%) free+waste,   143.81 KB (  1%) overhead. 
       Both:     73.90 MB capacity,    71.22 MB ( 96%) used,     2.24 MB (  3%) free+waste,   443.44 KB ( <1%) overhead. 

Virtual space:
  Non-class space:       64.00 MB reserved,      63.63 MB (>99%) committed 
      Class space:      376.00 MB reserved,      10.32 MB (  3%) committed 
             Both:      440.00 MB reserved,      73.96 MB ( 17%) committed 

Chunk freelists:
   Non-Class:  3.00 KB
       Class:  0 bytes
        Both:  3.00 KB

MaxMetaspaceSize: 384.00 MB
CompressedClassSpaceSize: 376.00 MB
Initial GC threshold: 20.80 MB
Current GC threshold: 98.89 MB
CDS: off

CodeHeap 'non-profiled nmethods': size=120000Kb used=7985Kb max_used=7985Kb free=112014Kb
 bounds [0x000001bbf7d80000, 0x000001bbf8550000, 0x000001bbff2b0000]
CodeHeap 'profiled nmethods': size=120000Kb used=21139Kb max_used=21139Kb free=98860Kb
 bounds [0x000001bbf0850000, 0x000001bbf1d00000, 0x000001bbf7d80000]
CodeHeap 'non-nmethods': size=5760Kb used=2343Kb max_used=2405Kb free=3416Kb
 bounds [0x000001bbf02b0000, 0x000001bbf0520000, 0x000001bbf0850000]
 total_blobs=10835 nmethods=9998 adapters=749
 compilation: enabled
              stopped_count=0, restarted_count=0
 full_count=0

Compilation events (20 events):
Event: 26.819 Thread 0x000001bb83ca4800 10050       3       org.gradle.internal.logging.events.LogEvent::<init> (23 bytes)
Event: 26.819 Thread 0x000001bb83ca4800 nmethod 10050 0x000001bbf1ceed10 code [0x000001bbf1ceeee0, 0x000001bbf1cef358]
Event: 26.819 Thread 0x000001bb83ca4800 10051       3       org.gradle.internal.logging.slf4j.OutputEventListenerBackedLoggerContext::getOutputEventListener (11 bytes)
Event: 26.820 Thread 0x000001bb83ca4800 nmethod 10051 0x000001bbf1cef510 code [0x000001bbf1cef6c0, 0x000001bbf1cef8d8]
Event: 26.820 Thread 0x000001bb83ca4800 10052       3       java.text.DecimalFormat::setMinimumIntegerDigits (87 bytes)
Event: 26.820 Thread 0x000001bb83ca4800 nmethod 10052 0x000001bbf1cef990 code [0x000001bbf1cefb80, 0x000001bbf1cf0178]
Event: 26.820 Thread 0x000001bb83ca3800 10053       4       java.util.Collections$UnmodifiableCollection::contains (11 bytes)
Event: 26.821 Thread 0x000001bb83ca3800 nmethod 10053 0x000001bbf854bf90 code [0x000001bbf854c120, 0x000001bbf854c1b8]
Event: 26.821 Thread 0x000001bb83ca4800 10054       3       java.lang.ProcessEnvironment::put (16 bytes)
Event: 26.821 Thread 0x000001bb83ca4800 nmethod 10054 0x000001bbf1cf0310 code [0x000001bbf1cf0520, 0x000001bbf1cf0958]
Event: 26.821 Thread 0x000001bb83ca4800 10055       3       java.lang.ProcessEnvironment::validateName (54 bytes)
Event: 26.821 Thread 0x000001bb83ca3800 10058       4       java.util.Collections$UnmodifiableMap::get (11 bytes)
Event: 26.822 Thread 0x000001bb83ca4800 nmethod 10055 0x000001bbf1cf0b10 code [0x000001bbf1cf0e00, 0x000001bbf1cf1bc8]
Event: 26.822 Thread 0x000001bb83ca4800 10057       3       jdk.internal.module.IllegalAccessLogger::isExportedForIllegalAccess (32 bytes)
Event: 26.822 Thread 0x000001bb83ca4800 nmethod 10057 0x000001bbf1cf2090 code [0x000001bbf1cf2280, 0x000001bbf1cf2698]
Event: 26.822 Thread 0x000001bb83ca4800 10056       1       org.gradle.internal.os.OperatingSystem$Windows::isWindows (2 bytes)
Event: 26.822 Thread 0x000001bb83ca4800 nmethod 10056 0x000001bbf854c290 code [0x000001bbf854c440, 0x000001bbf854c4f8]
Event: 26.825 Thread 0x000001bb83ca4800 10061       3       java.util.Collections$UnmodifiableList::get (11 bytes)
Event: 26.825 Thread 0x000001bb83ca4800 nmethod 10061 0x000001bbf1cf2790 code [0x000001bbf1cf2940, 0x000001bbf1cf2b08]
Event: 26.826 Thread 0x000001bb83ca4800 10063       3       org.gradle.internal.service.InjectUtil::isPackagePrivate (27 bytes)

GC Heap History (20 events):
Event: 13.030 GC heap before
{Heap before GC invocations=5 (full 0):
 garbage-first heap   total 262144K, used 28408K [0x00000000e0000000, 0x0000000100000000)
  region size 1024K, 11 young (11264K), 5 survivors (5120K)
 Metaspace       used 35052K, capacity 35974K, committed 36044K, reserved 417792K
  class space    used 4647K, capacity 5012K, committed 5068K, reserved 385024K
}
Event: 13.035 GC heap after
{Heap after GC invocations=6 (full 0):
 garbage-first heap   total 262144K, used 23766K [0x00000000e0000000, 0x0000000100000000)
  region size 1024K, 6 young (6144K), 6 survivors (6144K)
 Metaspace       used 35052K, capacity 35974K, committed 36044K, reserved 417792K
  class space    used 4647K, capacity 5012K, committed 5068K, reserved 385024K
}
Event: 14.847 GC heap before
{Heap before GC invocations=7 (full 0):
 garbage-first heap   total 262144K, used 142550K [0x00000000e0000000, 0x0000000100000000)
  region size 1024K, 116 young (118784K), 6 survivors (6144K)
 Metaspace       used 47098K, capacity 48242K, committed 48460K, reserved 428032K
  class space    used 5959K, capacity 6407K, committed 6476K, reserved 385024K
}
Event: 14.858 GC heap after
{Heap after GC invocations=8 (full 0):
 garbage-first heap   total 262144K, used 31221K [0x00000000e0000000, 0x0000000100000000)
  region size 1024K, 13 young (13312K), 13 survivors (13312K)
 Metaspace       used 47098K, capacity 48242K, committed 48460K, reserved 428032K
  class space    used 5959K, capacity 6407K, committed 6476K, reserved 385024K
}
Event: 16.740 GC heap before
{Heap before GC invocations=8 (full 0):
 garbage-first heap   total 262144K, used 157173K [0x00000000e0000000, 0x0000000100000000)
  region size 1024K, 136 young (139264K), 13 survivors (13312K)
 Metaspace       used 55863K, capacity 57492K, committed 57676K, reserved 436224K
  class space    used 7321K, capacity 7996K, committed 8012K, reserved 385024K
}
Event: 16.754 GC heap after
{Heap after GC invocations=9 (full 0):
 garbage-first heap   total 262144K, used 36893K [0x00000000e0000000, 0x0000000100000000)
  region size 1024K, 14 young (14336K), 14 survivors (14336K)
 Metaspace       used 55863K, capacity 57492K, committed 57676K, reserved 436224K
  class space    used 7321K, capacity 7996K, committed 8012K, reserved 385024K
}
Event: 17.373 GC heap before
{Heap before GC invocations=9 (full 0):
 garbage-first heap   total 262144K, used 102429K [0x00000000e0000000, 0x0000000100000000)
  region size 1024K, 79 young (80896K), 14 survivors (14336K)
 Metaspace       used 58332K, capacity 60371K, committed 60500K, reserved 438272K
  class space    used 7738K, capacity 8566K, committed 8652K, reserved 385024K
}
Event: 17.400 GC heap after
{Heap after GC invocations=10 (full 0):
 garbage-first heap   total 262144K, used 41996K [0x00000000e0000000, 0x0000000100000000)
  region size 1024K, 12 young (12288K), 12 survivors (12288K)
 Metaspace       used 58332K, capacity 60371K, committed 60500K, reserved 438272K
  class space    used 7738K, capacity 8566K, committed 8652K, reserved 385024K
}
Event: 20.130 GC heap before
{Heap before GC invocations=11 (full 0):
 garbage-first heap   total 262144K, used 179212K [0x00000000e0000000, 0x0000000100000000)
  region size 1024K, 147 young (150528K), 12 survivors (12288K)
 Metaspace       used 69513K, capacity 72118K, committed 72276K, reserved 448512K
  class space    used 9078K, capacity 10087K, committed 10188K, reserved 385024K
}
Event: 20.148 GC heap after
{Heap after GC invocations=12 (full 0):
 garbage-first heap   total 262144K, used 53519K [0x00000000e0000000, 0x0000000100000000)
  region size 1024K, 17 young (17408K), 17 survivors (17408K)
 Metaspace       used 69513K, capacity 72118K, committed 72276K, reserved 448512K
  class space    used 9078K, capacity 10087K, committed 10188K, reserved 385024K
}
Event: 21.303 GC heap before
{Heap before GC invocations=12 (full 0):
 garbage-first heap   total 262144K, used 184591K [0x00000000e0000000, 0x0000000100000000)
  region size 1024K, 146 young (149504K), 17 survivors (17408K)
 Metaspace       used 72154K, capacity 74760K, committed 74836K, reserved 450560K
  class space    used 9343K, capacity 10397K, committed 10444K, reserved 385024K
}
Event: 21.319 GC heap after
{Heap after GC invocations=13 (full 0):
 garbage-first heap   total 262144K, used 57408K [0x00000000e0000000, 0x0000000100000000)
  region size 1024K, 10 young (10240K), 10 survivors (10240K)
 Metaspace       used 72154K, capacity 74760K, committed 74836K, reserved 450560K
  class space    used 9343K, capacity 10397K, committed 10444K, reserved 385024K
}
Event: 21.967 GC heap before
{Heap before GC invocations=13 (full 0):
 garbage-first heap   total 262144K, used 189504K [0x00000000e0000000, 0x0000000100000000)
  region size 1024K, 140 young (143360K), 10 survivors (10240K)
 Metaspace       used 72165K, capacity 74760K, committed 74836K, reserved 450560K
  class space    used 9343K, capacity 10397K, committed 10444K, reserved 385024K
}
Event: 21.974 GC heap after
{Heap after GC invocations=14 (full 0):
 garbage-first heap   total 262144K, used 58577K [0x00000000e0000000, 0x0000000100000000)
  region size 1024K, 11 young (11264K), 11 survivors (11264K)
 Metaspace       used 72165K, capacity 74760K, committed 74836K, reserved 450560K
  class space    used 9343K, capacity 10397K, committed 10444K, reserved 385024K
}
Event: 23.080 GC heap before
{Heap before GC invocations=14 (full 0):
 garbage-first heap   total 262144K, used 197841K [0x00000000e0000000, 0x0000000100000000)
  region size 1024K, 148 young (151552K), 11 survivors (11264K)
 Metaspace       used 72171K, capacity 74760K, committed 74836K, reserved 450560K
  class space    used 9343K, capacity 10397K, committed 10444K, reserved 385024K
}
Event: 23.088 GC heap after
{Heap after GC invocations=15 (full 0):
 garbage-first heap   total 262144K, used 60822K [0x00000000e0000000, 0x0000000100000000)
  region size 1024K, 7 young (7168K), 7 survivors (7168K)
 Metaspace       used 72171K, capacity 74760K, committed 74836K, reserved 450560K
  class space    used 9343K, capacity 10397K, committed 10444K, reserved 385024K
}
Event: 23.740 GC heap before
{Heap before GC invocations=15 (full 0):
 garbage-first heap   total 262144K, used 204182K [0x00000000e0000000, 0x0000000100000000)
  region size 1024K, 148 young (151552K), 7 survivors (7168K)
 Metaspace       used 72195K, capacity 74768K, committed 74836K, reserved 450560K
  class space    used 9344K, capacity 10398K, committed 10444K, reserved 385024K
}
Event: 23.748 GC heap after
{Heap after GC invocations=16 (full 0):
 garbage-first heap   total 262144K, used 64832K [0x00000000e0000000, 0x0000000100000000)
  region size 1024K, 11 young (11264K), 11 survivors (11264K)
 Metaspace       used 72195K, capacity 74768K, committed 74836K, reserved 450560K
  class space    used 9344K, capacity 10398K, committed 10444K, reserved 385024K
}
Event: 24.349 GC heap before
{Heap before GC invocations=16 (full 0):
 garbage-first heap   total 262144K, used 206144K [0x00000000e0000000, 0x0000000100000000)
  region size 1024K, 150 young (153600K), 11 survivors (11264K)
 Metaspace       used 72204K, capacity 74832K, committed 75092K, reserved 450560K
  class space    used 9345K, capacity 10398K, committed 10444K, reserved 385024K
}
Event: 24.358 GC heap after
{Heap after GC invocations=17 (full 0):
 garbage-first heap   total 262144K, used 66940K [0x00000000e0000000, 0x0000000100000000)
  region size 1024K, 13 young (13312K), 13 survivors (13312K)
 Metaspace       used 72204K, capacity 74832K, committed 75092K, reserved 450560K
  class space    used 9345K, capacity 10398K, committed 10444K, reserved 385024K
}

Deoptimization events (20 events):
Event: 26.803 Thread 0x000001bb89536800 Uncommon trap: trap_request=0xffffffd6 fr.pc=0x000001bbf85193a8 relative=0x0000000000000b48
Event: 26.803 Thread 0x000001bb89536800 Uncommon trap: reason=array_check action=maybe_recompile pc=0x000001bbf85193a8 method=com.google.common.collect.RegularImmutableMap.fromEntryArrayCheckingBucketOverflow(I[Ljava/util/Map$Entry;Z)Lcom/google/common/collect/ImmutableMap; @ 220 c2
Event: 26.803 Thread 0x000001bb89536800 DEOPT PACKING pc=0x000001bbf85193a8 sp=0x00000008840fea10
Event: 26.803 Thread 0x000001bb89536800 DEOPT UNPACKING pc=0x000001bbf02b85af sp=0x00000008840fe9c8 mode 2
Event: 26.817 Thread 0x000001bb86087800 Uncommon trap: trap_request=0xffffffde fr.pc=0x000001bbf84a0d80 relative=0x00000000000000e0
Event: 26.817 Thread 0x000001bb86087800 Uncommon trap: reason=class_check action=maybe_recompile pc=0x000001bbf84a0d80 method=java.io.BufferedInputStream.close()V @ 39 c2
Event: 26.817 Thread 0x000001bb86087800 DEOPT PACKING pc=0x000001bbf84a0d80 sp=0x0000000883ffe730
Event: 26.817 Thread 0x000001bb86087800 DEOPT UNPACKING pc=0x000001bbf02b85af sp=0x0000000883ffe6e0 mode 2
Event: 26.818 Thread 0x000001bb86087800 Uncommon trap: trap_request=0xffffffde fr.pc=0x000001bbf842494c relative=0x000000000000028c
Event: 26.818 Thread 0x000001bb86087800 Uncommon trap: reason=class_check action=maybe_recompile pc=0x000001bbf842494c method=java.io.BufferedOutputStream.flushBuffer()V @ 20 c2
Event: 26.818 Thread 0x000001bb86087800 DEOPT PACKING pc=0x000001bbf842494c sp=0x0000000883ffe690
Event: 26.818 Thread 0x000001bb86087800 DEOPT UNPACKING pc=0x000001bbf02b85af sp=0x0000000883ffe5d8 mode 2
Event: 26.818 Thread 0x000001bb86087800 Uncommon trap: trap_request=0xffffffde fr.pc=0x000001bbf842488c relative=0x00000000000001cc
Event: 26.818 Thread 0x000001bb86087800 Uncommon trap: reason=class_check action=maybe_recompile pc=0x000001bbf842488c method=java.io.BufferedOutputStream.flush()V @ 8 c2
Event: 26.818 Thread 0x000001bb86087800 DEOPT PACKING pc=0x000001bbf842488c sp=0x0000000883ffe660
Event: 26.818 Thread 0x000001bb86087800 DEOPT UNPACKING pc=0x000001bbf02b85af sp=0x0000000883ffe620 mode 2
Event: 26.822 Thread 0x000001bb869ed800 Uncommon trap: trap_request=0xfffffff4 fr.pc=0x000001bbf82fe2e0 relative=0x00000000000001e0
Event: 26.822 Thread 0x000001bb869ed800 Uncommon trap: reason=null_check action=make_not_entrant pc=0x000001bbf82fe2e0 method=sun.util.locale.provider.LocaleProviderAdapter.getAdapter(Ljava/lang/Class;Ljava/util/Locale;)Lsun/util/locale/provider/LocaleProviderAdapter; @ 24 c2
Event: 26.822 Thread 0x000001bb869ed800 DEOPT PACKING pc=0x000001bbf82fe2e0 sp=0x00000008842feb70
Event: 26.822 Thread 0x000001bb869ed800 DEOPT UNPACKING pc=0x000001bbf02b85af sp=0x00000008842feb18 mode 2

Classes redefined (0 events):
No events

Internal exceptions (20 events):
Event: 20.036 Thread 0x000001bb890af800 Exception <a 'java/lang/NoSuchMethodError'{0x00000000e707e6c8}: 'int java.lang.invoke.DirectMethodHandle$Holder.invokeSpecial(java.lang.Object, java.lang.Object, java.lang.Object, java.lang.Object, java.lang.Object)'> (0x00000000e707e6c8) thrown at [s\src\hotspot\share\interpreter\linkResolver.cpp, line 773]
Event: 20.165 Thread 0x000001bb890af800 Implicit null exception at 0x000001bbf82bacb7 to 0x000001bbf82bb354
Event: 20.578 Thread 0x000001bb8953e000 Exception <a 'java/lang/NoSuchMethodError'{0x00000000ef1d3968}: 'long java.lang.invoke.DirectMethodHandle$Holder.invokeVirtual(java.lang.Object, java.lang.Object)'> (0x00000000ef1d3968) thrown at [s\src\hotspot\share\interpreter\linkResolver.cpp, line 773]
Event: 20.578 Thread 0x000001bb8953d000 Exception <a 'java/lang/NoSuchMethodError'{0x00000000ef1b7e80}: 'long java.lang.invoke.DirectMethodHandle$Holder.invokeVirtual(java.lang.Object, java.lang.Object)'> (0x00000000ef1b7e80) thrown at [s\src\hotspot\share\interpreter\linkResolver.cpp, line 773]
Event: 20.578 Thread 0x000001bb8953a000 Exception <a 'java/lang/NoSuchMethodError'{0x00000000ef1dab40}: 'long java.lang.invoke.DirectMethodHandle$Holder.invokeVirtual(java.lang.Object, java.lang.Object)'> (0x00000000ef1dab40) thrown at [s\src\hotspot\share\interpreter\linkResolver.cpp, line 773]
Event: 20.578 Thread 0x000001bb890af800 Exception <a 'java/lang/NoSuchMethodError'{0x00000000eeff17c0}: 'long java.lang.invoke.DirectMethodHandle$Holder.invokeVirtual(java.lang.Object, java.lang.Object)'> (0x00000000eeff17c0) thrown at [s\src\hotspot\share\interpreter\linkResolver.cpp, line 773]
Event: 20.578 Thread 0x000001bb8953f000 Exception <a 'java/lang/NoSuchMethodError'{0x00000000ef1a7da0}: 'long java.lang.invoke.DirectMethodHandle$Holder.invokeVirtual(java.lang.Object, java.lang.Object)'> (0x00000000ef1a7da0) thrown at [s\src\hotspot\share\interpreter\linkResolver.cpp, line 773]
Event: 20.578 Thread 0x000001bb8953c800 Exception <a 'java/lang/NoSuchMethodError'{0x00000000ef187418}: 'long java.lang.invoke.DirectMethodHandle$Holder.invokeVirtual(java.lang.Object, java.lang.Object)'> (0x00000000ef187418) thrown at [s\src\hotspot\share\interpreter\linkResolver.cpp, line 773]
Event: 20.578 Thread 0x000001bb8953f800 Exception <a 'java/lang/NoSuchMethodError'{0x00000000ef196ff0}: 'long java.lang.invoke.DirectMethodHandle$Holder.invokeVirtual(java.lang.Object, java.lang.Object)'> (0x00000000ef196ff0) thrown at [s\src\hotspot\share\interpreter\linkResolver.cpp, line 773]
Event: 20.578 Thread 0x000001bb89540800 Exception <a 'java/lang/NoSuchMethodError'{0x00000000ef1ed328}: 'long java.lang.invoke.DirectMethodHandle$Holder.invokeVirtual(java.lang.Object, java.lang.Object)'> (0x00000000ef1ed328) thrown at [s\src\hotspot\share\interpreter\linkResolver.cpp, line 773]
Event: 20.765 Thread 0x000001bb8953c800 Implicit null exception at 0x000001bbf80863fc to 0x000001bbf8086485
Event: 25.249 Thread 0x000001bb890af800 Exception <a 'java/lang/NoSuchMethodError'{0x00000000ea733ae0}: 'java.lang.Object java.lang.invoke.DirectMethodHandle$Holder.newInvokeSpecial(java.lang.Object, java.lang.Object, java.lang.Object, java.lang.Object)'> (0x00000000ea733ae0) thrown at [s\src\hotspot\share\interpreter\linkResolver.cpp, line 773]
Event: 25.262 Thread 0x000001bb83f8d000 Exception <a 'java/lang/NoSuchMethodError'{0x00000000ea68b098}: <clinit>> (0x00000000ea68b098) thrown at [s\src\hotspot\share\prims\jni.cpp, line 1367]
Event: 25.267 Thread 0x000001bb83f8d000 Exception <a 'java/lang/NoSuchMethodError'{0x00000000ea6ecff0}: <clinit>> (0x00000000ea6ecff0) thrown at [s\src\hotspot\share\prims\jni.cpp, line 1367]
Event: 25.268 Thread 0x000001bb83f8d000 Exception <a 'java/lang/NoSuchMethodError'{0x00000000ea6eec88}: <clinit>> (0x00000000ea6eec88) thrown at [s\src\hotspot\share\prims\jni.cpp, line 1367]
Event: 25.268 Thread 0x000001bb83f8d000 Exception <a 'java/lang/NoSuchMethodError'{0x00000000ea6f00a8}: <clinit>> (0x00000000ea6f00a8) thrown at [s\src\hotspot\share\prims\jni.cpp, line 1367]
Event: 25.268 Thread 0x000001bb83f8d000 Exception <a 'java/lang/NoSuchMethodError'{0x00000000ea6f1878}: <clinit>> (0x00000000ea6f1878) thrown at [s\src\hotspot\share\prims\jni.cpp, line 1367]
Event: 25.271 Thread 0x000001bb83f8d000 Exception <a 'java/lang/NoSuchMethodError'{0x00000000ea5162f8}: <clinit>> (0x00000000ea5162f8) thrown at [s\src\hotspot\share\prims\jni.cpp, line 1367]
Event: 25.378 Thread 0x000001bb869ed800 Exception <a 'java/lang/NoSuchMethodError'{0x00000000ea47c868}: 'void java.lang.invoke.DirectMethodHandle$Holder.invokeSpecial(java.lang.Object, java.lang.Object, int)'> (0x00000000ea47c868) thrown at [s\src\hotspot\share\interpreter\linkResolver.cpp, line 773]
Event: 26.822 Thread 0x000001bb869ed800 Implicit null exception at 0x000001bbf82fe270 to 0x000001bbf82fe2ce

Events (20 events):
Event: 25.519 Thread 0x000001bb86516800 Thread exited: 0x000001bb86516800
Event: 26.410 Thread 0x000001bb8a4e0800 Thread exited: 0x000001bb8a4e0800
Event: 26.410 Thread 0x000001bb8a4e3800 Thread exited: 0x000001bb8a4e3800
Event: 26.800 Thread 0x000001bb89536800 Thread added: 0x000001bb89536800
Event: 26.804 Thread 0x000001bb89534000 Thread added: 0x000001bb89534000
Event: 26.818 Executing VM operation: RevokeBias
Event: 26.818 Executing VM operation: RevokeBias done
Event: 26.822 Thread 0x000001bb89536000 Thread added: 0x000001bb89536000
Event: 26.822 loading class sun/text/resources/cldr/FormatData_en
Event: 26.823 loading class sun/text/resources/cldr/FormatData_en done
Event: 26.823 loading class jdk/internal/math/FormattedFloatingDecimal$Form
Event: 26.824 loading class jdk/internal/math/FormattedFloatingDecimal$Form done
Event: 26.824 loading class jdk/internal/math/FormattedFloatingDecimal
Event: 26.824 loading class jdk/internal/math/FormattedFloatingDecimal done
Event: 26.824 loading class jdk/internal/math/FormattedFloatingDecimal$1
Event: 26.824 loading class jdk/internal/math/FormattedFloatingDecimal$1 done
Event: 26.824 loading class jdk/internal/math/FormattedFloatingDecimal$2
Event: 26.824 loading class jdk/internal/math/FormattedFloatingDecimal$2 done
Event: 26.825 Thread 0x000001bb89535000 Thread added: 0x000001bb89535000
Event: 26.826 Thread 0x000001bb89532800 Thread added: 0x000001bb89532800


Dynamic libraries:
0x00007ff6d2090000 - 0x00007ff6d209e000 	C:\Users\sunna\.jdks\corretto-11.0.22\bin\java.exe
0x00007ffe983b0000 - 0x00007ffe985c6000 	C:\WINDOWS\SYSTEM32\ntdll.dll
0x00007ffe96410000 - 0x00007ffe964d4000 	C:\WINDOWS\System32\KERNEL32.DLL
0x00007ffe95810000 - 0x00007ffe95bb6000 	C:\WINDOWS\System32\KERNELBASE.dll
0x00007ffe95c30000 - 0x00007ffe95d41000 	C:\WINDOWS\System32\ucrtbase.dll
0x00007ffe80a80000 - 0x00007ffe80a97000 	C:\Users\sunna\.jdks\corretto-11.0.22\bin\jli.dll
0x00007ffe88410000 - 0x00007ffe8842b000 	C:\Users\sunna\.jdks\corretto-11.0.22\bin\VCRUNTIME140.dll
0x00007ffe97680000 - 0x00007ffe9782d000 	C:\WINDOWS\System32\USER32.dll
0x00007ffe95d50000 - 0x00007ffe95d76000 	C:\WINDOWS\System32\win32u.dll
0x00007ffe97ae0000 - 0x00007ffe97b09000 	C:\WINDOWS\System32\GDI32.dll
0x00007ffe7cdc0000 - 0x00007ffe7d053000 	C:\WINDOWS\WinSxS\amd64_microsoft.windows.common-controls_6595b64144ccf1df_6.0.22621.3235_none_270f74e173860f98\COMCTL32.dll
0x00007ffe975d0000 - 0x00007ffe97677000 	C:\WINDOWS\System32\msvcrt.dll
0x00007ffe956f0000 - 0x00007ffe95808000 	C:\WINDOWS\System32\gdi32full.dll
0x00007ffe95d80000 - 0x00007ffe95e1a000 	C:\WINDOWS\System32\msvcp_win.dll
0x00007ffe96e70000 - 0x00007ffe96ea1000 	C:\WINDOWS\System32\IMM32.DLL
0x00007ffe88400000 - 0x00007ffe8840c000 	C:\Users\sunna\.jdks\corretto-11.0.22\bin\vcruntime140_1.dll
0x00007ffe5f090000 - 0x00007ffe5f11d000 	C:\Users\sunna\.jdks\corretto-11.0.22\bin\msvcp140.dll
0x00007ffe10c70000 - 0x00007ffe11833000 	C:\Users\sunna\.jdks\corretto-11.0.22\bin\server\jvm.dll
0x00007ffe96110000 - 0x00007ffe961c2000 	C:\WINDOWS\System32\ADVAPI32.dll
0x00007ffe96680000 - 0x00007ffe96728000 	C:\WINDOWS\System32\sechost.dll
0x00007ffe96050000 - 0x00007ffe96078000 	C:\WINDOWS\System32\bcrypt.dll
0x00007ffe970c0000 - 0x00007ffe971d5000 	C:\WINDOWS\System32\RPCRT4.dll
0x00007ffe97ad0000 - 0x00007ffe97ad8000 	C:\WINDOWS\System32\PSAPI.DLL
0x00007ffe7cbd0000 - 0x00007ffe7cbda000 	C:\WINDOWS\SYSTEM32\VERSION.dll
0x00007ffe87a30000 - 0x00007ffe87a64000 	C:\WINDOWS\SYSTEM32\WINMM.dll
0x00007ffe91270000 - 0x00007ffe91279000 	C:\WINDOWS\SYSTEM32\WSOCK32.dll
0x00007ffe96f10000 - 0x00007ffe96f81000 	C:\WINDOWS\System32\WS2_32.dll
0x00007ffe94820000 - 0x00007ffe94838000 	C:\WINDOWS\SYSTEM32\kernel.appcore.dll
0x00007ffe80a50000 - 0x00007ffe80a60000 	C:\Users\sunna\.jdks\corretto-11.0.22\bin\verify.dll
0x00007ffe92990000 - 0x00007ffe92bc3000 	C:\WINDOWS\SYSTEM32\DBGHELP.DLL
0x00007ffe97240000 - 0x00007ffe975c8000 	C:\WINDOWS\System32\combase.dll
0x00007ffe97830000 - 0x00007ffe97907000 	C:\WINDOWS\System32\OLEAUT32.dll
0x00007ffe7d1b0000 - 0x00007ffe7d1e2000 	C:\WINDOWS\SYSTEM32\dbgcore.DLL
0x00007ffe96080000 - 0x00007ffe960fa000 	C:\WINDOWS\System32\bcryptPrimitives.dll
0x00007ffe77910000 - 0x00007ffe77938000 	C:\Users\sunna\.jdks\corretto-11.0.22\bin\java.dll
0x00007ffe80a40000 - 0x00007ffe80a4a000 	C:\Users\sunna\.jdks\corretto-11.0.22\bin\jimage.dll
0x00007ffe87cb0000 - 0x00007ffe87cbe000 	C:\Users\sunna\.jdks\corretto-11.0.22\bin\instrument.dll
0x00007ffe74d30000 - 0x00007ffe74d48000 	C:\Users\sunna\.jdks\corretto-11.0.22\bin\zip.dll
0x00007ffe97b10000 - 0x00007ffe9836c000 	C:\WINDOWS\System32\SHELL32.dll
0x00007ffe93660000 - 0x00007ffe93f58000 	C:\WINDOWS\SYSTEM32\windows.storage.dll
0x00007ffe93520000 - 0x00007ffe9365e000 	C:\WINDOWS\SYSTEM32\wintypes.dll
0x00007ffe961e0000 - 0x00007ffe962d3000 	C:\WINDOWS\System32\SHCORE.dll
0x00007ffe96eb0000 - 0x00007ffe96f0e000 	C:\WINDOWS\System32\shlwapi.dll
0x00007ffe95620000 - 0x00007ffe95646000 	C:\WINDOWS\SYSTEM32\profapi.dll
0x00007ffe73ba0000 - 0x00007ffe73bb9000 	C:\Users\sunna\.jdks\corretto-11.0.22\bin\net.dll
0x00007ffe8b720000 - 0x00007ffe8b857000 	C:\WINDOWS\SYSTEM32\WINHTTP.dll
0x00007ffe94ca0000 - 0x00007ffe94d09000 	C:\WINDOWS\system32\mswsock.dll
0x00007ffe70e20000 - 0x00007ffe70e32000 	C:\Users\sunna\.jdks\corretto-11.0.22\bin\nio.dll
0x00007ffe69a20000 - 0x00007ffe69a47000 	C:\Users\sunna\.gradle\native\c067742578af261105cb4f569cf0c3c89f3d7b1fecec35dd04571415982c5e48\windows-amd64\native-platform.dll
0x00007ffe5e560000 - 0x00007ffe5e6a4000 	C:\Users\sunna\.gradle\native\38dada09dfb8b06ba9b0570ebf7e218e3eb74d4ef43ca46872605cf95ebc2f47\windows-amd64\native-platform-file-events.dll
0x00007ffe87c00000 - 0x00007ffe87c09000 	C:\Users\sunna\.jdks\corretto-11.0.22\bin\management.dll
0x00007ffe87bf0000 - 0x00007ffe87bfb000 	C:\Users\sunna\.jdks\corretto-11.0.22\bin\management_ext.dll
0x00007ffe94ef0000 - 0x00007ffe94f0b000 	C:\WINDOWS\SYSTEM32\CRYPTSP.dll
0x00007ffe94780000 - 0x00007ffe947b5000 	C:\WINDOWS\system32\rsaenh.dll
0x00007ffe94d90000 - 0x00007ffe94dbc000 	C:\WINDOWS\SYSTEM32\USERENV.dll
0x00007ffe94f10000 - 0x00007ffe94f1c000 	C:\WINDOWS\SYSTEM32\CRYPTBASE.dll
0x00007ffe942c0000 - 0x00007ffe942ed000 	C:\WINDOWS\SYSTEM32\IPHLPAPI.DLL
0x00007ffe962e0000 - 0x00007ffe962e9000 	C:\WINDOWS\System32\NSI.dll
0x00007ffe8b880000 - 0x00007ffe8b899000 	C:\WINDOWS\SYSTEM32\dhcpcsvc6.DLL
0x00007ffe8b8e0000 - 0x00007ffe8b8ff000 	C:\WINDOWS\SYSTEM32\dhcpcsvc.DLL
0x00007ffe942f0000 - 0x00007ffe943e9000 	C:\WINDOWS\SYSTEM32\DNSAPI.dll

dbghelp: loaded successfully - version: 4.0.5 - missing functions: none
symbol engine: initialized successfully - sym options: 0x614 - pdb path: .;C:\Users\sunna\.jdks\corretto-11.0.22\bin;C:\WINDOWS\SYSTEM32;C:\WINDOWS\WinSxS\amd64_microsoft.windows.common-controls_6595b64144ccf1df_6.0.22621.3235_none_270f74e173860f98;C:\Users\sunna\.jdks\corretto-11.0.22\bin\server;C:\Users\sunna\.gradle\native\c067742578af261105cb4f569cf0c3c89f3d7b1fecec35dd04571415982c5e48\windows-amd64;C:\Users\sunna\.gradle\native\38dada09dfb8b06ba9b0570ebf7e218e3eb74d4ef43ca46872605cf95ebc2f47\windows-amd64

VM Arguments:
jvm_args: --add-opens=java.base/java.util=ALL-UNNAMED --add-opens=java.base/java.lang=ALL-UNNAMED --add-opens=java.base/java.lang.invoke=ALL-UNNAMED --add-opens=java.prefs/java.util.prefs=ALL-UNNAMED --add-opens=java.base/java.nio.charset=ALL-UNNAMED --add-opens=java.base/java.net=ALL-UNNAMED --add-opens=java.base/java.util.concurrent.atomic=ALL-UNNAMED -XX:MaxMetaspaceSize=384m -XX:+HeapDumpOnOutOfMemoryError -Xms256m -Xmx512m -Dfile.encoding=GBK -Duser.country=KR -Duser.language=ko -Duser.variant -javaagent:C:\Users\sunna\.gradle\wrapper\dists\gradle-8.5-bin\5t9huq95ubn472n8rpzujfbqh\gradle-8.5\lib\agents\gradle-instrumentation-agent-8.5.jar 
java_command: org.gradle.launcher.daemon.bootstrap.GradleDaemon 8.5
java_class_path (initial): C:\Users\sunna\.gradle\wrapper\dists\gradle-8.5-bin\5t9huq95ubn472n8rpzujfbqh\gradle-8.5\lib\gradle-launcher-8.5.jar
Launcher Type: SUN_STANDARD

[Global flags]
     intx CICompilerCount                          = 4                                         {product} {ergonomic}
   size_t CompressedClassSpaceSize                 = 394264576                                 {product} {ergonomic}
     uint ConcGCThreads                            = 2                                         {product} {ergonomic}
     uint G1ConcRefinementThreads                  = 8                                         {product} {ergonomic}
   size_t G1HeapRegionSize                         = 1048576                                   {product} {ergonomic}
    uintx GCDrainStackTargetSize                   = 64                                        {product} {ergonomic}
     bool HeapDumpOnOutOfMemoryError               = true                                   {manageable} {command line}
   size_t InitialHeapSize                          = 268435456                                 {product} {command line}
   size_t MarkStackSize                            = 4194304                                   {product} {ergonomic}
   size_t MaxHeapSize                              = 536870912                                 {product} {command line}
   size_t MaxMetaspaceSize                         = 402653184                                 {product} {command line}
   size_t MaxNewSize                               = 321912832                                 {product} {ergonomic}
   size_t MinHeapDeltaBytes                        = 1048576                                   {product} {ergonomic}
    uintx NonNMethodCodeHeapSize                   = 5836300                                {pd product} {ergonomic}
    uintx NonProfiledCodeHeapSize                  = 122910970                              {pd product} {ergonomic}
    uintx ProfiledCodeHeapSize                     = 122910970                              {pd product} {ergonomic}
    uintx ReservedCodeCacheSize                    = 251658240                              {pd product} {ergonomic}
     bool SegmentedCodeCache                       = true                                      {product} {ergonomic}
     bool UseCompressedClassPointers               = true                                 {lp64_product} {ergonomic}
     bool UseCompressedOops                        = true                                 {lp64_product} {ergonomic}
     bool UseG1GC                                  = true                                      {product} {ergonomic}
     bool UseLargePagesIndividualAllocation        = false                                  {pd product} {ergonomic}

Logging:
Log output configuration:
 #0: stdout all=warning uptime,level,tags
 #1: stderr all=off uptime,level,tags

Environment Variables:
JAVA_HOME=C:\Program Files\Java\jdk-11.0.13
CLASSPATH=C:\Program Files\Java\jdk-11.0.13\lib
PATH=C:\Program Files (x86)\Common Files\Oracle\Java\javapath;D:\oraclexe\app\oracle\product\11.2.0\server\bin;C:\WINDOWS\system32;C:\WINDOWS;C:\WINDOWS\System32\Wbem;C:\WINDOWS\System32\WindowsPowerShell\v1.0\;C:\Windows\System32\OpenSSH;C:\Python;C:\Python\Scripts;C:\Users\sunna\anaconda3;C:\Program Files\Bandizip\;D:\Ruby30-x64\bin;C:\Users\sunna\AppData\Local\Microsoft\WindowsApps;C:\Users\sunna\AppData\Roaming\npm;D:\Users\sunna\AppData\Local\Programs\Microsoft VS Code\bin;D:\Program Files\heroku\bin;D:\Program Files\JetBrains\IntelliJ IDEA Community Edition 2022.2.1\bin;D:\Program Files\JetBrains\Intel;C:\Users\sunna\anaconda3\Library\bin;C:\Program Files\MySQL\MySQL Server 8.0\bin;C:\WINDOWS\system32;C:\WINDOWS;C:\WINDOWS\System32\Wbem;C:\WINDOWS\System32\WindowsPowerShell\v1.0\;C:\WINDOWS\System32\OpenSSH\;D:\Program Files\MySQL\MySQL Server 8.0\bin;C:\ProgramData\chocolatey\bin;D:\Program Files\Amazon\AWSCLIV2\;C:\Users\sunna\OneDrive\Desktop\apache-maven-3.9.4\bin;C:\Program Files\Java\jdk-11.0.13\bin;C:\Program Files (x86)\NetSarang\Xshell 7\;C:\Program Files\Vagrant\bin;D:\Program Files\Git\cmd;C:\Program Files\dotnet\;C:\Users\sunna\AppData\Local\Microsoft\WindowsApps;D:\Users\sunna\AppData\Local\Programs\Microsoft VS Code\bin;D:\Program Files\heroku\bin;D:\Program Files\JetBrains\IntelliJ IDEA Community Edition 2022.2.1\bin;D:\Program Files\JetBrains\IntelliJ IDEA 2022.2.1\bin;C:\Users\sunna\AppData\Local\gitkraken\bin;C:\ProgramData\sunna\gitkraken\bin;D:\Program Files\JetBrains\IntelliJ IDEA 2023.2.5\bin;;C:\Users\sunna\AppData\Local\Microsoft\WindowsApps;C:\MinGW\bin;;D:\Program Files\JetBrains\PyCharm 2023.1.2\bin;;C:\Users\sunna\.dotnet\tools
USERNAME=sunna
OS=Windows_NT
PROCESSOR_IDENTIFIER=Intel64 Family 6 Model 140 Stepping 1, GenuineIntel
TMP=C:\Users\sunna\AppData\Local\Temp
TEMP=C:\Users\sunna\AppData\Local\Temp



---------------  S Y S T E M  ---------------

OS: Windows 11 , 64 bit Build 22621 (10.0.22621.3235)
OS uptime: 1 days 23:09 hours

CPU:total 8 (initial active 8) (4 cores per cpu, 2 threads per core) family 6 model 140 stepping 1 microcode 0x9a, cmov, cx8, fxsr, mmx, sse, sse2, sse3, ssse3, sse4.1, sse4.2, popcnt, avx, avx2, aes, clmul, erms, 3dnowpref, lzcnt, ht, tsc, tscinvbit, bmi1, bmi2, adx, evex, sha, fma

Memory: 4k page, system-wide physical 16057M (1835M free)
TotalPageFile size 18105M (AvailPageFile size 0M)
current process WorkingSet (physical memory assigned to process): 416M, peak: 478M
current process commit charge ("private bytes"): 493M, peak: 555M

vm_info: OpenJDK 64-Bit Server VM (11.0.22+7-LTS) for windows-amd64 JRE (11.0.22+7-LTS), built on Jan 10 2024 19:54:00 by "Administrator" with MS VC++ 16.10 / 16.11 (VS2019)

END.
