#
# There is insufficient memory for the Java Runtime Environment to continue.
# Native memory allocation (malloc) failed to allocate 534416 bytes for Chunk::new
# Possible reasons:
#   The system is out of physical RAM or swap space
#   The process is running with CompressedOops enabled, and the Java Heap may be blocking the growth of the native heap
# Possible solutions:
#   Reduce memory load on the system
#   Increase physical memory or swap space
#   Check if swap backing store is full
#   Decrease Java heap size (-Xmx/-Xms)
#   Decrease number of Java threads
#   Decrease Java thread stack sizes (-Xss)
#   Set larger code cache with -XX:ReservedCodeCacheSize=
#   JVM is running with Unscaled Compressed Oops mode in which the Java heap is
#     placed in the first 4GB address space. The Java Heap base address is the
#     maximum limit for the native heap growth. Please use -XX:HeapBaseMinAddress
#     to set the Java Heap base and to place the Java Heap above 4GB virtual address.
# This output file may be truncated or incomplete.
#
#  Out of Memory Error (./open/src/hotspot/share/memory/arena.cpp:197), pid=22072, tid=23620
#
# JRE version: Java(TM) SE Runtime Environment 18.9 (11.0.13+10) (build 11.0.13+10-LTS-370)
# Java VM: Java HotSpot(TM) 64-Bit Server VM 18.9 (11.0.13+10-LTS-370, mixed mode, tiered, compressed oops, g1 gc, windows-amd64)
# No core dump will be written. Minidumps are not enabled by default on client versions of Windows
#

---------------  S U M M A R Y ------------

Command Line: --add-opens=java.base/java.util=ALL-UNNAMED --add-opens=java.base/java.lang=ALL-UNNAMED --add-opens=java.base/java.lang.invoke=ALL-UNNAMED --add-opens=java.prefs/java.util.prefs=ALL-UNNAMED --add-opens=java.base/java.nio.charset=ALL-UNNAMED --add-opens=java.base/java.net=ALL-UNNAMED --add-opens=java.base/java.util.concurrent.atomic=ALL-UNNAMED -XX:MaxMetaspaceSize=384m -XX:+HeapDumpOnOutOfMemoryError -Xms256m -Xmx512m -Dfile.encoding=GBK -Duser.country=KR -Duser.language=ko -Duser.variant -javaagent:C:\Users\sunna\.gradle\wrapper\dists\gradle-8.5-bin\5t9huq95ubn472n8rpzujfbqh\gradle-8.5\lib\agents\gradle-instrumentation-agent-8.5.jar org.gradle.launcher.daemon.bootstrap.GradleDaemon 8.5

Host: 11th Gen Intel(R) Core(TM) i7-1165G7 @ 2.80GHz, 8 cores, 15G,  Windows 10 , 64 bit Build 22621 (10.0.22621.3235)
Time: Sat Mar  9 14:05:33 2024 ?? ??? elapsed time: 1738.135767 seconds (0d 0h 28m 58s)

---------------  T H R E A D  ---------------

Current thread (0x000001c72a77d800):  JavaThread "C2 CompilerThread2" daemon [_thread_in_native, id=23620, stack(0x0000006977f00000,0x0000006978000000)]


Current CompileTask:
C2:1738135 6158       4       org.objectweb.asm.SymbolTable::addConstantMemberReference (147 bytes)

Stack: [0x0000006977f00000,0x0000006978000000]
Native frames: (J=compiled Java code, j=interpreted, Vv=VM code, C=native code)
V  [jvm.dll+0x62870a]
V  [jvm.dll+0x761f2f]
V  [jvm.dll+0x7635d9]
V  [jvm.dll+0x763c63]
V  [jvm.dll+0x23d728]
V  [jvm.dll+0xb293c]
V  [jvm.dll+0xb2efc]
V  [jvm.dll+0x340872]
V  [jvm.dll+0x18c9e1]
V  [jvm.dll+0x1f8362]
V  [jvm.dll+0x1f743d]
V  [jvm.dll+0x177991]
V  [jvm.dll+0x206d84]
V  [jvm.dll+0x204ebb]
V  [jvm.dll+0x727e70]
V  [jvm.dll+0x720a54]
V  [jvm.dll+0x627606]
C  [ucrtbase.dll+0x29363]
C  [KERNEL32.DLL+0x1257d]
C  [ntdll.dll+0x5aa58]


---------------  P R O C E S S  ---------------

Threads class SMR info:
_java_thread_list=0x000001c72d0dba30, length=50, elements={
0x000001c709bbf000, 0x000001c724278000, 0x000001c72427a000, 0x000001c724aef000,
0x000001c724af3000, 0x000001c724af4800, 0x000001c724af5800, 0x000001c724aff800,
0x000001c724b0b800, 0x000001c724c6c000, 0x000001c724c6e000, 0x000001c724c72000,
0x000001c724c70000, 0x000001c726df4800, 0x000001c726df4000, 0x000001c726df0800,
0x000001c726df6800, 0x000001c726df7000, 0x000001c726df3000, 0x000001c726dfb000,
0x000001c726df9800, 0x000001c726dfa800, 0x000001c726dfd800, 0x000001c72c078800,
0x000001c72c07a000, 0x000001c72c07b000, 0x000001c72c07d800, 0x000001c72c07c800,
0x000001c72c07e800, 0x000001c72c07f000, 0x000001c72c079800, 0x000001c72c080000,
0x000001c72c085800, 0x000001c72c083000, 0x000001c72c080800, 0x000001c72c081800,
0x000001c727c22000, 0x000001c72c086800, 0x000001c72c082800, 0x000001c72c084000,
0x000001c72c085000, 0x000001c726df1800, 0x000001c726df5800, 0x000001c726df0000,
0x000001c726df8000, 0x000001c726df2000, 0x000001c726dfd000, 0x000001c726df9000,
0x000001c724c71000, 0x000001c72a77d800
}

Java Threads: ( => current thread )
  0x000001c709bbf000 JavaThread "main" [_thread_blocked, id=22268, stack(0x0000006974200000,0x0000006974300000)]
  0x000001c724278000 JavaThread "Reference Handler" daemon [_thread_blocked, id=17716, stack(0x0000006974900000,0x0000006974a00000)]
  0x000001c72427a000 JavaThread "Finalizer" daemon [_thread_blocked, id=25004, stack(0x0000006974a00000,0x0000006974b00000)]
  0x000001c724aef000 JavaThread "Signal Dispatcher" daemon [_thread_blocked, id=2768, stack(0x0000006974b00000,0x0000006974c00000)]
  0x000001c724af3000 JavaThread "Attach Listener" daemon [_thread_blocked, id=23884, stack(0x0000006974c00000,0x0000006974d00000)]
  0x000001c724af4800 JavaThread "Service Thread" daemon [_thread_blocked, id=22204, stack(0x0000006974d00000,0x0000006974e00000)]
  0x000001c724af5800 JavaThread "C2 CompilerThread0" daemon [_thread_blocked, id=25808, stack(0x0000006974e00000,0x0000006974f00000)]
  0x000001c724aff800 JavaThread "C1 CompilerThread0" daemon [_thread_in_native, id=2316, stack(0x0000006974f00000,0x0000006975000000)]
  0x000001c724b0b800 JavaThread "Sweeper thread" daemon [_thread_blocked, id=21336, stack(0x0000006975000000,0x0000006975100000)]
  0x000001c724c6c000 JavaThread "Common-Cleaner" daemon [_thread_blocked, id=24048, stack(0x0000006975100000,0x0000006975200000)]
  0x000001c724c6e000 JavaThread "Daemon health stats" [_thread_blocked, id=5908, stack(0x0000006975a00000,0x0000006975b00000)]
  0x000001c724c72000 JavaThread "Incoming local TCP Connector on port 52105" [_thread_in_native, id=28108, stack(0x0000006975200000,0x0000006975300000)]
  0x000001c724c70000 JavaThread "Daemon periodic checks" [_thread_blocked, id=15172, stack(0x0000006975900000,0x0000006975a00000)]
  0x000001c726df4800 JavaThread "Cache worker for journal cache (C:\Users\sunna\.gradle\caches\journal-1)" [_thread_blocked, id=15464, stack(0x0000006976500000,0x0000006976600000)]
  0x000001c726df4000 JavaThread "File lock request listener" [_thread_in_native, id=23756, stack(0x0000006976600000,0x0000006976700000)]
  0x000001c726df0800 JavaThread "Cache worker for file hash cache (C:\Users\sunna\.gradle\caches\8.5\fileHashes)" [_thread_blocked, id=5920, stack(0x0000006976800000,0x0000006976900000)]
  0x000001c726df6800 JavaThread "File watcher server" daemon [_thread_in_native, id=11116, stack(0x0000006976a00000,0x0000006976b00000)]
  0x000001c726df7000 JavaThread "File watcher consumer" daemon [_thread_blocked, id=2916, stack(0x0000006976b00000,0x0000006976c00000)]
  0x000001c726df3000 JavaThread "Cache worker for file content cache (C:\Users\sunna\.gradle\caches\8.5\fileContent)" [_thread_blocked, id=25692, stack(0x0000006977000000,0x0000006977100000)]
  0x000001c726dfb000 JavaThread "Cache worker for execution history cache (C:\Users\sunna\.gradle\caches\8.5\executionHistory)" [_thread_blocked, id=27644, stack(0x0000006977100000,0x0000006977200000)]
  0x000001c726df9800 JavaThread "jar transforms" [_thread_blocked, id=1416, stack(0x0000006977200000,0x0000006977300000)]
  0x000001c726dfa800 JavaThread "jar transforms Thread 2" [_thread_blocked, id=28492, stack(0x0000006977300000,0x0000006977400000)]
  0x000001c726dfd800 JavaThread "jar transforms Thread 3" [_thread_blocked, id=2076, stack(0x0000006977500000,0x0000006977600000)]
  0x000001c72c078800 JavaThread "Daemon Thread 7" [_thread_blocked, id=17404, stack(0x0000006973f00000,0x0000006974000000)]
  0x000001c72c07a000 JavaThread "Handler for socket connection from /127.0.0.1:52105 to /127.0.0.1:54308" [_thread_in_native, id=21976, stack(0x0000006974000000,0x0000006974100000)]
  0x000001c72c07b000 JavaThread "Cancel handler" [_thread_blocked, id=6412, stack(0x0000006974100000,0x0000006974200000)]
  0x000001c72c07d800 JavaThread "Daemon worker Thread 6" [_thread_blocked, id=7512, stack(0x0000006975b00000,0x0000006975c00000)]
  0x000001c72c07c800 JavaThread "Asynchronous log dispatcher for DefaultDaemonConnection: socket connection from /127.0.0.1:52105 to /127.0.0.1:54308" [_thread_blocked, id=7264, stack(0x0000006975c00000,0x0000006975d00000)]
  0x000001c72c07e800 JavaThread "Stdin handler" [_thread_blocked, id=13972, stack(0x0000006975d00000,0x0000006975e00000)]
  0x000001c72c07f000 JavaThread "Daemon client event forwarder" [_thread_blocked, id=2624, stack(0x0000006975e00000,0x0000006975f00000)]
  0x000001c72c079800 JavaThread "Cache worker for checksums cache (C:\Users\sunna\IdeaProjects\web\.gradle\8.5\checksums)" [_thread_blocked, id=26916, stack(0x0000006975f00000,0x0000006976000000)]
  0x000001c72c080000 JavaThread "Cache worker for file hash cache (C:\Users\sunna\IdeaProjects\web\.gradle\8.5\fileHashes)" [_thread_blocked, id=12064, stack(0x0000006976000000,0x0000006976100000)]
  0x000001c72c085800 JavaThread "Cache worker for cache directory md-supplier (C:\Users\sunna\.gradle\caches\8.5\md-supplier)" [_thread_blocked, id=20472, stack(0x0000006976100000,0x0000006976200000)]
  0x000001c72c083000 JavaThread "Cache worker for cache directory md-rule (C:\Users\sunna\.gradle\caches\8.5\md-rule)" [_thread_blocked, id=17036, stack(0x0000006976700000,0x0000006976800000)]
  0x000001c72c080800 JavaThread "Cache worker for dependencies-accessors (C:\Users\sunna\IdeaProjects\web\.gradle\8.5\dependencies-accessors)" [_thread_blocked, id=18968, stack(0x0000006976900000,0x0000006976a00000)]
  0x000001c72c081800 JavaThread "jar transforms Thread 4" [_thread_blocked, id=28352, stack(0x0000006976c00000,0x0000006976d00000)]
  0x000001c727c22000 JavaThread "C2 CompilerThread1" daemon [_thread_blocked, id=23728, stack(0x0000006976d00000,0x0000006976e00000)]
  0x000001c72c086800 JavaThread "Cache worker for Build Output Cleanup Cache (C:\Users\sunna\IdeaProjects\web\.gradle\buildOutputCleanup)" [_thread_blocked, id=22920, stack(0x0000006976e00000,0x0000006976f00000)]
  0x000001c72c082800 JavaThread "Unconstrained build operations" [_thread_blocked, id=3304, stack(0x0000006976f00000,0x0000006977000000)]
  0x000001c72c084000 JavaThread "Unconstrained build operations Thread 2" [_thread_blocked, id=26880, stack(0x0000006977400000,0x0000006977500000)]
  0x000001c72c085000 JavaThread "Unconstrained build operations Thread 3" [_thread_blocked, id=19500, stack(0x0000006977600000,0x0000006977700000)]
  0x000001c726df1800 JavaThread "Unconstrained build operations Thread 4" [_thread_blocked, id=6344, stack(0x0000006977700000,0x0000006977800000)]
  0x000001c726df5800 JavaThread "Unconstrained build operations Thread 5" [_thread_blocked, id=6212, stack(0x0000006977800000,0x0000006977900000)]
  0x000001c726df0000 JavaThread "Unconstrained build operations Thread 6" [_thread_blocked, id=7076, stack(0x0000006977900000,0x0000006977a00000)]
  0x000001c726df8000 JavaThread "Unconstrained build operations Thread 7" [_thread_blocked, id=16376, stack(0x0000006977a00000,0x0000006977b00000)]
  0x000001c726df2000 JavaThread "jar transforms Thread 5" [_thread_blocked, id=28300, stack(0x0000006977b00000,0x0000006977c00000)]
  0x000001c726dfd000 JavaThread "jar transforms Thread 6" [_thread_blocked, id=14224, stack(0x0000006977c00000,0x0000006977d00000)]
  0x000001c726df9000 JavaThread "jar transforms Thread 7" [_thread_blocked, id=3196, stack(0x0000006977d00000,0x0000006977e00000)]
  0x000001c724c71000 JavaThread "jar transforms Thread 8" [_thread_blocked, id=23780, stack(0x0000006977e00000,0x0000006977f00000)]
=>0x000001c72a77d800 JavaThread "C2 CompilerThread2" daemon [_thread_in_native, id=23620, stack(0x0000006977f00000,0x0000006978000000)]

Other Threads:
  0x000001c724256800 VMThread "VM Thread" [stack: 0x0000006974800000,0x0000006974900000] [id=21596]
  0x000001c724e7e000 WatcherThread [stack: 0x0000006975300000,0x0000006975400000] [id=19172]
  0x000001c709bd4000 GCTaskThread "GC Thread#0" [stack: 0x0000006974300000,0x0000006974400000] [id=24528]
  0x000001c725891800 GCTaskThread "GC Thread#1" [stack: 0x0000006975400000,0x0000006975500000] [id=3100]
  0x000001c72585c000 GCTaskThread "GC Thread#2" [stack: 0x0000006975500000,0x0000006975600000] [id=1436]
  0x000001c7254de800 GCTaskThread "GC Thread#3" [stack: 0x0000006975600000,0x0000006975700000] [id=22568]
  0x000001c725967000 GCTaskThread "GC Thread#4" [stack: 0x0000006975700000,0x0000006975800000] [id=14496]
  0x000001c725929000 GCTaskThread "GC Thread#5" [stack: 0x0000006975800000,0x0000006975900000] [id=27764]
  0x000001c724caa000 GCTaskThread "GC Thread#6" [stack: 0x0000006976200000,0x0000006976300000] [id=20380]
  0x000001c7274d3800 GCTaskThread "GC Thread#7" [stack: 0x0000006976300000,0x0000006976400000] [id=26704]
  0x000001c709be6800 ConcurrentGCThread "G1 Main Marker" [stack: 0x0000006974400000,0x0000006974500000] [id=25000]
  0x000001c709be8000 ConcurrentGCThread "G1 Conc#0" [stack: 0x0000006974500000,0x0000006974600000] [id=28072]
  0x000001c7261b0000 ConcurrentGCThread "G1 Conc#1" [stack: 0x0000006976400000,0x0000006976500000] [id=24620]
  0x000001c7240e8800 ConcurrentGCThread "G1 Refine#0" [stack: 0x0000006974600000,0x0000006974700000] [id=25116]
  0x000001c7240e9000 ConcurrentGCThread "G1 Young RemSet Sampling" [stack: 0x0000006974700000,0x0000006974800000] [id=26688]

Threads with active compile tasks:
C2 CompilerThread01738160 5898       4       java.util.Arrays::binarySearch0 (95 bytes)
C1 CompilerThread01738160 6217       3       com.google.common.collect.ImmutableSet$EmptySetBuilderImpl::add (13 bytes)
C2 CompilerThread11738160 5899       4       groovy.lang.MetaClassImpl$1MOPIter::methodNameAction (325 bytes)
C2 CompilerThread21738160 6158       4       org.objectweb.asm.SymbolTable::addConstantMemberReference (147 bytes)

VM state:at safepoint (normal execution)

VM Mutex/Monitor currently owned by a thread:  ([mutex/lock_event])
[0x000001c709bbc280] Threads_lock - owner thread: 0x000001c724256800

Heap address: 0x00000000e0000000, size: 512 MB, Compressed Oops mode: 32-bit
Narrow klass base: 0x0000000000000000, Narrow klass shift: 3
Compressed class space size: 394264576 Address: 0x0000000100000000

Heap:
 garbage-first heap   total 262144K, used 166119K [0x00000000e0000000, 0x0000000100000000)
  region size 1024K, 147 young (150528K), 14 survivors (14336K)
 Metaspace       used 53313K, capacity 55145K, committed 55196K, reserved 434176K
  class space    used 6935K, capacity 7632K, committed 7660K, reserved 385024K
Heap Regions: E=young(eden), S=young(survivor), O=old, HS=humongous(starts), HC=humongous(continues), CS=collection set, F=free, A=archive, TAMS=top-at-mark-start (previous, next)
|   0|0x00000000e0000000, 0x00000000e0100000, 0x00000000e0100000|100%|HS|  |TAMS 0x00000000e0100000, 0x00000000e0000000| Complete 
|   1|0x00000000e0100000, 0x00000000e0200000, 0x00000000e0200000|100%|HC|  |TAMS 0x00000000e0200000, 0x00000000e0100000| Complete 
|   2|0x00000000e0200000, 0x00000000e0300000, 0x00000000e0300000|100%|HC|  |TAMS 0x00000000e0300000, 0x00000000e0200000| Complete 
|   3|0x00000000e0300000, 0x00000000e0400000, 0x00000000e0400000|100%|HC|  |TAMS 0x00000000e0400000, 0x00000000e0300000| Complete 
|   4|0x00000000e0400000, 0x00000000e0500000, 0x00000000e0500000|100%| O|  |TAMS 0x00000000e0500000, 0x00000000e0400000| Untracked 
|   5|0x00000000e0500000, 0x00000000e0600000, 0x00000000e0600000|100%| O|  |TAMS 0x00000000e0600000, 0x00000000e0500000| Untracked 
|   6|0x00000000e0600000, 0x00000000e0700000, 0x00000000e0700000|100%| O|  |TAMS 0x00000000e0700000, 0x00000000e0600000| Untracked 
|   7|0x00000000e0700000, 0x00000000e0800000, 0x00000000e0800000|100%| O|  |TAMS 0x00000000e0800000, 0x00000000e0700000| Untracked 
|   8|0x00000000e0800000, 0x00000000e0900000, 0x00000000e0900000|100%| O|  |TAMS 0x00000000e0900000, 0x00000000e0800000| Untracked 
|   9|0x00000000e0900000, 0x00000000e0a00000, 0x00000000e0a00000|100%| O|  |TAMS 0x00000000e0a00000, 0x00000000e0900000| Untracked 
|  10|0x00000000e0a00000, 0x00000000e0b00000, 0x00000000e0b00000|100%| O|  |TAMS 0x00000000e0b00000, 0x00000000e0a00000| Untracked 
|  11|0x00000000e0b00000, 0x00000000e0c00000, 0x00000000e0c00000|100%| O|  |TAMS 0x00000000e0c00000, 0x00000000e0b00000| Untracked 
|  12|0x00000000e0c00000, 0x00000000e0d00000, 0x00000000e0d00000|100%| O|  |TAMS 0x00000000e0d00000, 0x00000000e0c00000| Untracked 
|  13|0x00000000e0d00000, 0x00000000e0e00000, 0x00000000e0e00000|100%| O|  |TAMS 0x00000000e0e00000, 0x00000000e0d00000| Untracked 
|  14|0x00000000e0e00000, 0x00000000e0f00000, 0x00000000e0f00000|100%| O|  |TAMS 0x00000000e0f00000, 0x00000000e0e00000| Untracked 
|  15|0x00000000e0f00000, 0x00000000e1000000, 0x00000000e1000000|100%| O|  |TAMS 0x00000000e1000000, 0x00000000e0f00000| Untracked 
|  16|0x00000000e1000000, 0x00000000e1100000, 0x00000000e1100000|100%| O|  |TAMS 0x00000000e1100000, 0x00000000e1000000| Untracked 
|  17|0x00000000e1100000, 0x00000000e1200000, 0x00000000e1200000|100%| O|  |TAMS 0x00000000e1200000, 0x00000000e1100000| Untracked 
|  18|0x00000000e1200000, 0x00000000e121aa00, 0x00000000e1300000| 10%| O|  |TAMS 0x00000000e121aa00, 0x00000000e1200000| Untracked 
|  19|0x00000000e1300000, 0x00000000e1300000, 0x00000000e1400000|  0%| F|  |TAMS 0x00000000e1300000, 0x00000000e1300000| Untracked 
|  20|0x00000000e1400000, 0x00000000e1400000, 0x00000000e1500000|  0%| F|  |TAMS 0x00000000e1400000, 0x00000000e1400000| Untracked 
|  21|0x00000000e1500000, 0x00000000e1500000, 0x00000000e1600000|  0%| F|  |TAMS 0x00000000e1500000, 0x00000000e1500000| Untracked 
|  22|0x00000000e1600000, 0x00000000e1600000, 0x00000000e1700000|  0%| F|  |TAMS 0x00000000e1600000, 0x00000000e1600000| Untracked 
|  23|0x00000000e1700000, 0x00000000e1700000, 0x00000000e1800000|  0%| F|  |TAMS 0x00000000e1700000, 0x00000000e1700000| Untracked 
|  24|0x00000000e1800000, 0x00000000e1800000, 0x00000000e1900000|  0%| F|  |TAMS 0x00000000e1800000, 0x00000000e1800000| Untracked 
|  25|0x00000000e1900000, 0x00000000e1900000, 0x00000000e1a00000|  0%| F|  |TAMS 0x00000000e1900000, 0x00000000e1900000| Untracked 
|  26|0x00000000e1a00000, 0x00000000e1a00000, 0x00000000e1b00000|  0%| F|  |TAMS 0x00000000e1a00000, 0x00000000e1a00000| Untracked 
|  27|0x00000000e1b00000, 0x00000000e1b00000, 0x00000000e1c00000|  0%| F|  |TAMS 0x00000000e1b00000, 0x00000000e1b00000| Untracked 
|  28|0x00000000e1c00000, 0x00000000e1c00000, 0x00000000e1d00000|  0%| F|  |TAMS 0x00000000e1c00000, 0x00000000e1c00000| Untracked 
|  29|0x00000000e1d00000, 0x00000000e1d00000, 0x00000000e1e00000|  0%| F|  |TAMS 0x00000000e1d00000, 0x00000000e1d00000| Untracked 
|  30|0x00000000e1e00000, 0x00000000e1e00000, 0x00000000e1f00000|  0%| F|  |TAMS 0x00000000e1e00000, 0x00000000e1e00000| Untracked 
|  31|0x00000000e1f00000, 0x00000000e1f00000, 0x00000000e2000000|  0%| F|  |TAMS 0x00000000e1f00000, 0x00000000e1f00000| Untracked 
|  32|0x00000000e2000000, 0x00000000e2000000, 0x00000000e2100000|  0%| F|  |TAMS 0x00000000e2000000, 0x00000000e2000000| Untracked 
|  33|0x00000000e2100000, 0x00000000e2100000, 0x00000000e2200000|  0%| F|  |TAMS 0x00000000e2100000, 0x00000000e2100000| Untracked 
|  34|0x00000000e2200000, 0x00000000e2200000, 0x00000000e2300000|  0%| F|  |TAMS 0x00000000e2200000, 0x00000000e2200000| Untracked 
|  35|0x00000000e2300000, 0x00000000e2300000, 0x00000000e2400000|  0%| F|  |TAMS 0x00000000e2300000, 0x00000000e2300000| Untracked 
|  36|0x00000000e2400000, 0x00000000e2400000, 0x00000000e2500000|  0%| F|  |TAMS 0x00000000e2400000, 0x00000000e2400000| Untracked 
|  37|0x00000000e2500000, 0x00000000e2500000, 0x00000000e2600000|  0%| F|  |TAMS 0x00000000e2500000, 0x00000000e2500000| Untracked 
|  38|0x00000000e2600000, 0x00000000e2600000, 0x00000000e2700000|  0%| F|  |TAMS 0x00000000e2600000, 0x00000000e2600000| Untracked 
|  39|0x00000000e2700000, 0x00000000e2700000, 0x00000000e2800000|  0%| F|  |TAMS 0x00000000e2700000, 0x00000000e2700000| Untracked 
|  40|0x00000000e2800000, 0x00000000e2800000, 0x00000000e2900000|  0%| F|  |TAMS 0x00000000e2800000, 0x00000000e2800000| Untracked 
|  41|0x00000000e2900000, 0x00000000e2900000, 0x00000000e2a00000|  0%| F|  |TAMS 0x00000000e2900000, 0x00000000e2900000| Untracked 
|  42|0x00000000e2a00000, 0x00000000e2a00000, 0x00000000e2b00000|  0%| F|  |TAMS 0x00000000e2a00000, 0x00000000e2a00000| Untracked 
|  43|0x00000000e2b00000, 0x00000000e2b00000, 0x00000000e2c00000|  0%| F|  |TAMS 0x00000000e2b00000, 0x00000000e2b00000| Untracked 
|  44|0x00000000e2c00000, 0x00000000e2c00000, 0x00000000e2d00000|  0%| F|  |TAMS 0x00000000e2c00000, 0x00000000e2c00000| Untracked 
|  45|0x00000000e2d00000, 0x00000000e2d00000, 0x00000000e2e00000|  0%| F|  |TAMS 0x00000000e2d00000, 0x00000000e2d00000| Untracked 
|  46|0x00000000e2e00000, 0x00000000e2e00000, 0x00000000e2f00000|  0%| F|  |TAMS 0x00000000e2e00000, 0x00000000e2e00000| Untracked 
|  47|0x00000000e2f00000, 0x00000000e2f00000, 0x00000000e3000000|  0%| F|  |TAMS 0x00000000e2f00000, 0x00000000e2f00000| Untracked 
|  48|0x00000000e3000000, 0x00000000e3000000, 0x00000000e3100000|  0%| F|  |TAMS 0x00000000e3000000, 0x00000000e3000000| Untracked 
|  49|0x00000000e3100000, 0x00000000e3100000, 0x00000000e3200000|  0%| F|  |TAMS 0x00000000e3100000, 0x00000000e3100000| Untracked 
|  50|0x00000000e3200000, 0x00000000e3200000, 0x00000000e3300000|  0%| F|  |TAMS 0x00000000e3200000, 0x00000000e3200000| Untracked 
|  51|0x00000000e3300000, 0x00000000e3300000, 0x00000000e3400000|  0%| F|  |TAMS 0x00000000e3300000, 0x00000000e3300000| Untracked 
|  52|0x00000000e3400000, 0x00000000e3400000, 0x00000000e3500000|  0%| F|  |TAMS 0x00000000e3400000, 0x00000000e3400000| Untracked 
|  53|0x00000000e3500000, 0x00000000e3500000, 0x00000000e3600000|  0%| F|  |TAMS 0x00000000e3500000, 0x00000000e3500000| Untracked 
|  54|0x00000000e3600000, 0x00000000e3600000, 0x00000000e3700000|  0%| F|  |TAMS 0x00000000e3600000, 0x00000000e3600000| Untracked 
|  55|0x00000000e3700000, 0x00000000e3700000, 0x00000000e3800000|  0%| F|  |TAMS 0x00000000e3700000, 0x00000000e3700000| Untracked 
|  56|0x00000000e3800000, 0x00000000e3800000, 0x00000000e3900000|  0%| F|  |TAMS 0x00000000e3800000, 0x00000000e3800000| Untracked 
|  57|0x00000000e3900000, 0x00000000e3900000, 0x00000000e3a00000|  0%| F|  |TAMS 0x00000000e3900000, 0x00000000e3900000| Untracked 
|  58|0x00000000e3a00000, 0x00000000e3a00000, 0x00000000e3b00000|  0%| F|  |TAMS 0x00000000e3a00000, 0x00000000e3a00000| Untracked 
|  59|0x00000000e3b00000, 0x00000000e3b00000, 0x00000000e3c00000|  0%| F|  |TAMS 0x00000000e3b00000, 0x00000000e3b00000| Untracked 
|  60|0x00000000e3c00000, 0x00000000e3c00000, 0x00000000e3d00000|  0%| F|  |TAMS 0x00000000e3c00000, 0x00000000e3c00000| Untracked 
|  61|0x00000000e3d00000, 0x00000000e3d00000, 0x00000000e3e00000|  0%| F|  |TAMS 0x00000000e3d00000, 0x00000000e3d00000| Untracked 
|  62|0x00000000e3e00000, 0x00000000e3e00000, 0x00000000e3f00000|  0%| F|  |TAMS 0x00000000e3e00000, 0x00000000e3e00000| Untracked 
|  63|0x00000000e3f00000, 0x00000000e3f00000, 0x00000000e4000000|  0%| F|  |TAMS 0x00000000e3f00000, 0x00000000e3f00000| Untracked 
|  64|0x00000000e4000000, 0x00000000e4000000, 0x00000000e4100000|  0%| F|  |TAMS 0x00000000e4000000, 0x00000000e4000000| Untracked 
|  65|0x00000000e4100000, 0x00000000e4100000, 0x00000000e4200000|  0%| F|  |TAMS 0x00000000e4100000, 0x00000000e4100000| Untracked 
|  66|0x00000000e4200000, 0x00000000e4200000, 0x00000000e4300000|  0%| F|  |TAMS 0x00000000e4200000, 0x00000000e4200000| Untracked 
|  67|0x00000000e4300000, 0x00000000e4300000, 0x00000000e4400000|  0%| F|  |TAMS 0x00000000e4300000, 0x00000000e4300000| Untracked 
|  68|0x00000000e4400000, 0x00000000e4400000, 0x00000000e4500000|  0%| F|  |TAMS 0x00000000e4400000, 0x00000000e4400000| Untracked 
|  69|0x00000000e4500000, 0x00000000e4500000, 0x00000000e4600000|  0%| F|  |TAMS 0x00000000e4500000, 0x00000000e4500000| Untracked 
|  70|0x00000000e4600000, 0x00000000e4600000, 0x00000000e4700000|  0%| F|  |TAMS 0x00000000e4600000, 0x00000000e4600000| Untracked 
|  71|0x00000000e4700000, 0x00000000e4700000, 0x00000000e4800000|  0%| F|  |TAMS 0x00000000e4700000, 0x00000000e4700000| Untracked 
|  72|0x00000000e4800000, 0x00000000e4800000, 0x00000000e4900000|  0%| F|  |TAMS 0x00000000e4800000, 0x00000000e4800000| Untracked 
|  73|0x00000000e4900000, 0x00000000e4900000, 0x00000000e4a00000|  0%| F|  |TAMS 0x00000000e4900000, 0x00000000e4900000| Untracked 
|  74|0x00000000e4a00000, 0x00000000e4a00000, 0x00000000e4b00000|  0%| F|  |TAMS 0x00000000e4a00000, 0x00000000e4a00000| Untracked 
|  75|0x00000000e4b00000, 0x00000000e4b00000, 0x00000000e4c00000|  0%| F|  |TAMS 0x00000000e4b00000, 0x00000000e4b00000| Untracked 
|  76|0x00000000e4c00000, 0x00000000e4c00000, 0x00000000e4d00000|  0%| F|  |TAMS 0x00000000e4c00000, 0x00000000e4c00000| Untracked 
|  77|0x00000000e4d00000, 0x00000000e4d00000, 0x00000000e4e00000|  0%| F|  |TAMS 0x00000000e4d00000, 0x00000000e4d00000| Untracked 
|  78|0x00000000e4e00000, 0x00000000e4e00000, 0x00000000e4f00000|  0%| F|  |TAMS 0x00000000e4e00000, 0x00000000e4e00000| Untracked 
|  79|0x00000000e4f00000, 0x00000000e4f00000, 0x00000000e5000000|  0%| F|  |TAMS 0x00000000e4f00000, 0x00000000e4f00000| Untracked 
|  80|0x00000000e5000000, 0x00000000e5000000, 0x00000000e5100000|  0%| F|  |TAMS 0x00000000e5000000, 0x00000000e5000000| Untracked 
|  81|0x00000000e5100000, 0x00000000e5100000, 0x00000000e5200000|  0%| F|  |TAMS 0x00000000e5100000, 0x00000000e5100000| Untracked 
|  82|0x00000000e5200000, 0x00000000e5200000, 0x00000000e5300000|  0%| F|  |TAMS 0x00000000e5200000, 0x00000000e5200000| Untracked 
|  83|0x00000000e5300000, 0x00000000e5300000, 0x00000000e5400000|  0%| F|  |TAMS 0x00000000e5300000, 0x00000000e5300000| Untracked 
|  84|0x00000000e5400000, 0x00000000e5400000, 0x00000000e5500000|  0%| F|  |TAMS 0x00000000e5400000, 0x00000000e5400000| Untracked 
|  85|0x00000000e5500000, 0x00000000e5500000, 0x00000000e5600000|  0%| F|  |TAMS 0x00000000e5500000, 0x00000000e5500000| Untracked 
|  86|0x00000000e5600000, 0x00000000e5600000, 0x00000000e5700000|  0%| F|  |TAMS 0x00000000e5600000, 0x00000000e5600000| Untracked 
|  87|0x00000000e5700000, 0x00000000e5700000, 0x00000000e5800000|  0%| F|  |TAMS 0x00000000e5700000, 0x00000000e5700000| Untracked 
|  88|0x00000000e5800000, 0x00000000e5800000, 0x00000000e5900000|  0%| F|  |TAMS 0x00000000e5800000, 0x00000000e5800000| Untracked 
|  89|0x00000000e5900000, 0x00000000e5900000, 0x00000000e5a00000|  0%| F|  |TAMS 0x00000000e5900000, 0x00000000e5900000| Untracked 
|  90|0x00000000e5a00000, 0x00000000e5a00000, 0x00000000e5b00000|  0%| F|  |TAMS 0x00000000e5a00000, 0x00000000e5a00000| Untracked 
|  91|0x00000000e5b00000, 0x00000000e5b00000, 0x00000000e5c00000|  0%| F|  |TAMS 0x00000000e5b00000, 0x00000000e5b00000| Untracked 
|  92|0x00000000e5c00000, 0x00000000e5c00000, 0x00000000e5d00000|  0%| F|  |TAMS 0x00000000e5c00000, 0x00000000e5c00000| Untracked 
|  93|0x00000000e5d00000, 0x00000000e5d00000, 0x00000000e5e00000|  0%| F|  |TAMS 0x00000000e5d00000, 0x00000000e5d00000| Untracked 
|  94|0x00000000e5e00000, 0x00000000e5e00000, 0x00000000e5f00000|  0%| F|  |TAMS 0x00000000e5e00000, 0x00000000e5e00000| Untracked 
|  95|0x00000000e5f00000, 0x00000000e5f00000, 0x00000000e6000000|  0%| F|  |TAMS 0x00000000e5f00000, 0x00000000e5f00000| Untracked 
|  96|0x00000000e6000000, 0x00000000e6000000, 0x00000000e6100000|  0%| F|  |TAMS 0x00000000e6000000, 0x00000000e6000000| Untracked 
|  97|0x00000000e6100000, 0x00000000e6100000, 0x00000000e6200000|  0%| F|  |TAMS 0x00000000e6100000, 0x00000000e6100000| Untracked 
|  98|0x00000000e6200000, 0x00000000e6200000, 0x00000000e6300000|  0%| F|  |TAMS 0x00000000e6200000, 0x00000000e6200000| Untracked 
|  99|0x00000000e6300000, 0x00000000e6300000, 0x00000000e6400000|  0%| F|  |TAMS 0x00000000e6300000, 0x00000000e6300000| Untracked 
| 100|0x00000000e6400000, 0x00000000e6400000, 0x00000000e6500000|  0%| F|  |TAMS 0x00000000e6400000, 0x00000000e6400000| Untracked 
| 101|0x00000000e6500000, 0x00000000e6500000, 0x00000000e6600000|  0%| F|  |TAMS 0x00000000e6500000, 0x00000000e6500000| Untracked 
| 102|0x00000000e6600000, 0x00000000e6600000, 0x00000000e6700000|  0%| F|  |TAMS 0x00000000e6600000, 0x00000000e6600000| Untracked 
| 103|0x00000000e6700000, 0x00000000e6700000, 0x00000000e6800000|  0%| F|  |TAMS 0x00000000e6700000, 0x00000000e6700000| Untracked 
| 104|0x00000000e6800000, 0x00000000e6800000, 0x00000000e6900000|  0%| F|  |TAMS 0x00000000e6800000, 0x00000000e6800000| Untracked 
| 105|0x00000000e6900000, 0x00000000e6900000, 0x00000000e6a00000|  0%| F|  |TAMS 0x00000000e6900000, 0x00000000e6900000| Untracked 
| 106|0x00000000e6a00000, 0x00000000e6a00000, 0x00000000e6b00000|  0%| F|  |TAMS 0x00000000e6a00000, 0x00000000e6a00000| Untracked 
| 107|0x00000000e6b00000, 0x00000000e6b00000, 0x00000000e6c00000|  0%| F|  |TAMS 0x00000000e6b00000, 0x00000000e6b00000| Untracked 
| 108|0x00000000e6c00000, 0x00000000e6c00000, 0x00000000e6d00000|  0%| F|  |TAMS 0x00000000e6c00000, 0x00000000e6c00000| Untracked 
| 109|0x00000000e6d00000, 0x00000000e6d1f4b8, 0x00000000e6e00000| 12%| S|CS|TAMS 0x00000000e6d00000, 0x00000000e6d00000| Complete 
| 110|0x00000000e6e00000, 0x00000000e6f00000, 0x00000000e6f00000|100%| S|CS|TAMS 0x00000000e6e00000, 0x00000000e6e00000| Complete 
| 111|0x00000000e6f00000, 0x00000000e7000000, 0x00000000e7000000|100%| S|CS|TAMS 0x00000000e6f00000, 0x00000000e6f00000| Complete 
| 112|0x00000000e7000000, 0x00000000e7100000, 0x00000000e7100000|100%| S|CS|TAMS 0x00000000e7000000, 0x00000000e7000000| Complete 
| 113|0x00000000e7100000, 0x00000000e7200000, 0x00000000e7200000|100%| S|CS|TAMS 0x00000000e7100000, 0x00000000e7100000| Complete 
| 114|0x00000000e7200000, 0x00000000e7300000, 0x00000000e7300000|100%| S|CS|TAMS 0x00000000e7200000, 0x00000000e7200000| Complete 
| 115|0x00000000e7300000, 0x00000000e7400000, 0x00000000e7400000|100%| S|CS|TAMS 0x00000000e7300000, 0x00000000e7300000| Complete 
| 116|0x00000000e7400000, 0x00000000e7500000, 0x00000000e7500000|100%| S|CS|TAMS 0x00000000e7400000, 0x00000000e7400000| Complete 
| 117|0x00000000e7500000, 0x00000000e7600000, 0x00000000e7600000|100%| S|CS|TAMS 0x00000000e7500000, 0x00000000e7500000| Complete 
| 118|0x00000000e7600000, 0x00000000e7700000, 0x00000000e7700000|100%| S|CS|TAMS 0x00000000e7600000, 0x00000000e7600000| Complete 
| 119|0x00000000e7700000, 0x00000000e7800000, 0x00000000e7800000|100%| S|CS|TAMS 0x00000000e7700000, 0x00000000e7700000| Complete 
| 120|0x00000000e7800000, 0x00000000e7900000, 0x00000000e7900000|100%| S|CS|TAMS 0x00000000e7800000, 0x00000000e7800000| Complete 
| 121|0x00000000e7900000, 0x00000000e7a00000, 0x00000000e7a00000|100%| S|CS|TAMS 0x00000000e7900000, 0x00000000e7900000| Complete 
| 122|0x00000000e7a00000, 0x00000000e7b00000, 0x00000000e7b00000|100%| S|CS|TAMS 0x00000000e7a00000, 0x00000000e7a00000| Complete 
| 123|0x00000000e7b00000, 0x00000000e7b50210, 0x00000000e7c00000| 31%| E|  |TAMS 0x00000000e7b00000, 0x00000000e7b00000| Complete 
| 124|0x00000000e7c00000, 0x00000000e7d00000, 0x00000000e7d00000|100%| E|CS|TAMS 0x00000000e7c00000, 0x00000000e7c00000| Complete 
| 125|0x00000000e7d00000, 0x00000000e7e00000, 0x00000000e7e00000|100%| E|CS|TAMS 0x00000000e7d00000, 0x00000000e7d00000| Complete 
| 126|0x00000000e7e00000, 0x00000000e7f00000, 0x00000000e7f00000|100%| E|CS|TAMS 0x00000000e7e00000, 0x00000000e7e00000| Complete 
| 127|0x00000000e7f00000, 0x00000000e8000000, 0x00000000e8000000|100%| E|CS|TAMS 0x00000000e7f00000, 0x00000000e7f00000| Complete 
| 128|0x00000000e8000000, 0x00000000e8100000, 0x00000000e8100000|100%| E|CS|TAMS 0x00000000e8000000, 0x00000000e8000000| Complete 
| 129|0x00000000e8100000, 0x00000000e8200000, 0x00000000e8200000|100%| E|CS|TAMS 0x00000000e8100000, 0x00000000e8100000| Complete 
| 130|0x00000000e8200000, 0x00000000e8300000, 0x00000000e8300000|100%| E|CS|TAMS 0x00000000e8200000, 0x00000000e8200000| Complete 
| 131|0x00000000e8300000, 0x00000000e8400000, 0x00000000e8400000|100%| E|CS|TAMS 0x00000000e8300000, 0x00000000e8300000| Complete 
| 132|0x00000000e8400000, 0x00000000e8500000, 0x00000000e8500000|100%| E|CS|TAMS 0x00000000e8400000, 0x00000000e8400000| Complete 
| 133|0x00000000e8500000, 0x00000000e8600000, 0x00000000e8600000|100%| E|CS|TAMS 0x00000000e8500000, 0x00000000e8500000| Complete 
| 134|0x00000000e8600000, 0x00000000e8700000, 0x00000000e8700000|100%| E|  |TAMS 0x00000000e8600000, 0x00000000e8600000| Complete 
| 135|0x00000000e8700000, 0x00000000e8800000, 0x00000000e8800000|100%| E|CS|TAMS 0x00000000e8700000, 0x00000000e8700000| Complete 
| 136|0x00000000e8800000, 0x00000000e8900000, 0x00000000e8900000|100%| E|CS|TAMS 0x00000000e8800000, 0x00000000e8800000| Complete 
| 137|0x00000000e8900000, 0x00000000e8a00000, 0x00000000e8a00000|100%| E|CS|TAMS 0x00000000e8900000, 0x00000000e8900000| Complete 
| 138|0x00000000e8a00000, 0x00000000e8b00000, 0x00000000e8b00000|100%| E|CS|TAMS 0x00000000e8a00000, 0x00000000e8a00000| Complete 
| 139|0x00000000e8b00000, 0x00000000e8c00000, 0x00000000e8c00000|100%| E|CS|TAMS 0x00000000e8b00000, 0x00000000e8b00000| Complete 
| 140|0x00000000e8c00000, 0x00000000e8d00000, 0x00000000e8d00000|100%| E|CS|TAMS 0x00000000e8c00000, 0x00000000e8c00000| Complete 
| 141|0x00000000e8d00000, 0x00000000e8e00000, 0x00000000e8e00000|100%| E|CS|TAMS 0x00000000e8d00000, 0x00000000e8d00000| Complete 
| 142|0x00000000e8e00000, 0x00000000e8f00000, 0x00000000e8f00000|100%| E|CS|TAMS 0x00000000e8e00000, 0x00000000e8e00000| Complete 
| 143|0x00000000e8f00000, 0x00000000e9000000, 0x00000000e9000000|100%| E|CS|TAMS 0x00000000e8f00000, 0x00000000e8f00000| Complete 
| 144|0x00000000e9000000, 0x00000000e9100000, 0x00000000e9100000|100%| E|CS|TAMS 0x00000000e9000000, 0x00000000e9000000| Complete 
| 145|0x00000000e9100000, 0x00000000e9200000, 0x00000000e9200000|100%| E|CS|TAMS 0x00000000e9100000, 0x00000000e9100000| Complete 
| 146|0x00000000e9200000, 0x00000000e9300000, 0x00000000e9300000|100%| E|CS|TAMS 0x00000000e9200000, 0x00000000e9200000| Complete 
| 147|0x00000000e9300000, 0x00000000e9400000, 0x00000000e9400000|100%| E|CS|TAMS 0x00000000e9300000, 0x00000000e9300000| Complete 
| 148|0x00000000e9400000, 0x00000000e9500000, 0x00000000e9500000|100%| E|CS|TAMS 0x00000000e9400000, 0x00000000e9400000| Complete 
| 149|0x00000000e9500000, 0x00000000e9600000, 0x00000000e9600000|100%| E|CS|TAMS 0x00000000e9500000, 0x00000000e9500000| Complete 
| 150|0x00000000e9600000, 0x00000000e9700000, 0x00000000e9700000|100%| E|CS|TAMS 0x00000000e9600000, 0x00000000e9600000| Complete 
| 151|0x00000000e9700000, 0x00000000e9800000, 0x00000000e9800000|100%| E|CS|TAMS 0x00000000e9700000, 0x00000000e9700000| Complete 
| 152|0x00000000e9800000, 0x00000000e9900000, 0x00000000e9900000|100%| E|CS|TAMS 0x00000000e9800000, 0x00000000e9800000| Complete 
| 153|0x00000000e9900000, 0x00000000e9a00000, 0x00000000e9a00000|100%| E|CS|TAMS 0x00000000e9900000, 0x00000000e9900000| Complete 
| 154|0x00000000e9a00000, 0x00000000e9b00000, 0x00000000e9b00000|100%| E|CS|TAMS 0x00000000e9a00000, 0x00000000e9a00000| Complete 
| 155|0x00000000e9b00000, 0x00000000e9c00000, 0x00000000e9c00000|100%| E|CS|TAMS 0x00000000e9b00000, 0x00000000e9b00000| Complete 
| 156|0x00000000e9c00000, 0x00000000e9d00000, 0x00000000e9d00000|100%| E|CS|TAMS 0x00000000e9c00000, 0x00000000e9c00000| Complete 
| 157|0x00000000e9d00000, 0x00000000e9e00000, 0x00000000e9e00000|100%| E|CS|TAMS 0x00000000e9d00000, 0x00000000e9d00000| Complete 
| 158|0x00000000e9e00000, 0x00000000e9f00000, 0x00000000e9f00000|100%| E|CS|TAMS 0x00000000e9e00000, 0x00000000e9e00000| Complete 
| 159|0x00000000e9f00000, 0x00000000ea000000, 0x00000000ea000000|100%| E|CS|TAMS 0x00000000e9f00000, 0x00000000e9f00000| Complete 
| 160|0x00000000ea000000, 0x00000000ea100000, 0x00000000ea100000|100%| E|CS|TAMS 0x00000000ea000000, 0x00000000ea000000| Complete 
| 161|0x00000000ea100000, 0x00000000ea200000, 0x00000000ea200000|100%| E|CS|TAMS 0x00000000ea100000, 0x00000000ea100000| Complete 
| 162|0x00000000ea200000, 0x00000000ea300000, 0x00000000ea300000|100%| E|CS|TAMS 0x00000000ea200000, 0x00000000ea200000| Complete 
| 163|0x00000000ea300000, 0x00000000ea400000, 0x00000000ea400000|100%| E|CS|TAMS 0x00000000ea300000, 0x00000000ea300000| Complete 
| 164|0x00000000ea400000, 0x00000000ea500000, 0x00000000ea500000|100%| E|CS|TAMS 0x00000000ea400000, 0x00000000ea400000| Complete 
| 165|0x00000000ea500000, 0x00000000ea600000, 0x00000000ea600000|100%| E|CS|TAMS 0x00000000ea500000, 0x00000000ea500000| Complete 
| 166|0x00000000ea600000, 0x00000000ea700000, 0x00000000ea700000|100%| E|CS|TAMS 0x00000000ea600000, 0x00000000ea600000| Complete 
| 167|0x00000000ea700000, 0x00000000ea800000, 0x00000000ea800000|100%| E|CS|TAMS 0x00000000ea700000, 0x00000000ea700000| Complete 
| 168|0x00000000ea800000, 0x00000000ea900000, 0x00000000ea900000|100%| E|CS|TAMS 0x00000000ea800000, 0x00000000ea800000| Complete 
| 169|0x00000000ea900000, 0x00000000eaa00000, 0x00000000eaa00000|100%| E|CS|TAMS 0x00000000ea900000, 0x00000000ea900000| Complete 
| 170|0x00000000eaa00000, 0x00000000eab00000, 0x00000000eab00000|100%| E|CS|TAMS 0x00000000eaa00000, 0x00000000eaa00000| Complete 
| 171|0x00000000eab00000, 0x00000000eac00000, 0x00000000eac00000|100%| E|CS|TAMS 0x00000000eab00000, 0x00000000eab00000| Complete 
| 172|0x00000000eac00000, 0x00000000ead00000, 0x00000000ead00000|100%| E|CS|TAMS 0x00000000eac00000, 0x00000000eac00000| Complete 
| 173|0x00000000ead00000, 0x00000000eae00000, 0x00000000eae00000|100%| E|CS|TAMS 0x00000000ead00000, 0x00000000ead00000| Complete 
| 174|0x00000000eae00000, 0x00000000eaf00000, 0x00000000eaf00000|100%| E|CS|TAMS 0x00000000eae00000, 0x00000000eae00000| Complete 
| 175|0x00000000eaf00000, 0x00000000eb000000, 0x00000000eb000000|100%| E|CS|TAMS 0x00000000eaf00000, 0x00000000eaf00000| Complete 
| 176|0x00000000eb000000, 0x00000000eb100000, 0x00000000eb100000|100%| E|CS|TAMS 0x00000000eb000000, 0x00000000eb000000| Complete 
| 177|0x00000000eb100000, 0x00000000eb200000, 0x00000000eb200000|100%| E|CS|TAMS 0x00000000eb100000, 0x00000000eb100000| Complete 
| 178|0x00000000eb200000, 0x00000000eb300000, 0x00000000eb300000|100%| E|CS|TAMS 0x00000000eb200000, 0x00000000eb200000| Complete 
| 179|0x00000000eb300000, 0x00000000eb400000, 0x00000000eb400000|100%| E|CS|TAMS 0x00000000eb300000, 0x00000000eb300000| Complete 
| 180|0x00000000eb400000, 0x00000000eb500000, 0x00000000eb500000|100%| E|CS|TAMS 0x00000000eb400000, 0x00000000eb400000| Complete 
| 181|0x00000000eb500000, 0x00000000eb600000, 0x00000000eb600000|100%| E|CS|TAMS 0x00000000eb500000, 0x00000000eb500000| Complete 
| 182|0x00000000eb600000, 0x00000000eb700000, 0x00000000eb700000|100%| E|CS|TAMS 0x00000000eb600000, 0x00000000eb600000| Complete 
| 183|0x00000000eb700000, 0x00000000eb800000, 0x00000000eb800000|100%| E|CS|TAMS 0x00000000eb700000, 0x00000000eb700000| Complete 
| 184|0x00000000eb800000, 0x00000000eb900000, 0x00000000eb900000|100%| E|CS|TAMS 0x00000000eb800000, 0x00000000eb800000| Complete 
| 185|0x00000000eb900000, 0x00000000eba00000, 0x00000000eba00000|100%| E|CS|TAMS 0x00000000eb900000, 0x00000000eb900000| Complete 
| 186|0x00000000eba00000, 0x00000000ebb00000, 0x00000000ebb00000|100%| E|CS|TAMS 0x00000000eba00000, 0x00000000eba00000| Complete 
| 187|0x00000000ebb00000, 0x00000000ebc00000, 0x00000000ebc00000|100%| E|CS|TAMS 0x00000000ebb00000, 0x00000000ebb00000| Complete 
| 188|0x00000000ebc00000, 0x00000000ebd00000, 0x00000000ebd00000|100%| E|CS|TAMS 0x00000000ebc00000, 0x00000000ebc00000| Complete 
| 189|0x00000000ebd00000, 0x00000000ebe00000, 0x00000000ebe00000|100%| E|CS|TAMS 0x00000000ebd00000, 0x00000000ebd00000| Complete 
| 190|0x00000000ebe00000, 0x00000000ebf00000, 0x00000000ebf00000|100%| E|CS|TAMS 0x00000000ebe00000, 0x00000000ebe00000| Complete 
| 191|0x00000000ebf00000, 0x00000000ec000000, 0x00000000ec000000|100%| E|CS|TAMS 0x00000000ebf00000, 0x00000000ebf00000| Complete 
| 192|0x00000000ec000000, 0x00000000ec100000, 0x00000000ec100000|100%| E|CS|TAMS 0x00000000ec000000, 0x00000000ec000000| Complete 
| 193|0x00000000ec100000, 0x00000000ec200000, 0x00000000ec200000|100%| E|CS|TAMS 0x00000000ec100000, 0x00000000ec100000| Complete 
| 194|0x00000000ec200000, 0x00000000ec300000, 0x00000000ec300000|100%| E|CS|TAMS 0x00000000ec200000, 0x00000000ec200000| Complete 
| 195|0x00000000ec300000, 0x00000000ec400000, 0x00000000ec400000|100%| E|CS|TAMS 0x00000000ec300000, 0x00000000ec300000| Complete 
| 196|0x00000000ec400000, 0x00000000ec500000, 0x00000000ec500000|100%| E|CS|TAMS 0x00000000ec400000, 0x00000000ec400000| Complete 
| 197|0x00000000ec500000, 0x00000000ec600000, 0x00000000ec600000|100%| E|CS|TAMS 0x00000000ec500000, 0x00000000ec500000| Complete 
| 198|0x00000000ec600000, 0x00000000ec700000, 0x00000000ec700000|100%| E|CS|TAMS 0x00000000ec600000, 0x00000000ec600000| Complete 
| 199|0x00000000ec700000, 0x00000000ec800000, 0x00000000ec800000|100%| E|CS|TAMS 0x00000000ec700000, 0x00000000ec700000| Complete 
| 200|0x00000000ec800000, 0x00000000ec900000, 0x00000000ec900000|100%| E|CS|TAMS 0x00000000ec800000, 0x00000000ec800000| Complete 
| 201|0x00000000ec900000, 0x00000000eca00000, 0x00000000eca00000|100%| E|CS|TAMS 0x00000000ec900000, 0x00000000ec900000| Complete 
| 202|0x00000000eca00000, 0x00000000ecb00000, 0x00000000ecb00000|100%| E|CS|TAMS 0x00000000eca00000, 0x00000000eca00000| Complete 
| 203|0x00000000ecb00000, 0x00000000ecc00000, 0x00000000ecc00000|100%| E|CS|TAMS 0x00000000ecb00000, 0x00000000ecb00000| Complete 
| 204|0x00000000ecc00000, 0x00000000ecd00000, 0x00000000ecd00000|100%| E|CS|TAMS 0x00000000ecc00000, 0x00000000ecc00000| Complete 
| 205|0x00000000ecd00000, 0x00000000ece00000, 0x00000000ece00000|100%| E|CS|TAMS 0x00000000ecd00000, 0x00000000ecd00000| Complete 
| 206|0x00000000ece00000, 0x00000000ecf00000, 0x00000000ecf00000|100%| E|CS|TAMS 0x00000000ece00000, 0x00000000ece00000| Complete 
| 207|0x00000000ecf00000, 0x00000000ed000000, 0x00000000ed000000|100%| E|CS|TAMS 0x00000000ecf00000, 0x00000000ecf00000| Complete 
| 208|0x00000000ed000000, 0x00000000ed100000, 0x00000000ed100000|100%| E|CS|TAMS 0x00000000ed000000, 0x00000000ed000000| Complete 
| 209|0x00000000ed100000, 0x00000000ed200000, 0x00000000ed200000|100%| E|CS|TAMS 0x00000000ed100000, 0x00000000ed100000| Complete 
| 210|0x00000000ed200000, 0x00000000ed300000, 0x00000000ed300000|100%| E|CS|TAMS 0x00000000ed200000, 0x00000000ed200000| Complete 
| 211|0x00000000ed300000, 0x00000000ed400000, 0x00000000ed400000|100%| E|CS|TAMS 0x00000000ed300000, 0x00000000ed300000| Complete 
| 212|0x00000000ed400000, 0x00000000ed500000, 0x00000000ed500000|100%| E|CS|TAMS 0x00000000ed400000, 0x00000000ed400000| Complete 
| 213|0x00000000ed500000, 0x00000000ed600000, 0x00000000ed600000|100%| E|CS|TAMS 0x00000000ed500000, 0x00000000ed500000| Complete 
| 214|0x00000000ed600000, 0x00000000ed700000, 0x00000000ed700000|100%| E|CS|TAMS 0x00000000ed600000, 0x00000000ed600000| Complete 
| 215|0x00000000ed700000, 0x00000000ed800000, 0x00000000ed800000|100%| E|CS|TAMS 0x00000000ed700000, 0x00000000ed700000| Complete 
| 216|0x00000000ed800000, 0x00000000ed900000, 0x00000000ed900000|100%| E|CS|TAMS 0x00000000ed800000, 0x00000000ed800000| Complete 
| 217|0x00000000ed900000, 0x00000000eda00000, 0x00000000eda00000|100%| E|CS|TAMS 0x00000000ed900000, 0x00000000ed900000| Complete 
| 218|0x00000000eda00000, 0x00000000edb00000, 0x00000000edb00000|100%| E|CS|TAMS 0x00000000eda00000, 0x00000000eda00000| Complete 
| 219|0x00000000edb00000, 0x00000000edc00000, 0x00000000edc00000|100%| E|CS|TAMS 0x00000000edb00000, 0x00000000edb00000| Complete 
| 220|0x00000000edc00000, 0x00000000edd00000, 0x00000000edd00000|100%| E|CS|TAMS 0x00000000edc00000, 0x00000000edc00000| Complete 
| 221|0x00000000edd00000, 0x00000000ede00000, 0x00000000ede00000|100%| E|CS|TAMS 0x00000000edd00000, 0x00000000edd00000| Complete 
| 222|0x00000000ede00000, 0x00000000edf00000, 0x00000000edf00000|100%| E|CS|TAMS 0x00000000ede00000, 0x00000000ede00000| Complete 
| 223|0x00000000edf00000, 0x00000000ee000000, 0x00000000ee000000|100%| E|CS|TAMS 0x00000000edf00000, 0x00000000edf00000| Complete 
| 224|0x00000000ee000000, 0x00000000ee100000, 0x00000000ee100000|100%| E|CS|TAMS 0x00000000ee000000, 0x00000000ee000000| Complete 
| 225|0x00000000ee100000, 0x00000000ee200000, 0x00000000ee200000|100%| E|CS|TAMS 0x00000000ee100000, 0x00000000ee100000| Complete 
| 226|0x00000000ee200000, 0x00000000ee300000, 0x00000000ee300000|100%| E|CS|TAMS 0x00000000ee200000, 0x00000000ee200000| Complete 
| 227|0x00000000ee300000, 0x00000000ee400000, 0x00000000ee400000|100%| E|CS|TAMS 0x00000000ee300000, 0x00000000ee300000| Complete 
| 228|0x00000000ee400000, 0x00000000ee500000, 0x00000000ee500000|100%| E|CS|TAMS 0x00000000ee400000, 0x00000000ee400000| Complete 
| 229|0x00000000ee500000, 0x00000000ee600000, 0x00000000ee600000|100%| E|CS|TAMS 0x00000000ee500000, 0x00000000ee500000| Complete 
| 230|0x00000000ee600000, 0x00000000ee700000, 0x00000000ee700000|100%| E|CS|TAMS 0x00000000ee600000, 0x00000000ee600000| Complete 
| 231|0x00000000ee700000, 0x00000000ee800000, 0x00000000ee800000|100%| E|CS|TAMS 0x00000000ee700000, 0x00000000ee700000| Complete 
| 232|0x00000000ee800000, 0x00000000ee900000, 0x00000000ee900000|100%| E|CS|TAMS 0x00000000ee800000, 0x00000000ee800000| Complete 
| 233|0x00000000ee900000, 0x00000000eea00000, 0x00000000eea00000|100%| E|CS|TAMS 0x00000000ee900000, 0x00000000ee900000| Complete 
| 234|0x00000000eea00000, 0x00000000eeb00000, 0x00000000eeb00000|100%| E|CS|TAMS 0x00000000eea00000, 0x00000000eea00000| Complete 
| 235|0x00000000eeb00000, 0x00000000eec00000, 0x00000000eec00000|100%| E|CS|TAMS 0x00000000eeb00000, 0x00000000eeb00000| Complete 
| 236|0x00000000eec00000, 0x00000000eed00000, 0x00000000eed00000|100%| E|CS|TAMS 0x00000000eec00000, 0x00000000eec00000| Complete 
| 237|0x00000000eed00000, 0x00000000eee00000, 0x00000000eee00000|100%| E|CS|TAMS 0x00000000eed00000, 0x00000000eed00000| Complete 
| 238|0x00000000eee00000, 0x00000000eef00000, 0x00000000eef00000|100%| E|CS|TAMS 0x00000000eee00000, 0x00000000eee00000| Complete 
| 239|0x00000000eef00000, 0x00000000ef000000, 0x00000000ef000000|100%| E|CS|TAMS 0x00000000eef00000, 0x00000000eef00000| Complete 
| 240|0x00000000ef000000, 0x00000000ef100000, 0x00000000ef100000|100%| E|CS|TAMS 0x00000000ef000000, 0x00000000ef000000| Complete 
| 241|0x00000000ef100000, 0x00000000ef200000, 0x00000000ef200000|100%| E|CS|TAMS 0x00000000ef100000, 0x00000000ef100000| Complete 
| 242|0x00000000ef200000, 0x00000000ef300000, 0x00000000ef300000|100%| E|CS|TAMS 0x00000000ef200000, 0x00000000ef200000| Complete 
| 243|0x00000000ef300000, 0x00000000ef400000, 0x00000000ef400000|100%| E|CS|TAMS 0x00000000ef300000, 0x00000000ef300000| Complete 
| 244|0x00000000ef400000, 0x00000000ef500000, 0x00000000ef500000|100%| E|CS|TAMS 0x00000000ef400000, 0x00000000ef400000| Complete 
| 245|0x00000000ef500000, 0x00000000ef600000, 0x00000000ef600000|100%| E|CS|TAMS 0x00000000ef500000, 0x00000000ef500000| Complete 
| 246|0x00000000ef600000, 0x00000000ef700000, 0x00000000ef700000|100%| E|CS|TAMS 0x00000000ef600000, 0x00000000ef600000| Complete 
| 247|0x00000000ef700000, 0x00000000ef800000, 0x00000000ef800000|100%| E|CS|TAMS 0x00000000ef700000, 0x00000000ef700000| Complete 
| 248|0x00000000ef800000, 0x00000000ef900000, 0x00000000ef900000|100%| E|CS|TAMS 0x00000000ef800000, 0x00000000ef800000| Complete 
| 249|0x00000000ef900000, 0x00000000efa00000, 0x00000000efa00000|100%| E|CS|TAMS 0x00000000ef900000, 0x00000000ef900000| Complete 
| 250|0x00000000efa00000, 0x00000000efb00000, 0x00000000efb00000|100%| E|CS|TAMS 0x00000000efa00000, 0x00000000efa00000| Complete 
| 251|0x00000000efb00000, 0x00000000efc00000, 0x00000000efc00000|100%| E|CS|TAMS 0x00000000efb00000, 0x00000000efb00000| Complete 
| 252|0x00000000efc00000, 0x00000000efd00000, 0x00000000efd00000|100%| E|CS|TAMS 0x00000000efc00000, 0x00000000efc00000| Complete 
| 253|0x00000000efd00000, 0x00000000efe00000, 0x00000000efe00000|100%| E|CS|TAMS 0x00000000efd00000, 0x00000000efd00000| Complete 
| 254|0x00000000efe00000, 0x00000000eff00000, 0x00000000eff00000|100%| E|CS|TAMS 0x00000000efe00000, 0x00000000efe00000| Complete 
| 255|0x00000000eff00000, 0x00000000f0000000, 0x00000000f0000000|100%| E|CS|TAMS 0x00000000eff00000, 0x00000000eff00000| Complete 

Card table byte_map: [0x000001c720610000,0x000001c720710000] _byte_map_base: 0x000001c71ff10000

Marking Bits (Prev, Next): (CMBitMap*) 0x000001c709be1a60, (CMBitMap*) 0x000001c709be1a28
 Prev Bits: [0x000001c721010000, 0x000001c721810000)
 Next Bits: [0x000001c720810000, 0x000001c721010000)

Polling page: 0x000001c707b20000

Metaspace:

Usage:
  Non-class:     46.40 MB capacity,    45.29 MB ( 98%) used,   944.57 KB (  2%) free+waste,   189.50 KB ( <1%) overhead. 
      Class:      7.45 MB capacity,     6.77 MB ( 91%) used,   602.35 KB (  8%) free+waste,    94.63 KB (  1%) overhead. 
       Both:     53.85 MB capacity,    52.06 MB ( 97%) used,     1.51 MB (  3%) free+waste,   284.13 KB ( <1%) overhead. 

Virtual space:
  Non-class space:       48.00 MB reserved,      46.42 MB ( 97%) committed 
      Class space:      376.00 MB reserved,       7.48 MB (  2%) committed 
             Both:      424.00 MB reserved,      53.90 MB ( 13%) committed 

Chunk freelists:
   Non-Class:  2.88 KB
       Class:  0 bytes
        Both:  2.88 KB

CodeHeap 'non-profiled nmethods': size=120000Kb used=3725Kb max_used=3725Kb free=116274Kb
 bounds [0x000001c718cb0000, 0x000001c719060000, 0x000001c7201e0000]
CodeHeap 'profiled nmethods': size=120000Kb used=12679Kb max_used=12679Kb free=107320Kb
 bounds [0x000001c711780000, 0x000001c7123f0000, 0x000001c718cb0000]
CodeHeap 'non-nmethods': size=5760Kb used=2243Kb max_used=2291Kb free=3516Kb
 bounds [0x000001c7111e0000, 0x000001c711450000, 0x000001c711780000]
 total_blobs=7008 nmethods=6198 adapters=721
 compilation: enabled
              stopped_count=0, restarted_count=0
 full_count=0

Compilation events (10 events):
Event: 1738.128 Thread 0x000001c724aff800 6206       3       java.util.Arrays$ArrayList::iterator (12 bytes)
Event: 1738.128 Thread 0x000001c724aff800 nmethod 6206 0x000001c7123df610 code [0x000001c7123df7c0, 0x000001c7123dfa38]
Event: 1738.128 Thread 0x000001c724aff800 6204       3       jdk.internal.org.objectweb.asm.ClassWriter::visitSource (36 bytes)
Event: 1738.129 Thread 0x000001c724aff800 nmethod 6204 0x000001c7123dfb10 code [0x000001c7123dfce0, 0x000001c7123e0178]
Event: 1738.129 Thread 0x000001c724aff800 6211       3       java.lang.invoke.LambdaForm::returnType (26 bytes)
Event: 1738.129 Thread 0x000001c724aff800 nmethod 6211 0x000001c7123e0310 code [0x000001c7123e04a0, 0x000001c7123e0618]
Event: 1738.129 Thread 0x000001c724aff800 6209       3       java.lang.invoke.ClassSpecializer$Factory$1Var::emitFieldInsn (18 bytes)
Event: 1738.129 Thread 0x000001c724aff800 nmethod 6209 0x000001c7123e0710 code [0x000001c7123e08c0, 0x000001c7123e0a88]
Event: 1738.129 Thread 0x000001c724aff800 6213       3       jdk.internal.org.objectweb.asm.ClassWriter::newConst (9 bytes)
Event: 1738.129 Thread 0x000001c724aff800 nmethod 6213 0x000001c7123e0b90 code [0x000001c7123e0d40, 0x000001c7123e0e88]

GC Heap History (10 events):
Event: 0.544 GC heap before
{Heap before GC invocations=0 (full 0):
 garbage-first heap   total 262144K, used 27648K [0x00000000e0000000, 0x0000000100000000)
  region size 1024K, 24 young (24576K), 0 survivors (0K)
 Metaspace       used 9648K, capacity 9909K, committed 10112K, reserved 395264K
  class space    used 961K, capacity 1049K, committed 1152K, reserved 385024K
}
Event: 0.548 GC heap after
{Heap after GC invocations=1 (full 0):
 garbage-first heap   total 262144K, used 10689K [0x00000000e0000000, 0x0000000100000000)
  region size 1024K, 3 young (3072K), 3 survivors (3072K)
 Metaspace       used 9648K, capacity 9909K, committed 10112K, reserved 395264K
  class space    used 961K, capacity 1049K, committed 1152K, reserved 385024K
}
Event: 5.652 GC heap before
{Heap before GC invocations=1 (full 0):
 garbage-first heap   total 262144K, used 121281K [0x00000000e0000000, 0x0000000100000000)
  region size 1024K, 112 young (114688K), 3 survivors (3072K)
 Metaspace       used 20681K, capacity 21167K, committed 21296K, reserved 405504K
  class space    used 2492K, capacity 2665K, committed 2688K, reserved 385024K
}
Event: 5.659 GC heap after
{Heap after GC invocations=2 (full 0):
 garbage-first heap   total 262144K, used 18486K [0x00000000e0000000, 0x0000000100000000)
  region size 1024K, 11 young (11264K), 11 survivors (11264K)
 Metaspace       used 20681K, capacity 21167K, committed 21296K, reserved 405504K
  class space    used 2492K, capacity 2665K, committed 2688K, reserved 385024K
}
Event: 6.341 GC heap before
{Heap before GC invocations=3 (full 0):
 garbage-first heap   total 262144K, used 105526K [0x00000000e0000000, 0x0000000100000000)
  region size 1024K, 96 young (98304K), 11 survivors (11264K)
 Metaspace       used 27987K, capacity 28676K, committed 28720K, reserved 411648K
  class space    used 3686K, capacity 3967K, committed 3968K, reserved 385024K
}
Event: 6.349 GC heap after
{Heap after GC invocations=4 (full 0):
 garbage-first heap   total 262144K, used 22109K [0x00000000e0000000, 0x0000000100000000)
  region size 1024K, 4 young (4096K), 4 survivors (4096K)
 Metaspace       used 27987K, capacity 28676K, committed 28720K, reserved 411648K
  class space    used 3686K, capacity 3967K, committed 3968K, reserved 385024K
}
Event: 6.917 GC heap before
{Heap before GC invocations=4 (full 0):
 garbage-first heap   total 262144K, used 93789K [0x00000000e0000000, 0x0000000100000000)
  region size 1024K, 75 young (76800K), 4 survivors (4096K)
 Metaspace       used 34952K, capacity 35819K, committed 35888K, reserved 417792K
  class space    used 4642K, capacity 4970K, committed 4992K, reserved 385024K
}
Event: 6.922 GC heap after
{Heap after GC invocations=5 (full 0):
 garbage-first heap   total 262144K, used 24445K [0x00000000e0000000, 0x0000000100000000)
  region size 1024K, 6 young (6144K), 6 survivors (6144K)
 Metaspace       used 34952K, capacity 35819K, committed 35888K, reserved 417792K
  class space    used 4642K, capacity 4970K, committed 4992K, reserved 385024K
}
Event: 8.025 GC heap before
{Heap before GC invocations=6 (full 0):
 garbage-first heap   total 262144K, used 160637K [0x00000000e0000000, 0x0000000100000000)
  region size 1024K, 133 young (136192K), 6 survivors (6144K)
 Metaspace       used 47459K, capacity 48722K, committed 48924K, reserved 428032K
  class space    used 6158K, capacity 6675K, committed 6764K, reserved 385024K
}
Event: 8.036 GC heap after
{Heap after GC invocations=7 (full 0):
 garbage-first heap   total 262144K, used 31975K [0x00000000e0000000, 0x0000000100000000)
  region size 1024K, 14 young (14336K), 14 survivors (14336K)
 Metaspace       used 47459K, capacity 48722K, committed 48924K, reserved 428032K
  class space    used 6158K, capacity 6675K, committed 6764K, reserved 385024K
}

Deoptimization events (10 events):
Event: 1737.980 Thread 0x000001c726df1800 Uncommon trap: reason=class_check action=maybe_recompile pc=0x000001c718f6cde8 method=java.util.concurrent.ConcurrentHashMap.putVal(Ljava/lang/Object;Ljava/lang/Object;Z)Ljava/lang/Object; @ 159 c2
Event: 1737.980 Thread 0x000001c726df1800 Uncommon trap: reason=speculate_null_assert action=make_not_entrant pc=0x000001c718e814ac method=java.lang.invoke.MethodType$ConcurrentWeakInternSet.add(Ljava/lang/Object;)Ljava/lang/Object; @ 47 c2
Event: 1737.981 Thread 0x000001c726df1800 Uncommon trap: reason=unstable_if action=reinterpret pc=0x000001c718f6ccb4 method=java.util.concurrent.ConcurrentHashMap.putVal(Ljava/lang/Object;Ljava/lang/Object;Z)Ljava/lang/Object; @ 97 c2
Event: 1737.999 Thread 0x000001c726df0000 Uncommon trap: reason=unstable_if action=reinterpret pc=0x000001c718d6ba30 method=java.util.concurrent.ConcurrentHashMap.addCount(JI)V @ 34 c2
Event: 1737.999 Thread 0x000001c72c07d800 Uncommon trap: reason=unstable_if action=reinterpret pc=0x000001c718f8daa8 method=java.util.concurrent.locks.ReentrantLock$Sync.nonfairTryAcquire(I)Z @ 19 c2
Event: 1737.999 Thread 0x000001c72c082800 Uncommon trap: reason=unstable_if action=reinterpret pc=0x000001c718f8daa8 method=java.util.concurrent.locks.ReentrantLock$Sync.nonfairTryAcquire(I)Z @ 19 c2
Event: 1737.999 Thread 0x000001c72c07d800 Uncommon trap: reason=unstable_if action=reinterpret pc=0x000001c71902aca8 method=java.util.concurrent.locks.ReentrantLock$Sync.nonfairTryAcquire(I)Z @ 19 c2
Event: 1738.098 Thread 0x000001c72c07d800 Uncommon trap: reason=bimorphic_or_optimized_type_check action=maybe_recompile pc=0x000001c718fca9a4 method=org.gradle.internal.service.DefaultServiceRegistry.find(Ljava/lang/reflect/Type;Lorg/gradle/internal/service/ServiceProvider;)Lorg/gradle/internal/
Event: 1738.100 Thread 0x000001c72c07d800 Uncommon trap: reason=unstable_if action=reinterpret pc=0x000001c7190518d0 method=com.google.common.reflect.TypeResolver$TypeVariableKey.equalsTypeVariable(Ljava/lang/reflect/TypeVariable;)Z @ 39 c2
Event: 1738.102 Thread 0x000001c72c07d800 Uncommon trap: reason=unstable_if action=reinterpret pc=0x000001c718f008e4 method=org.objectweb.asm.Frame.execute(IILorg/objectweb/asm/Symbol;Lorg/objectweb/asm/SymbolTable;)V @ 1 c2

Classes redefined (0 events):
No events

Internal exceptions (10 events):
Event: 1403.589 Thread 0x000001c72c07d800 Exception <a 'java/lang/NoSuchMethodError'{0x00000000e9b2caf8}: static Lorg/gradle/launcher/daemon/protocol/Command;.<clinit>()V> (0x00000000e9b2caf8) thrown at [./open/src/hotspot/share/prims/jni.cpp, line 1366]
Event: 1403.590 Thread 0x000001c72c07d800 Exception <a 'java/lang/NoSuchMethodError'{0x00000000e9b35998}: static Lorg/gradle/launcher/daemon/protocol/InvalidateVirtualFileSystem;.<clinit>()V> (0x00000000e9b35998) thrown at [./open/src/hotspot/share/prims/jni.cpp, line 1366]
Event: 1737.858 Thread 0x000001c72c07d800 Exception <a 'sun/nio/fs/WindowsException'{0x00000000e9105cf0}> (0x00000000e9105cf0) thrown at [./open/src/hotspot/share/prims/jni.cpp, line 611]
Event: 1737.859 Thread 0x000001c72c07d800 Exception <a 'sun/nio/fs/WindowsException'{0x00000000e9107278}> (0x00000000e9107278) thrown at [./open/src/hotspot/share/prims/jni.cpp, line 611]
Event: 1737.859 Thread 0x000001c72c07d800 Exception <a 'sun/nio/fs/WindowsException'{0x00000000e9108800}> (0x00000000e9108800) thrown at [./open/src/hotspot/share/prims/jni.cpp, line 611]
Event: 1737.860 Thread 0x000001c72c07d800 Exception <a 'sun/nio/fs/WindowsException'{0x00000000e9109d68}> (0x00000000e9109d68) thrown at [./open/src/hotspot/share/prims/jni.cpp, line 611]
Event: 1737.889 Thread 0x000001c72c07d800 Exception <a 'java/lang/ClassNotFoundException'{0x00000000e8f56d58}: build_bztpm2woglpi8mmmjjzituz34BeanInfo> (0x00000000e8f56d58) thrown at [./open/src/hotspot/share/classfile/systemDictionary.cpp, line 227]
Event: 1737.890 Thread 0x000001c72c07d800 Exception <a 'java/lang/ClassNotFoundException'{0x00000000e8f63208}: build_bztpm2woglpi8mmmjjzituz34Customizer> (0x00000000e8f63208) thrown at [./open/src/hotspot/share/classfile/systemDictionary.cpp, line 227]
Event: 1738.124 Thread 0x000001c72c07d800 Exception <a 'java/lang/NoSuchMethodError'{0x00000000e7c6ffb8}: java.lang.invoke.DirectMethodHandle$Holder.invokeSpecial(Ljava/lang/Object;Ljava/lang/Object;IILjava/lang/Object;Ljava/lang/Object;Ljava/lang/Object;)Ljava/lang/Object;> (0x00000000e7c6ffb8) 
Event: 1738.124 Thread 0x000001c72c07d800 Exception <a 'java/lang/NoSuchMethodError'{0x00000000e7c74a80}: java.lang.invoke.DelegatingMethodHandle$Holder.reinvoke_L(Ljava/lang/Object;IILjava/lang/Object;Ljava/lang/Object;Ljava/lang/Object;)Ljava/lang/Object;> (0x00000000e7c74a80) thrown at [./open

Events (10 events):
Event: 1738.127 loading class java/lang/invoke/BoundMethodHandle$Species_LIILL done
Event: 1738.128 loading class java/lang/invoke/BoundMethodHandle$Species_LIILLL
Event: 1738.128 loading class java/lang/invoke/BoundMethodHandle$Species_LIILLL done
Event: 1738.129 loading class javax/xml/xpath/XPathFactoryFinder$2
Event: 1738.129 loading class javax/xml/xpath/XPathFactoryFinder$2 done
Event: 1738.130 loading class com/sun/org/apache/xpath/internal/jaxp/XPathFactoryImpl
Event: 1738.130 loading class com/sun/org/apache/xpath/internal/jaxp/XPathFactoryImpl done
Event: 1738.130 loading class jdk/xml/internal/JdkXmlFeatures
Event: 1738.131 loading class jdk/xml/internal/JdkXmlFeatures done
Event: 1738.131 loading class jdk/xml/internal/JdkXmlFeatures$XmlFeature


Dynamic libraries:
0x00007ff732120000 - 0x00007ff73212f000 	C:\Program Files\Java\jdk-11.0.13\bin\java.exe
0x00007ffe983b0000 - 0x00007ffe985c6000 	C:\WINDOWS\SYSTEM32\ntdll.dll
0x00007ffe96410000 - 0x00007ffe964d4000 	C:\WINDOWS\System32\KERNEL32.DLL
0x00007ffe95810000 - 0x00007ffe95bb6000 	C:\WINDOWS\System32\KERNELBASE.dll
0x00007ffe95c30000 - 0x00007ffe95d41000 	C:\WINDOWS\System32\ucrtbase.dll
0x00007ffe883c0000 - 0x00007ffe883d8000 	C:\Program Files\Java\jdk-11.0.13\bin\jli.dll
0x00007ffe96110000 - 0x00007ffe961c2000 	C:\WINDOWS\System32\ADVAPI32.dll
0x00007ffe81bd0000 - 0x00007ffe81be5000 	C:\Program Files\Java\jdk-11.0.13\bin\VCRUNTIME140.dll
0x00007ffe975d0000 - 0x00007ffe97677000 	C:\WINDOWS\System32\msvcrt.dll
0x00007ffe96680000 - 0x00007ffe96728000 	C:\WINDOWS\System32\sechost.dll
0x00007ffe96050000 - 0x00007ffe96078000 	C:\WINDOWS\System32\bcrypt.dll
0x00007ffe970c0000 - 0x00007ffe971d5000 	C:\WINDOWS\System32\RPCRT4.dll
0x00007ffe97680000 - 0x00007ffe9782d000 	C:\WINDOWS\System32\USER32.dll
0x00007ffe95d50000 - 0x00007ffe95d76000 	C:\WINDOWS\System32\win32u.dll
0x00007ffe97ae0000 - 0x00007ffe97b09000 	C:\WINDOWS\System32\GDI32.dll
0x00007ffe956f0000 - 0x00007ffe95808000 	C:\WINDOWS\System32\gdi32full.dll
0x00007ffe95d80000 - 0x00007ffe95e1a000 	C:\WINDOWS\System32\msvcp_win.dll
0x00007ffe7cdc0000 - 0x00007ffe7d053000 	C:\WINDOWS\WinSxS\amd64_microsoft.windows.common-controls_6595b64144ccf1df_6.0.22621.3235_none_270f74e173860f98\COMCTL32.dll
0x00007ffe7cbd0000 - 0x00007ffe7cbda000 	C:\WINDOWS\SYSTEM32\VERSION.dll
0x00007ffe96e70000 - 0x00007ffe96ea1000 	C:\WINDOWS\System32\IMM32.DLL
0x00007ffe660c0000 - 0x00007ffe6615b000 	C:\Program Files\Java\jdk-11.0.13\bin\msvcp140.dll
0x00007ffdcc630000 - 0x00007ffdcd143000 	C:\Program Files\Java\jdk-11.0.13\bin\server\jvm.dll
0x00007ffe97ad0000 - 0x00007ffe97ad8000 	C:\WINDOWS\System32\PSAPI.DLL
0x00007ffe87a30000 - 0x00007ffe87a64000 	C:\WINDOWS\SYSTEM32\WINMM.dll
0x00007ffe91270000 - 0x00007ffe91279000 	C:\WINDOWS\SYSTEM32\WSOCK32.dll
0x00007ffe96f10000 - 0x00007ffe96f81000 	C:\WINDOWS\System32\WS2_32.dll
0x00007ffe94820000 - 0x00007ffe94838000 	C:\WINDOWS\SYSTEM32\kernel.appcore.dll
0x00007ffe91260000 - 0x00007ffe91270000 	C:\Program Files\Java\jdk-11.0.13\bin\verify.dll
0x00007ffe92990000 - 0x00007ffe92bc3000 	C:\WINDOWS\SYSTEM32\DBGHELP.DLL
0x00007ffe97240000 - 0x00007ffe975c8000 	C:\WINDOWS\System32\combase.dll
0x00007ffe97830000 - 0x00007ffe97907000 	C:\WINDOWS\System32\OLEAUT32.dll
0x00007ffe7d1b0000 - 0x00007ffe7d1e2000 	C:\WINDOWS\SYSTEM32\dbgcore.DLL
0x00007ffe96080000 - 0x00007ffe960fa000 	C:\WINDOWS\System32\bcryptPrimitives.dll
0x00007ffe81ba0000 - 0x00007ffe81bc8000 	C:\Program Files\Java\jdk-11.0.13\bin\java.dll
0x00007ffe882c0000 - 0x00007ffe882ca000 	C:\Program Files\Java\jdk-11.0.13\bin\jimage.dll
0x00007ffe80d60000 - 0x00007ffe80d6e000 	C:\Program Files\Java\jdk-11.0.13\bin\instrument.dll
0x00007ffe80f60000 - 0x00007ffe80f76000 	C:\Program Files\Java\jdk-11.0.13\bin\zip.dll
0x00007ffe97b10000 - 0x00007ffe9836c000 	C:\WINDOWS\System32\SHELL32.dll
0x00007ffe93660000 - 0x00007ffe93f58000 	C:\WINDOWS\SYSTEM32\windows.storage.dll
0x00007ffe93520000 - 0x00007ffe9365e000 	C:\WINDOWS\SYSTEM32\wintypes.dll
0x00007ffe961e0000 - 0x00007ffe962d3000 	C:\WINDOWS\System32\SHCORE.dll
0x00007ffe96eb0000 - 0x00007ffe96f0e000 	C:\WINDOWS\System32\shlwapi.dll
0x00007ffe95620000 - 0x00007ffe95646000 	C:\WINDOWS\SYSTEM32\profapi.dll
0x00007ffe80d70000 - 0x00007ffe80d89000 	C:\Program Files\Java\jdk-11.0.13\bin\net.dll
0x00007ffe8b720000 - 0x00007ffe8b857000 	C:\WINDOWS\SYSTEM32\WINHTTP.dll
0x00007ffe94ca0000 - 0x00007ffe94d09000 	C:\WINDOWS\system32\mswsock.dll
0x00007ffe80aa0000 - 0x00007ffe80ab2000 	C:\Program Files\Java\jdk-11.0.13\bin\nio.dll
0x00007ffe69a20000 - 0x00007ffe69a47000 	C:\Users\sunna\.gradle\native\c067742578af261105cb4f569cf0c3c89f3d7b1fecec35dd04571415982c5e48\windows-amd64\native-platform.dll
0x00007ffe5e560000 - 0x00007ffe5e6a4000 	C:\Users\sunna\.gradle\native\38dada09dfb8b06ba9b0570ebf7e218e3eb74d4ef43ca46872605cf95ebc2f47\windows-amd64\native-platform-file-events.dll
0x00007ffe81630000 - 0x00007ffe81639000 	C:\Program Files\Java\jdk-11.0.13\bin\management.dll
0x00007ffe80f20000 - 0x00007ffe80f2b000 	C:\Program Files\Java\jdk-11.0.13\bin\management_ext.dll
0x00007ffe94ef0000 - 0x00007ffe94f0b000 	C:\WINDOWS\SYSTEM32\CRYPTSP.dll
0x00007ffe94780000 - 0x00007ffe947b5000 	C:\WINDOWS\system32\rsaenh.dll
0x00007ffe94d90000 - 0x00007ffe94dbc000 	C:\WINDOWS\SYSTEM32\USERENV.dll
0x00007ffe94f10000 - 0x00007ffe94f1c000 	C:\WINDOWS\SYSTEM32\CRYPTBASE.dll
0x00007ffe942c0000 - 0x00007ffe942ed000 	C:\WINDOWS\SYSTEM32\IPHLPAPI.DLL
0x00007ffe962e0000 - 0x00007ffe962e9000 	C:\WINDOWS\System32\NSI.dll
0x00007ffe8b880000 - 0x00007ffe8b899000 	C:\WINDOWS\SYSTEM32\dhcpcsvc6.DLL
0x00007ffe8b8e0000 - 0x00007ffe8b8ff000 	C:\WINDOWS\SYSTEM32\dhcpcsvc.DLL
0x00007ffe942f0000 - 0x00007ffe943e9000 	C:\WINDOWS\SYSTEM32\DNSAPI.dll

dbghelp: loaded successfully - version: 4.0.5 - missing functions: none
symbol engine: initialized successfully - sym options: 0x614 - pdb path: .;C:\Program Files\Java\jdk-11.0.13\bin;C:\WINDOWS\SYSTEM32;C:\WINDOWS\WinSxS\amd64_microsoft.windows.common-controls_6595b64144ccf1df_6.0.22621.3235_none_270f74e173860f98;C:\Program Files\Java\jdk-11.0.13\bin\server;C:\Users\sunna\.gradle\native\c067742578af261105cb4f569cf0c3c89f3d7b1fecec35dd04571415982c5e48\windows-amd64;C:\Users\sunna\.gradle\native\38dada09dfb8b06ba9b0570ebf7e218e3eb74d4ef43ca46872605cf95ebc2f47\windows-amd64

VM Arguments:
jvm_args: --add-opens=java.base/java.util=ALL-UNNAMED --add-opens=java.base/java.lang=ALL-UNNAMED --add-opens=java.base/java.lang.invoke=ALL-UNNAMED --add-opens=java.prefs/java.util.prefs=ALL-UNNAMED --add-opens=java.base/java.nio.charset=ALL-UNNAMED --add-opens=java.base/java.net=ALL-UNNAMED --add-opens=java.base/java.util.concurrent.atomic=ALL-UNNAMED -XX:MaxMetaspaceSize=384m -XX:+HeapDumpOnOutOfMemoryError -Xms256m -Xmx512m -Dfile.encoding=GBK -Duser.country=KR -Duser.language=ko -Duser.variant -javaagent:C:\Users\sunna\.gradle\wrapper\dists\gradle-8.5-bin\5t9huq95ubn472n8rpzujfbqh\gradle-8.5\lib\agents\gradle-instrumentation-agent-8.5.jar 
java_command: org.gradle.launcher.daemon.bootstrap.GradleDaemon 8.5
java_class_path (initial): C:\Users\sunna\.gradle\wrapper\dists\gradle-8.5-bin\5t9huq95ubn472n8rpzujfbqh\gradle-8.5\lib\gradle-launcher-8.5.jar
Launcher Type: SUN_STANDARD

[Global flags]
     intx CICompilerCount                          = 4                                         {product} {ergonomic}
   size_t CompressedClassSpaceSize                 = 394264576                                 {product} {ergonomic}
     uint ConcGCThreads                            = 2                                         {product} {ergonomic}
     uint G1ConcRefinementThreads                  = 8                                         {product} {ergonomic}
   size_t G1HeapRegionSize                         = 1048576                                   {product} {ergonomic}
    uintx GCDrainStackTargetSize                   = 64                                        {product} {ergonomic}
     bool HeapDumpOnOutOfMemoryError               = true                                   {manageable} {command line}
   size_t InitialHeapSize                          = 268435456                                 {product} {command line}
   size_t MarkStackSize                            = 4194304                                   {product} {ergonomic}
   size_t MaxHeapSize                              = 536870912                                 {product} {command line}
   size_t MaxMetaspaceSize                         = 402653184                                 {product} {command line}
   size_t MaxNewSize                               = 321912832                                 {product} {ergonomic}
   size_t MinHeapDeltaBytes                        = 1048576                                   {product} {ergonomic}
    uintx NonNMethodCodeHeapSize                   = 5836300                                {pd product} {ergonomic}
    uintx NonProfiledCodeHeapSize                  = 122910970                              {pd product} {ergonomic}
    uintx ProfiledCodeHeapSize                     = 122910970                              {pd product} {ergonomic}
    uintx ReservedCodeCacheSize                    = 251658240                              {pd product} {ergonomic}
     bool SegmentedCodeCache                       = true                                      {product} {ergonomic}
     bool UseCompressedClassPointers               = true                                 {lp64_product} {ergonomic}
     bool UseCompressedOops                        = true                                 {lp64_product} {ergonomic}
     bool UseG1GC                                  = true                                      {product} {ergonomic}
     bool UseLargePagesIndividualAllocation        = false                                  {pd product} {ergonomic}

Logging:
Log output configuration:
 #0: stdout all=warning uptime,level,tags
 #1: stderr all=off uptime,level,tags

Environment Variables:
JAVA_HOME=C:\Program Files\Java\jdk-11.0.13
CLASSPATH=C:\Users\sunna\IdeaProjects\web\\gradle\wrapper\gradle-wrapper.jar
PATH=C:\Program Files (x86)\Common Files\Oracle\Java\javapath;D:\oraclexe\app\oracle\product\11.2.0\server\bin;C:\WINDOWS\system32;C:\WINDOWS;C:\WINDOWS\System32\Wbem;C:\WINDOWS\System32\WindowsPowerShell\v1.0\;C:\Windows\System32\OpenSSH;C:\Python;C:\Python\Scripts;C:\Users\sunna\anaconda3;C:\Program Files\Bandizip\;D:\Ruby30-x64\bin;C:\Users\sunna\AppData\Local\Microsoft\WindowsApps;C:\Users\sunna\AppData\Roaming\npm;D:\Users\sunna\AppData\Local\Programs\Microsoft VS Code\bin;D:\Program Files\heroku\bin;D:\Program Files\JetBrains\IntelliJ IDEA Community Edition 2022.2.1\bin;D:\Program Files\JetBrains\Intel;C:\Users\sunna\anaconda3\Library\bin;C:\Program Files\MySQL\MySQL Server 8.0\bin;C:\WINDOWS\system32;C:\WINDOWS;C:\WINDOWS\System32\Wbem;C:\WINDOWS\System32\WindowsPowerShell\v1.0\;C:\WINDOWS\System32\OpenSSH\;D:\Program Files\MySQL\MySQL Server 8.0\bin;C:\ProgramData\chocolatey\bin;D:\Program Files\Git\cmd;D:\Program Files\Amazon\AWSCLIV2\;C:\Users\sunna\OneDrive\Desktop\apache-maven-3.9.4\bin;C:\Program Files\Java\jdk-11.0.13\bin;C:\Program Files (x86)\NetSarang\Xshell 7\;C:\Program Files\Vagrant\bin;C:\Program Files\dotnet\;C:\Users\sunna\AppData\Local\Microsoft\WindowsApps;D:\Users\sunna\AppData\Local\Programs\Microsoft VS Code\bin;D:\Program Files\heroku\bin;D:\Program Files\JetBrains\IntelliJ IDEA Community Edition 2022.2.1\bin;D:\Program Files\JetBrains\IntelliJ IDEA 2022.2.1\bin;C:\Users\sunna\AppData\Local\gitkraken\bin;C:\ProgramData\sunna\gitkraken\bin;D:\Program Files\JetBrains\IntelliJ IDEA 2023.2.5\bin;;C:\Users\sunna\AppData\Local\Microsoft\WindowsApps;C:\MinGW\bin;;D:\Program Files\JetBrains\PyCharm 2023.1.2\bin;
USERNAME=sunna
OS=Windows_NT
PROCESSOR_IDENTIFIER=Intel64 Family 6 Model 140 Stepping 1, GenuineIntel



---------------  S Y S T E M  ---------------

OS: Windows 10 , 64 bit Build 22621 (10.0.22621.3235)

CPU:total 8 (initial active 8) (4 cores per cpu, 2 threads per core) family 6 model 140 stepping 1 microcode 0x9a, cmov, cx8, fxsr, mmx, sse, sse2, sse3, ssse3, sse4.1, sse4.2, popcnt, avx, avx2, aes, clmul, erms, 3dnowpref, lzcnt, ht, tsc, tscinvbit, bmi1, bmi2, adx, evex, sha, fma

Memory: 4k page, system-wide physical 16057M (1463M free)
TotalPageFile size 18105M (AvailPageFile size 6M)
current process WorkingSet (physical memory assigned to process): 359M, peak: 369M
current process commit charge ("private bytes"): 487M, peak: 497M

vm_info: Java HotSpot(TM) 64-Bit Server VM (11.0.13+10-LTS-370) for windows-amd64 JRE (11.0.13+10-LTS-370), built on Sep 15 2021 22:10:36 by "mach5one" with MS VC++ 15.9 (VS2017)

END.
